{
  "stats": {
    "suites": 0,
    "tests": 1,
    "passes": 1,
    "pending": 0,
    "failures": 0,
    "start": "2023-04-28T06:34:31.883Z",
    "end": "2023-04-28T06:34:53.269Z",
    "duration": 21386,
    "testsRegistered": 1,
    "passPercent": 100,
    "pendingPercent": 0,
    "other": 0,
    "hasOther": false,
    "skipped": 0,
    "hasSkipped": false
  },
  "results": [
    {
      "uuid": "3975d641-e92e-41b6-ac39-9b1719c44a62",
      "title": "",
      "fullFile": "cypress\\e2e\\WebSoft\\Learning_testing_management\\Learning_management\\Portal_course_page.cy.js",
      "file": "cypress\\e2e\\WebSoft\\Learning_testing_management\\Learning_management\\Portal_course_page.cy.js",
      "beforeHooks": [],
      "afterHooks": [],
      "tests": [
        {
          "title": "Переход на страницу курса",
          "fullTitle": "Переход на страницу курса",
          "timedOut": null,
          "duration": 21138,
          "state": "passed",
          "speed": "slow",
          "pass": true,
          "fail": false,
          "pending": false,
          "context": null,
          "code": "menuItems.openEducationPage();\nmainCommands.openWidgetLearningModule('Все электронные курсы');\nlearningManagementCommands.openAllCourses();\nlearningManagementCommands.openCoursePage('Навыки аргументации');\nmainCommands.findHeader('Навыки аргументации', 'WT_0x6372025B4AE262CF');",
          "err": {},
          "uuid": "208c1722-a39f-4f9f-9a2f-027d6fdb1da4",
          "parentUUID": "3975d641-e92e-41b6-ac39-9b1719c44a62",
          "isHook": false,
          "skipped": false
        }
      ],
      "suites": [],
      "passes": [
        "208c1722-a39f-4f9f-9a2f-027d6fdb1da4"
      ],
      "failures": [],
      "pending": [],
      "skipped": [],
      "duration": 21138,
      "root": true,
      "rootEmpty": false,
      "_timeout": 2000
    }
  ],
  "meta": {
    "mocha": {
      "version": "7.0.1"
    },
    "mochawesome": {
      "options": {
        "quiet": false,
        "reportFilename": "mochawesome",
        "saveHtml": false,
        "saveJson": true,
        "consoleReporter": "spec",
        "useInlineDiffs": false,
        "code": true
      },
      "version": "7.1.3"
    },
    "marge": {
      "options": {
        "charts": true,
        "overwrite": false,
        "html": false,
        "json": true,
        "reportDir": "cypress/reports"
      },
      "version": "6.2.0"
    }
  }
}