{
  "stats": {
    "suites": 0,
    "tests": 1,
    "passes": 1,
    "pending": 0,
    "failures": 0,
    "start": "2023-05-02T08:10:20.553Z",
    "end": "2023-05-02T08:10:49.101Z",
    "duration": 28548,
    "testsRegistered": 1,
    "passPercent": 100,
    "pendingPercent": 0,
    "other": 0,
    "hasOther": false,
    "skipped": 0,
    "hasSkipped": false
  },
  "results": [
    {
      "uuid": "3189e9eb-19e5-4dc6-a3da-b2622d6b4085",
      "title": "",
      "fullFile": "cypress\\e2e\\WebSoft\\Learning_testing_management\\Testing_management\\Portal_open_test_page.cy.js",
      "file": "cypress\\e2e\\WebSoft\\Learning_testing_management\\Testing_management\\Portal_open_test_page.cy.js",
      "beforeHooks": [],
      "afterHooks": [],
      "tests": [
        {
          "title": "Переход на страницу теста",
          "fullTitle": "Переход на страницу теста",
          "timedOut": null,
          "duration": 28438,
          "state": "passed",
          "speed": "slow",
          "pass": true,
          "fail": false,
          "pending": false,
          "context": null,
          "code": "login.loginUser('spec', 'tator');\nmainCommands.openMenuItemPage('Обучение', 'WT_0x60C1FDC25AC90F53', '/education');\nmainCommands.openWidgetLearningModule('Все тесты');\ntestingManagementCommands.openAllTests();\ntestingManagementCommands.openTestPage('_Занимательная география_cypress');\nmainCommands.findHeader('_Занимательная география_cypress', 'WT_0x637B492967441AAB');",
          "err": {},
          "uuid": "1a62c2bd-3e77-4c19-aff8-5fd82bb7d82c",
          "parentUUID": "3189e9eb-19e5-4dc6-a3da-b2622d6b4085",
          "isHook": false,
          "skipped": false
        }
      ],
      "suites": [],
      "passes": [
        "1a62c2bd-3e77-4c19-aff8-5fd82bb7d82c"
      ],
      "failures": [],
      "pending": [],
      "skipped": [],
      "duration": 28438,
      "root": true,
      "rootEmpty": false,
      "_timeout": 2000
    }
  ],
  "meta": {
    "mocha": {
      "version": "7.0.1"
    },
    "mochawesome": {
      "options": {
        "quiet": false,
        "reportFilename": "mochawesome",
        "saveHtml": false,
        "saveJson": true,
        "consoleReporter": "spec",
        "useInlineDiffs": false,
        "code": true
      },
      "version": "7.1.3"
    },
    "marge": {
      "options": {
        "charts": true,
        "overwrite": false,
        "html": false,
        "json": true,
        "reportDir": "cypress/reports"
      },
      "version": "6.2.0"
    }
  }
}