{
  "stats": {
    "suites": 0,
    "tests": 2,
    "passes": 2,
    "pending": 0,
    "failures": 0,
    "start": "2023-04-28T06:39:57.891Z",
    "end": "2023-04-28T06:40:37.704Z",
    "duration": 39813,
    "testsRegistered": 2,
    "passPercent": 100,
    "pendingPercent": 0,
    "other": 0,
    "hasOther": false,
    "skipped": 0,
    "hasSkipped": false
  },
  "results": [
    {
      "uuid": "0175a7cb-eedd-40dd-8dce-8fe76441ddfa",
      "title": "",
      "fullFile": "cypress\\e2e\\WebSoft\\Learning_testing_management\\Learning_management\\Portal_self-appointed_course.cy.js",
      "file": "cypress\\e2e\\WebSoft\\Learning_testing_management\\Learning_management\\Portal_self-appointed_course.cy.js",
      "beforeHooks": [],
      "afterHooks": [],
      "tests": [
        {
          "title": "Самоназначение курса",
          "fullTitle": "Самоназначение курса",
          "timedOut": null,
          "duration": 25029,
          "state": "passed",
          "speed": "slow",
          "pass": true,
          "fail": false,
          "pending": false,
          "context": null,
          "code": "menuItems.openEducationPage();\nmainCommands.openWidgetLearningModule('Все электронные курсы');\nlearningManagementCommands.openAllCourses();\nlearningManagementCommands.openCoursePage('Методы планирования');\nmainCommands.checkButton('Начать');\nlearningManagementCommands.openCourse('Начать');\ncy.wait(5000);",
          "err": {},
          "uuid": "ee1d0577-ff80-4e3b-ac56-dc51d682be40",
          "parentUUID": "0175a7cb-eedd-40dd-8dce-8fe76441ddfa",
          "isHook": false,
          "skipped": false
        },
        {
          "title": "Проверка статуса назначен",
          "fullTitle": "Проверка статуса назначен",
          "timedOut": null,
          "duration": 14469,
          "state": "passed",
          "speed": "slow",
          "pass": true,
          "fail": false,
          "pending": false,
          "context": null,
          "code": "menuItems.openEducationPage();\nmainCommands.openWidgetLearningModule('Все электронные курсы');\nlearningManagementCommands.openAllCourses();\nlearningManagementCommands.openCoursePage('Методы планирования');\nlearningManagementCommands.checkCourseStatus('Назначен');",
          "err": {},
          "uuid": "36314c12-7cf4-4468-9b5b-9bbe7263bf67",
          "parentUUID": "0175a7cb-eedd-40dd-8dce-8fe76441ddfa",
          "isHook": false,
          "skipped": false
        }
      ],
      "suites": [],
      "passes": [
        "ee1d0577-ff80-4e3b-ac56-dc51d682be40",
        "36314c12-7cf4-4468-9b5b-9bbe7263bf67"
      ],
      "failures": [],
      "pending": [],
      "skipped": [],
      "duration": 39498,
      "root": true,
      "rootEmpty": false,
      "_timeout": 2000
    }
  ],
  "meta": {
    "mocha": {
      "version": "7.0.1"
    },
    "mochawesome": {
      "options": {
        "quiet": false,
        "reportFilename": "mochawesome",
        "saveHtml": false,
        "saveJson": true,
        "consoleReporter": "spec",
        "useInlineDiffs": false,
        "code": true
      },
      "version": "7.1.3"
    },
    "marge": {
      "options": {
        "charts": true,
        "overwrite": false,
        "html": false,
        "json": true,
        "reportDir": "cypress/reports"
      },
      "version": "6.2.0"
    }
  }
}