{
  "stats": {
    "suites": 1,
    "tests": 1,
    "passes": 1,
    "pending": 0,
    "failures": 0,
    "start": "2023-02-10T16:37:06.615Z",
    "end": "2023-02-10T16:37:13.444Z",
    "duration": 6829,
    "testsRegistered": 1,
    "passPercent": 100,
    "pendingPercent": 0,
    "other": 0,
    "hasOther": false,
    "skipped": 0,
    "hasSkipped": false
  },
  "results": [
    {
      "uuid": "cc56fc04-a7d4-4700-ab2a-7f87a366299e",
      "title": "",
      "fullFile": "cypress\\e2e\\testing_tests\\window.cy.js",
      "file": "cypress\\e2e\\testing_tests\\window.cy.js",
      "beforeHooks": [],
      "afterHooks": [],
      "tests": [],
      "suites": [
        {
          "uuid": "e28c1baf-70bf-42ce-bbc3-525808152233",
          "title": "Tutorialspoint Test",
          "fullFile": "",
          "file": "",
          "beforeHooks": [],
          "afterHooks": [],
          "tests": [
            {
              "title": "Scenario 1",
              "fullTitle": "Tutorialspoint Test Scenario 1",
              "timedOut": null,
              "duration": 2298,
              "state": "passed",
              "speed": "fast",
              "pass": true,
              "fail": false,
              "pending": false,
              "context": null,
              "code": "//URL launch\ncy.visit(\"https://the-internet.herokuapp.com/javascript_alerts\"); //handling prompt alert\ncy.window().then(function (p) {\n  //stubbing prompt window\n  cy.stub(p, \"prompt\").returns(\"Tutorialspoint\"); // click on Click for JS Prompt button\n  cy.get(':nth-child(3) > button').click(); // verify application message on clicking on OK\n  cy.get('#result').contains('You entered: Tutorialspoint');\n});",
              "err": {},
              "uuid": "31cec7ab-937f-417b-8432-77a0fdd00e13",
              "parentUUID": "e28c1baf-70bf-42ce-bbc3-525808152233",
              "isHook": false,
              "skipped": false
            }
          ],
          "suites": [],
          "passes": [
            "31cec7ab-937f-417b-8432-77a0fdd00e13"
          ],
          "failures": [],
          "pending": [],
          "skipped": [],
          "duration": 2298,
          "root": false,
          "rootEmpty": false,
          "_timeout": 2000
        }
      ],
      "passes": [],
      "failures": [],
      "pending": [],
      "skipped": [],
      "duration": 0,
      "root": true,
      "rootEmpty": true,
      "_timeout": 2000
    }
  ],
  "meta": {
    "mocha": {
      "version": "7.0.1"
    },
    "mochawesome": {
      "options": {
        "quiet": false,
        "reportFilename": "mochawesome",
        "saveHtml": false,
        "saveJson": true,
        "consoleReporter": "spec",
        "useInlineDiffs": false,
        "code": true
      },
      "version": "7.1.3"
    },
    "marge": {
      "options": {
        "charts": true,
        "overwrite": false,
        "html": false,
        "json": true,
        "reportDir": "cypress/reports"
      },
      "version": "6.2.0"
    }
  }
}