{
  "stats": {
    "suites": 0,
    "tests": 3,
    "passes": 3,
    "pending": 0,
    "failures": 0,
    "start": "2023-04-28T09:36:19.152Z",
    "end": "2023-04-28T09:37:29.744Z",
    "duration": 70592,
    "testsRegistered": 3,
    "passPercent": 100,
    "pendingPercent": 0,
    "other": 0,
    "hasOther": false,
    "skipped": 0,
    "hasSkipped": false
  },
  "results": [
    {
      "uuid": "acc620d3-eb36-4c50-8e2d-f96a1bfdd558",
      "title": "",
      "fullFile": "cypress\\e2e\\WebSoft\\Learning_testing_management\\Learning_management\\Portal_course_completion.cy.js",
      "file": "cypress\\e2e\\WebSoft\\Learning_testing_management\\Learning_management\\Portal_course_completion.cy.js",
      "beforeHooks": [],
      "afterHooks": [],
      "tests": [
        {
          "title": "Открытие и прохождение курса",
          "fullTitle": "Открытие и прохождение курса",
          "timedOut": null,
          "duration": 46403,
          "state": "passed",
          "speed": "slow",
          "pass": true,
          "fail": false,
          "pending": false,
          "context": null,
          "code": "mainCommands.interceptChangeObjectUrl('**/TEMP/*/**');\nlogin.loginUser('TA', 'TA');\nmenuItems.openEducationPage();\nmainCommands.openWidgetLearningModule('Все электронные курсы');\nlearningManagementCommands.openAllCourses();\nlearningManagementCommands.openCoursePage('rise | scorm 2004-4 | slides + finish-button | passed/incomplete');\nmainCommands.checkButton('Начать');\nlearningManagementCommands.completeCourse();",
          "err": {},
          "uuid": "e23b9d51-d30e-4637-80e2-9e8ee9b2510b",
          "parentUUID": "acc620d3-eb36-4c50-8e2d-f96a1bfdd558",
          "isHook": false,
          "skipped": false
        },
        {
          "title": "Проверка статуса завершен",
          "fullTitle": "Проверка статуса завершен",
          "timedOut": null,
          "duration": 12503,
          "state": "passed",
          "speed": "slow",
          "pass": true,
          "fail": false,
          "pending": false,
          "context": null,
          "code": "login.loginUser('TA', 'TA');\nmenuItems.openEducationPage();\nmainCommands.openWidgetLearningModule('Все электронные курсы');\nlearningManagementCommands.openAllCourses();\nlearningManagementCommands.openCoursePage('rise | scorm 2004-4 | slides + finish-button | passed/incomplete');\nmainCommands.findHeader('Завершен', 'WT_0x637206A63E64741F');",
          "err": {},
          "uuid": "5a840b85-42e1-43a9-aba1-bdb662f917c9",
          "parentUUID": "acc620d3-eb36-4c50-8e2d-f96a1bfdd558",
          "isHook": false,
          "skipped": false
        },
        {
          "title": "Проверка баллов",
          "fullTitle": "Проверка баллов",
          "timedOut": null,
          "duration": 11450,
          "state": "passed",
          "speed": "slow",
          "pass": true,
          "fail": false,
          "pending": false,
          "context": null,
          "code": "login.loginUser('TA', 'TA');\nmenuItems.openEducationPage();\nmainCommands.openWidgetLearningModule('Все электронные курсы');\nlearningManagementCommands.openAllCourses();\nlearningManagementCommands.openCoursePage('rise | scorm 2004-4 | slides + finish-button | passed/incomplete');\nmainCommands.findHeader('0', 'WT_0x637206AE54985ECB');",
          "err": {},
          "uuid": "f0c42be9-cb11-42f5-8d58-389920bfd445",
          "parentUUID": "acc620d3-eb36-4c50-8e2d-f96a1bfdd558",
          "isHook": false,
          "skipped": false
        }
      ],
      "suites": [],
      "passes": [
        "e23b9d51-d30e-4637-80e2-9e8ee9b2510b",
        "5a840b85-42e1-43a9-aba1-bdb662f917c9",
        "f0c42be9-cb11-42f5-8d58-389920bfd445"
      ],
      "failures": [],
      "pending": [],
      "skipped": [],
      "duration": 70356,
      "root": true,
      "rootEmpty": false,
      "_timeout": 2000
    }
  ],
  "meta": {
    "mocha": {
      "version": "7.0.1"
    },
    "mochawesome": {
      "options": {
        "quiet": false,
        "reportFilename": "mochawesome",
        "saveHtml": false,
        "saveJson": true,
        "consoleReporter": "spec",
        "useInlineDiffs": false,
        "code": true
      },
      "version": "7.1.3"
    },
    "marge": {
      "options": {
        "charts": true,
        "overwrite": false,
        "html": false,
        "json": true,
        "reportDir": "cypress/reports"
      },
      "version": "6.2.0"
    }
  }
}