{
  "stats": {
    "suites": 0,
    "tests": 1,
    "passes": 1,
    "pending": 0,
    "failures": 0,
    "start": "2023-05-02T07:57:20.238Z",
    "end": "2023-05-02T07:57:36.379Z",
    "duration": 16141,
    "testsRegistered": 1,
    "passPercent": 100,
    "pendingPercent": 0,
    "other": 0,
    "hasOther": false,
    "skipped": 0,
    "hasSkipped": false
  },
  "results": [
    {
      "uuid": "b3dd84ef-e2c8-4cd5-8a10-381c8b56bbdc",
      "title": "",
      "fullFile": "cypress\\e2e\\WebSoft\\Learning_testing_management\\Learning_management\\Portal_course_page.cy.js",
      "file": "cypress\\e2e\\WebSoft\\Learning_testing_management\\Learning_management\\Portal_course_page.cy.js",
      "beforeHooks": [],
      "afterHooks": [],
      "tests": [
        {
          "title": "Переход на страницу курса",
          "fullTitle": "Переход на страницу курса",
          "timedOut": null,
          "duration": 16028,
          "state": "passed",
          "speed": "slow",
          "pass": true,
          "fail": false,
          "pending": false,
          "context": null,
          "code": "mainCommands.openMenuItemPage('Обучение', 'WT_0x60C1FDC25AC90F53', '/education');\nmainCommands.openWidgetLearningModule('Все электронные курсы');\nlearningManagementCommands.openAllCourses();\nlearningManagementCommands.openCoursePage('Навыки аргументации');\nmainCommands.findHeader('Навыки аргументации', 'WT_0x6372025B4AE262CF');",
          "err": {},
          "uuid": "7d525781-aa96-4dd3-931b-406849492c60",
          "parentUUID": "b3dd84ef-e2c8-4cd5-8a10-381c8b56bbdc",
          "isHook": false,
          "skipped": false
        }
      ],
      "suites": [],
      "passes": [
        "7d525781-aa96-4dd3-931b-406849492c60"
      ],
      "failures": [],
      "pending": [],
      "skipped": [],
      "duration": 16028,
      "root": true,
      "rootEmpty": false,
      "_timeout": 2000
    }
  ],
  "meta": {
    "mocha": {
      "version": "7.0.1"
    },
    "mochawesome": {
      "options": {
        "quiet": false,
        "reportFilename": "mochawesome",
        "saveHtml": false,
        "saveJson": true,
        "consoleReporter": "spec",
        "useInlineDiffs": false,
        "code": true
      },
      "version": "7.1.3"
    },
    "marge": {
      "options": {
        "charts": true,
        "overwrite": false,
        "html": false,
        "json": true,
        "reportDir": "cypress/reports"
      },
      "version": "6.2.0"
    }
  }
}