{
  "stats": {
    "suites": 0,
    "tests": 3,
    "passes": 3,
    "pending": 0,
    "failures": 0,
    "start": "2023-04-27T14:45:30.808Z",
    "end": "2023-04-27T14:46:39.951Z",
    "duration": 69143,
    "testsRegistered": 3,
    "passPercent": 100,
    "pendingPercent": 0,
    "other": 0,
    "hasOther": false,
    "skipped": 0,
    "hasSkipped": false
  },
  "results": [
    {
      "uuid": "9bec303f-81c7-4d19-a1d8-18bcbacca2b2",
      "title": "",
      "fullFile": "cypress\\e2e\\WebSoft\\Learning_testing_management\\Learning_management\\1Portal_apply_approve_course.cy.js",
      "file": "cypress\\e2e\\WebSoft\\Learning_testing_management\\Learning_management\\1Portal_apply_approve_course.cy.js",
      "beforeHooks": [],
      "afterHooks": [],
      "tests": [
        {
          "title": "Подача индивидуальной заявки на курс",
          "fullTitle": "Подача индивидуальной заявки на курс",
          "timedOut": null,
          "duration": 49539,
          "state": "passed",
          "speed": "slow",
          "pass": true,
          "fail": false,
          "pending": false,
          "context": null,
          "code": "login.loginUser('TA', 'TA');\nmainCommands.openPersonalArea('АннаТитова');\nmainCommands.openPersonalAreaTab('WT_0x60B893A903726D0D', 'Документы', '/requests');\nlearningManagementCommands.chooseTypeOfApplication('WT_0x61E57E003B4A30CC', 'Заявка на активацию электронного курса');\nlearningManagementCommands.chooseCourseInApplication('Выберите элемент', '[class=\"wt-x-show-dialog-frame\"]', 'Инициатива и ответственность');\nlearningManagementCommands.chooseObjectInApllication('[class=\"wt-lp-dialog-fld\"]', 1, 'click', '[class=\"ui-selectmenu-menu ui-front ui-selectmenu-open\"]', 'индивидуальная', '[class=\"ui-selectmenu-button ui-button ui-widget ui-selectmenu-button-closed ui-corner-all\"]');\nmainCommands.clickButtonWindow('OK');\nmainCommands.checkWindowText('[class=\"ui-dialog wt-lp-main-info ui-widget ui-widget-content ui-front ui-dialog-buttons wt-lp-wrapper-dialog\"]', 'Заявка успешно создана');",
          "err": {},
          "uuid": "dba4fd67-f71e-4b76-b88c-94d73ff63d31",
          "parentUUID": "9bec303f-81c7-4d19-a1d8-18bcbacca2b2",
          "isHook": false,
          "skipped": false
        },
        {
          "title": "Отображение заявки",
          "fullTitle": "Отображение заявки",
          "timedOut": null,
          "duration": 13759,
          "state": "passed",
          "speed": "slow",
          "pass": true,
          "fail": false,
          "pending": false,
          "context": null,
          "code": "//учитывается условие с исправленным ДО')\nlogin.loginUser('ON', 'ON');\nmainCommands.openPersonalArea('НикитаОзеров');\nmainCommands.openPersonalAreaTab('WT_0x60B893A903726D0D', 'Документы', '/requests');\nlearningManagementCommands.openApllicationsInDocuments('WT_0x6048CAA95BCD401D', 'Заявки на согласование');\nlearningManagementCommands.chooseApplication('WT_0x6048CCDB387D3E71', 'Инициатива и ответственность');\nmainCommands.findHeader('Инициатива и ответственность', 'WT_0x637CAC0B4E161AD0');\nmainCommands.clickButtonHeader('WT_0x637CAD20342B596B', 'Согласовать заявку');\nmainCommands.clickButtonWindow('Сохранить');",
          "err": {},
          "uuid": "3e8366b0-b6b4-4dce-9b1d-cf218d2457ed",
          "parentUUID": "9bec303f-81c7-4d19-a1d8-18bcbacca2b2",
          "isHook": false,
          "skipped": false
        },
        {
          "title": "Проверка курса у сотрудника",
          "fullTitle": "Проверка курса у сотрудника",
          "timedOut": null,
          "duration": 5338,
          "state": "passed",
          "speed": "medium",
          "pass": true,
          "fail": false,
          "pending": false,
          "context": null,
          "code": "login.loginUser('TA', 'TA');\nmainCommands.openPersonalArea('АннаТитова');\nmainCommands.checkObjectCardInWidget('Инициатива и ответственность', 'WT_0x60B79AB3287C4E50');",
          "err": {},
          "uuid": "a7444d46-9477-4aa7-b562-543eb4eacc1d",
          "parentUUID": "9bec303f-81c7-4d19-a1d8-18bcbacca2b2",
          "isHook": false,
          "skipped": false
        }
      ],
      "suites": [],
      "passes": [
        "dba4fd67-f71e-4b76-b88c-94d73ff63d31",
        "3e8366b0-b6b4-4dce-9b1d-cf218d2457ed",
        "a7444d46-9477-4aa7-b562-543eb4eacc1d"
      ],
      "failures": [],
      "pending": [],
      "skipped": [],
      "duration": 68636,
      "root": true,
      "rootEmpty": false,
      "_timeout": 2000
    }
  ],
  "meta": {
    "mocha": {
      "version": "7.0.1"
    },
    "mochawesome": {
      "options": {
        "quiet": false,
        "reportFilename": "mochawesome",
        "saveHtml": false,
        "saveJson": true,
        "consoleReporter": "spec",
        "useInlineDiffs": false,
        "code": true
      },
      "version": "7.1.3"
    },
    "marge": {
      "options": {
        "charts": true,
        "overwrite": false,
        "html": false,
        "json": true,
        "reportDir": "cypress/reports"
      },
      "version": "6.2.0"
    }
  }
}