{
  "stats": {
    "suites": 0,
    "tests": 3,
    "passes": 3,
    "pending": 0,
    "failures": 0,
    "start": "2023-04-28T14:41:01.219Z",
    "end": "2023-04-28T14:41:55.269Z",
    "duration": 54050,
    "testsRegistered": 3,
    "passPercent": 100,
    "pendingPercent": 0,
    "other": 0,
    "hasOther": false,
    "skipped": 0,
    "hasSkipped": false
  },
  "results": [
    {
      "uuid": "86f62b0e-148f-4f48-a3d5-56ac8669233d",
      "title": "",
      "fullFile": "cypress\\e2e\\WebSoft\\Learning_testing_management\\Testing_management\\Portal_open_test_check_button_start.cy.js",
      "file": "cypress\\e2e\\WebSoft\\Learning_testing_management\\Testing_management\\Portal_open_test_check_button_start.cy.js",
      "beforeHooks": [],
      "afterHooks": [],
      "tests": [
        {
          "title": "Проверка кнопки начать в карточке теста",
          "fullTitle": "Проверка кнопки начать в карточке теста",
          "timedOut": null,
          "duration": 25915,
          "state": "passed",
          "speed": "slow",
          "pass": true,
          "fail": false,
          "pending": false,
          "context": null,
          "code": "menuItems.openEducationPage();\nmainCommands.openWidgetLearningModule('Все тесты');\ntestingManagementCommands.openAllTests();\ntestingManagementCommands.openTestPage('Занимательная география');\nmainCommands.checkButton('Начать');",
          "err": {},
          "uuid": "b0bec234-1173-436b-af34-e613cac196b0",
          "parentUUID": "86f62b0e-148f-4f48-a3d5-56ac8669233d",
          "isHook": false,
          "skipped": false
        },
        {
          "title": "Запуск теста",
          "fullTitle": "Запуск теста",
          "timedOut": null,
          "duration": 14488,
          "state": "passed",
          "speed": "slow",
          "pass": true,
          "fail": false,
          "pending": false,
          "context": null,
          "code": "menuItems.openEducationPage();\nmainCommands.openWidgetLearningModule('Все тесты');\ntestingManagementCommands.openAllTests();\ntestingManagementCommands.openTestPage('Занимательная география');\ntestingManagementCommands.openTestPlayer('Начать');",
          "err": {},
          "uuid": "c115b95f-af22-40bc-a913-078c9f37a15f",
          "parentUUID": "86f62b0e-148f-4f48-a3d5-56ac8669233d",
          "isHook": false,
          "skipped": false
        },
        {
          "title": "Проверка факта назначения",
          "fullTitle": "Проверка факта назначения",
          "timedOut": null,
          "duration": 13514,
          "state": "passed",
          "speed": "slow",
          "pass": true,
          "fail": false,
          "pending": false,
          "context": null,
          "code": "menuItems.openEducationPage();\nmainCommands.openWidgetLearningModule('Все тесты');\ntestingManagementCommands.openAllTests();\ntestingManagementCommands.openTestPage('Занимательная география');\nmainCommands.findHeader('Назначен', 'WT_0x637B77422CF629BF');",
          "err": {},
          "uuid": "21c55a3e-db36-46b2-8c80-115481e6cdfd",
          "parentUUID": "86f62b0e-148f-4f48-a3d5-56ac8669233d",
          "isHook": false,
          "skipped": false
        }
      ],
      "suites": [],
      "passes": [
        "b0bec234-1173-436b-af34-e613cac196b0",
        "c115b95f-af22-40bc-a913-078c9f37a15f",
        "21c55a3e-db36-46b2-8c80-115481e6cdfd"
      ],
      "failures": [],
      "pending": [],
      "skipped": [],
      "duration": 53917,
      "root": true,
      "rootEmpty": false,
      "_timeout": 2000
    }
  ],
  "meta": {
    "mocha": {
      "version": "7.0.1"
    },
    "mochawesome": {
      "options": {
        "quiet": false,
        "reportFilename": "mochawesome",
        "saveHtml": false,
        "saveJson": true,
        "consoleReporter": "spec",
        "useInlineDiffs": false,
        "code": true
      },
      "version": "7.1.3"
    },
    "marge": {
      "options": {
        "charts": true,
        "overwrite": false,
        "html": false,
        "json": true,
        "reportDir": "cypress/reports"
      },
      "version": "6.2.0"
    }
  }
}