{
  "stats": {
    "suites": 0,
    "tests": 3,
    "passes": 0,
    "pending": 0,
    "failures": 3,
    "start": "2023-02-15T16:16:21.600Z",
    "end": "2023-02-15T16:18:29.503Z",
    "duration": 127903,
    "testsRegistered": 3,
    "passPercent": 0,
    "pendingPercent": 0,
    "other": 0,
    "hasOther": false,
    "skipped": 0,
    "hasSkipped": false
  },
  "results": [
    {
      "uuid": "a787d628-010a-4ccf-9eed-db9eb41702d4",
      "title": "",
      "fullFile": "cypress\\e2e\\WebSoft\\Управление обучением и тестированием\\Управление обучением\\Portal_apply_approve.cy.js",
      "file": "cypress\\e2e\\WebSoft\\Управление обучением и тестированием\\Управление обучением\\Portal_apply_approve.cy.js",
      "beforeHooks": [],
      "afterHooks": [],
      "tests": [
        {
          "title": "Подача заявки",
          "fullTitle": "Подача заявки",
          "timedOut": null,
          "duration": 42554,
          "state": "failed",
          "speed": null,
          "pass": false,
          "fail": true,
          "pending": false,
          "context": null,
          "code": "login.loginUser('BT', 'BT');\ncy.contains('ТатьянаБелоусова').click();\ncy.xpath('//*[@id=\"WT_0x60B893A903726D0D\"]/div[2]/ul/li[8]').click();\ncy.xpath('//*[@id=\"WT_0x61E57E003B4A30CC\"]/div[2]/div[2]/ul/li[2]/div[2]/div[2]/div[2]/div/a/div').click();\ncy.contains('Выберите элемент').click();\ncy.wait(20000);\nconst iframe = cy.get('[class=\"wt-x-show-dialog-frame\"]') //функция фрейма для взаимодействия с элементами внутри окна\n.its('0.contentDocument.body').should('be.visible').then(cy.wrap);\niframe.contains('Инициатива и ответственность').click();\niframe.xpath('//*[@id=\"ext-element-20\"]').click();\ncy.wait(10000);\ncy.xpath('//*[@id=\"wt-body\"]/div[8]/div[3]/div/button[1]').click();\ncy.wait(7000);\ncy.get('[class=\"wt-lp-dialog-btn wt-lp-dialog-ok ui-button ui-corner-all ui-widget\"]').click();\ncy.xpath('//*[@id=\"ok\"]').click(); //cy.contains('Лезова').click()\n//cy.contains('Выход').click()",
          "err": {
            "message": "CypressError: `cy.visit()` failed trying to load:\n\nhttps://dev.websoft.ru:17592/\n\nWe attempted to make an http request to this URL but the request failed without a response.\n\nWe received this error at the network level:\n\n  > Error: connect ETIMEDOUT 212.45.14.124:17592\n\nCommon situations why this would fail:\n  - you don't have internet access\n  - you forgot to run / boot your web server\n  - your web server isn't accessible\n  - you have weird network configuration settings on your computer",
            "estack": "CypressError: `cy.visit()` failed trying to load:\n\nhttps://dev.websoft.ru:17592/\n\nWe attempted to make an http request to this URL but the request failed without a response.\n\nWe received this error at the network level:\n\n  > Error: connect ETIMEDOUT 212.45.14.124:17592\n\nCommon situations why this would fail:\n  - you don't have internet access\n  - you forgot to run / boot your web server\n  - your web server isn't accessible\n  - you have weird network configuration settings on your computer\n    at <unknown> (http://localhost:50441/__cypress/runner/cypress_runner.js:142407:82)\n    at visitFailedByErr (http://localhost:50441/__cypress/runner/cypress_runner.js:141695:12)\n    at <unknown> (http://localhost:50441/__cypress/runner/cypress_runner.js:142406:11)\n    at tryCatcher (http://localhost:50441/__cypress/runner/cypress_runner.js:11327:23)\n    at Promise._settlePromiseFromHandler (http://localhost:50441/__cypress/runner/cypress_runner.js:9262:31)\n    at Promise._settlePromise (http://localhost:50441/__cypress/runner/cypress_runner.js:9319:18)\n    at Promise._settlePromise0 (http://localhost:50441/__cypress/runner/cypress_runner.js:9364:10)\n    at Promise._settlePromises (http://localhost:50441/__cypress/runner/cypress_runner.js:9440:18)\n    at _drainQueueStep (http://localhost:50441/__cypress/runner/cypress_runner.js:6034:12)\n    at _drainQueue (http://localhost:50441/__cypress/runner/cypress_runner.js:6027:9)\n    at ../../node_modules/bluebird/js/release/async.js.Async._drainQueues (http://localhost:50441/__cypress/runner/cypress_runner.js:6043:5)\n    at Async.drainQueues (http://localhost:50441/__cypress/runner/cypress_runner.js:5913:14)\nFrom Your Spec Code:\n    at Login.loginUser (webpack:///./cypress/e2e/Page_object/Login.cy.js:4:11)\n    at Context.eval (webpack:///./cypress/e2e/WebSoft/Управление обучением и тестированием/Управление обучением/Portal_apply_approve.cy.js:5:10)\n\nFrom Node.js Internals:\n  Error: connect ETIMEDOUT 212.45.14.124:17592\n      at TCPConnectWrap.afterConnect [as oncomplete] (node:net:1187:16)",
            "diff": null
          },
          "uuid": "5a987dd5-b392-4c2b-ab7f-eebdf7a03e35",
          "parentUUID": "a787d628-010a-4ccf-9eed-db9eb41702d4",
          "isHook": false,
          "skipped": false
        },
        {
          "title": "Согласование заявки",
          "fullTitle": "Согласование заявки",
          "timedOut": null,
          "duration": 42533,
          "state": "failed",
          "speed": null,
          "pass": false,
          "fail": true,
          "pending": false,
          "context": null,
          "code": "login.loginUser('BTB', 'BTB');\ncy.contains('ТимофейБелгородский').click();\ncy.xpath('//*[@id=\"WT_0x60B893A903726D0D\"]/div[2]/ul/li[8]/a').click();\ncy.xpath('//*[@id=\"WT_0x6048CAA95BCD401D\"]/div[5]/div[2]/ul[1]/li[2]').click();\ncy.contains('Заявка на активацию электронного курса Инициатива и ответственность').click();\ncy.contains('Согласовать заявку').click();",
          "err": {
            "message": "CypressError: `cy.visit()` failed trying to load:\n\nhttps://dev.websoft.ru:17592/\n\nWe attempted to make an http request to this URL but the request failed without a response.\n\nWe received this error at the network level:\n\n  > Error: connect ETIMEDOUT 212.45.14.124:17592\n\nCommon situations why this would fail:\n  - you don't have internet access\n  - you forgot to run / boot your web server\n  - your web server isn't accessible\n  - you have weird network configuration settings on your computer",
            "estack": "CypressError: `cy.visit()` failed trying to load:\n\nhttps://dev.websoft.ru:17592/\n\nWe attempted to make an http request to this URL but the request failed without a response.\n\nWe received this error at the network level:\n\n  > Error: connect ETIMEDOUT 212.45.14.124:17592\n\nCommon situations why this would fail:\n  - you don't have internet access\n  - you forgot to run / boot your web server\n  - your web server isn't accessible\n  - you have weird network configuration settings on your computer\n    at <unknown> (http://localhost:50441/__cypress/runner/cypress_runner.js:142407:82)\n    at visitFailedByErr (http://localhost:50441/__cypress/runner/cypress_runner.js:141695:12)\n    at <unknown> (http://localhost:50441/__cypress/runner/cypress_runner.js:142406:11)\n    at tryCatcher (http://localhost:50441/__cypress/runner/cypress_runner.js:11327:23)\n    at Promise._settlePromiseFromHandler (http://localhost:50441/__cypress/runner/cypress_runner.js:9262:31)\n    at Promise._settlePromise (http://localhost:50441/__cypress/runner/cypress_runner.js:9319:18)\n    at Promise._settlePromise0 (http://localhost:50441/__cypress/runner/cypress_runner.js:9364:10)\n    at Promise._settlePromises (http://localhost:50441/__cypress/runner/cypress_runner.js:9440:18)\n    at _drainQueueStep (http://localhost:50441/__cypress/runner/cypress_runner.js:6034:12)\n    at _drainQueue (http://localhost:50441/__cypress/runner/cypress_runner.js:6027:9)\n    at ../../node_modules/bluebird/js/release/async.js.Async._drainQueues (http://localhost:50441/__cypress/runner/cypress_runner.js:6043:5)\n    at Async.drainQueues (http://localhost:50441/__cypress/runner/cypress_runner.js:5913:14)\nFrom Your Spec Code:\n    at Login.loginUser (webpack:///./cypress/e2e/Page_object/Login.cy.js:4:11)\n    at Context.eval (webpack:///./cypress/e2e/WebSoft/Управление обучением и тестированием/Управление обучением/Portal_apply_approve.cy.js:29:10)\n\nFrom Node.js Internals:\n  Error: connect ETIMEDOUT 212.45.14.124:17592\n      at TCPConnectWrap.afterConnect [as oncomplete] (node:net:1187:16)",
            "diff": null
          },
          "uuid": "70a9bb4d-12bd-4ef3-9057-ffeafb0f2843",
          "parentUUID": "a787d628-010a-4ccf-9eed-db9eb41702d4",
          "isHook": false,
          "skipped": false
        },
        {
          "title": "Проверка согласованной заявки",
          "fullTitle": "Проверка согласованной заявки",
          "timedOut": null,
          "duration": 42511,
          "state": "failed",
          "speed": null,
          "pass": false,
          "fail": true,
          "pending": false,
          "context": null,
          "code": "login.loginUser('BT', 'BT');\ncy.contains('ТатьянаБелоусова').click();\ncy.contains('Инициатива и ответственность').should('be.visible');",
          "err": {
            "message": "CypressError: `cy.visit()` failed trying to load:\n\nhttps://dev.websoft.ru:17592/\n\nWe attempted to make an http request to this URL but the request failed without a response.\n\nWe received this error at the network level:\n\n  > Error: connect ETIMEDOUT 212.45.14.124:17592\n\nCommon situations why this would fail:\n  - you don't have internet access\n  - you forgot to run / boot your web server\n  - your web server isn't accessible\n  - you have weird network configuration settings on your computer",
            "estack": "CypressError: `cy.visit()` failed trying to load:\n\nhttps://dev.websoft.ru:17592/\n\nWe attempted to make an http request to this URL but the request failed without a response.\n\nWe received this error at the network level:\n\n  > Error: connect ETIMEDOUT 212.45.14.124:17592\n\nCommon situations why this would fail:\n  - you don't have internet access\n  - you forgot to run / boot your web server\n  - your web server isn't accessible\n  - you have weird network configuration settings on your computer\n    at <unknown> (http://localhost:50441/__cypress/runner/cypress_runner.js:142407:82)\n    at visitFailedByErr (http://localhost:50441/__cypress/runner/cypress_runner.js:141695:12)\n    at <unknown> (http://localhost:50441/__cypress/runner/cypress_runner.js:142406:11)\n    at tryCatcher (http://localhost:50441/__cypress/runner/cypress_runner.js:11327:23)\n    at Promise._settlePromiseFromHandler (http://localhost:50441/__cypress/runner/cypress_runner.js:9262:31)\n    at Promise._settlePromise (http://localhost:50441/__cypress/runner/cypress_runner.js:9319:18)\n    at Promise._settlePromise0 (http://localhost:50441/__cypress/runner/cypress_runner.js:9364:10)\n    at Promise._settlePromises (http://localhost:50441/__cypress/runner/cypress_runner.js:9440:18)\n    at _drainQueueStep (http://localhost:50441/__cypress/runner/cypress_runner.js:6034:12)\n    at _drainQueue (http://localhost:50441/__cypress/runner/cypress_runner.js:6027:9)\n    at ../../node_modules/bluebird/js/release/async.js.Async._drainQueues (http://localhost:50441/__cypress/runner/cypress_runner.js:6043:5)\n    at Async.drainQueues (http://localhost:50441/__cypress/runner/cypress_runner.js:5913:14)\nFrom Your Spec Code:\n    at Login.loginUser (webpack:///./cypress/e2e/Page_object/Login.cy.js:4:11)\n    at Context.eval (webpack:///./cypress/e2e/WebSoft/Управление обучением и тестированием/Управление обучением/Portal_apply_approve.cy.js:39:10)\n\nFrom Node.js Internals:\n  Error: connect ETIMEDOUT 212.45.14.124:17592\n      at TCPConnectWrap.afterConnect [as oncomplete] (node:net:1187:16)",
            "diff": null
          },
          "uuid": "6e47fec9-10c6-4f41-8942-605ba084e665",
          "parentUUID": "a787d628-010a-4ccf-9eed-db9eb41702d4",
          "isHook": false,
          "skipped": false
        }
      ],
      "suites": [],
      "passes": [],
      "failures": [
        "5a987dd5-b392-4c2b-ab7f-eebdf7a03e35",
        "70a9bb4d-12bd-4ef3-9057-ffeafb0f2843",
        "6e47fec9-10c6-4f41-8942-605ba084e665"
      ],
      "pending": [],
      "skipped": [],
      "duration": 127598,
      "root": true,
      "rootEmpty": false,
      "_timeout": 2000
    }
  ],
  "meta": {
    "mocha": {
      "version": "7.0.1"
    },
    "mochawesome": {
      "options": {
        "quiet": false,
        "reportFilename": "mochawesome",
        "saveHtml": false,
        "saveJson": true,
        "consoleReporter": "spec",
        "useInlineDiffs": false,
        "code": true
      },
      "version": "7.1.3"
    },
    "marge": {
      "options": {
        "charts": true,
        "overwrite": false,
        "html": false,
        "json": true,
        "reportDir": "cypress/reports"
      },
      "version": "6.2.0"
    }
  }
}