{
  "stats": {
    "suites": 0,
    "tests": 2,
    "passes": 2,
    "pending": 0,
    "failures": 0,
    "start": "2023-05-02T11:40:46.135Z",
    "end": "2023-05-02T11:41:17.872Z",
    "duration": 31737,
    "testsRegistered": 2,
    "passPercent": 100,
    "pendingPercent": 0,
    "other": 0,
    "hasOther": false,
    "skipped": 0,
    "hasSkipped": false
  },
  "results": [
    {
      "uuid": "1fb5b68f-1d39-4032-a5fa-36865ce512f3",
      "title": "",
      "fullFile": "cypress\\e2e\\WebSoft\\Learning_testing_management\\Testing_management\\Portal_self_appointed_test.cy.js",
      "file": "cypress\\e2e\\WebSoft\\Learning_testing_management\\Testing_management\\Portal_self_appointed_test.cy.js",
      "beforeHooks": [],
      "afterHooks": [],
      "tests": [
        {
          "title": "Проверка кнопки начать в карточке теста",
          "fullTitle": "Проверка кнопки начать в карточке теста",
          "timedOut": null,
          "duration": 22209,
          "state": "passed",
          "speed": "slow",
          "pass": true,
          "fail": false,
          "pending": false,
          "context": null,
          "code": "mainCommands.openMenuItemPage('Обучение', 'WT_0x60C1FDC25AC90F53', '/education');\nmainCommands.openWidgetLearningModule('Все тесты');\ntestingManagementCommands.openAllTests();\ntestingManagementCommands.openTestPage('_Занимательная география_cypress');\nmainCommands.checkButton('Начать');\ntestingManagementCommands.openTestPlayer('Начать');",
          "err": {},
          "uuid": "e8f6bacb-d94d-421a-856e-68f8fd77d9bc",
          "parentUUID": "1fb5b68f-1d39-4032-a5fa-36865ce512f3",
          "isHook": false,
          "skipped": false
        },
        {
          "title": "Отображение теста в моих задачах",
          "fullTitle": "Отображение теста в моих задачах",
          "timedOut": null,
          "duration": 9381,
          "state": "passed",
          "speed": "medium",
          "pass": true,
          "fail": false,
          "pending": false,
          "context": null,
          "code": "mainCommands.openPersonalArea('ОльгаСоколова');\nmainCommands.checkObjectCardInWidget('_Занимательная география_cypress', 'WT_0x60B79AB3287C4E50');",
          "err": {},
          "uuid": "df4d97fd-f6b1-4b58-ab5d-2e98f1c7eed3",
          "parentUUID": "1fb5b68f-1d39-4032-a5fa-36865ce512f3",
          "isHook": false,
          "skipped": false
        }
      ],
      "suites": [],
      "passes": [
        "e8f6bacb-d94d-421a-856e-68f8fd77d9bc",
        "df4d97fd-f6b1-4b58-ab5d-2e98f1c7eed3"
      ],
      "failures": [],
      "pending": [],
      "skipped": [],
      "duration": 31590,
      "root": true,
      "rootEmpty": false,
      "_timeout": 2000
    }
  ],
  "meta": {
    "mocha": {
      "version": "7.0.1"
    },
    "mochawesome": {
      "options": {
        "quiet": false,
        "reportFilename": "mochawesome",
        "saveHtml": false,
        "saveJson": true,
        "consoleReporter": "spec",
        "useInlineDiffs": false,
        "code": true
      },
      "version": "7.1.3"
    },
    "marge": {
      "options": {
        "charts": true,
        "overwrite": false,
        "html": false,
        "json": true,
        "reportDir": "cypress/reports"
      },
      "version": "6.2.0"
    }
  }
}