{
  "stats": {
    "suites": 1,
    "tests": 2,
    "passes": 0,
    "pending": 0,
    "failures": 2,
    "start": "2023-02-10T16:35:00.441Z",
    "end": "2023-02-10T16:35:52.591Z",
    "duration": 52150,
    "testsRegistered": 2,
    "passPercent": 0,
    "pendingPercent": 0,
    "other": 0,
    "hasOther": false,
    "skipped": 0,
    "hasSkipped": false
  },
  "results": [
    {
      "uuid": "ccb5afe0-0d80-4d3f-b3dd-471929413430",
      "title": "",
      "fullFile": "cypress\\e2e\\testing_tests\\test1.cy.js",
      "file": "cypress\\e2e\\testing_tests\\test1.cy.js",
      "beforeHooks": [],
      "afterHooks": [],
      "tests": [],
      "suites": [
        {
          "uuid": "ef083eb8-7d46-4d95-96c1-6a766a1b8301",
          "title": "Login form tests",
          "fullFile": "",
          "file": "",
          "beforeHooks": [],
          "afterHooks": [],
          "tests": [
            {
              "title": "should display error message when no credentials are provided",
              "fullTitle": "Login form tests should display error message when no credentials are provided",
              "timedOut": null,
              "duration": 13033,
              "state": "failed",
              "speed": null,
              "pass": false,
              "fail": true,
              "pending": false,
              "context": null,
              "code": "cy.get('#login-form-submit-btn').click();\ncy.get('#login-form-error-message').should('be.visible');",
              "err": {
                "message": "AssertionError: Timed out retrying after 6000ms: Expected to find element: `#login-form-submit-btn`, but never found it.",
                "estack": "AssertionError: Timed out retrying after 6000ms: Expected to find element: `#login-form-submit-btn`, but never found it.\n    at Context.eval (webpack:///./cypress/e2e/testing_tests/test1.cy.js:46:9)",
                "diff": null
              },
              "uuid": "ed7e78c9-e0b7-42d7-baf1-d123b85fc843",
              "parentUUID": "ef083eb8-7d46-4d95-96c1-6a766a1b8301",
              "isHook": false,
              "skipped": false
            },
            {
              "title": "should accept valid credentials",
              "fullTitle": "Login form tests should accept valid credentials",
              "timedOut": null,
              "duration": 7888,
              "state": "failed",
              "speed": null,
              "pass": false,
              "fail": true,
              "pending": false,
              "context": null,
              "code": "cy.get('#login-form-username').type('username');\ncy.get('#login-form-password').type('password');\ncy.get('#login-form-submit-btn').click();\ncy.url().should('include', '/dashboard');",
              "err": {
                "message": "AssertionError: Timed out retrying after 6000ms: Expected to find element: `#login-form-username`, but never found it.",
                "estack": "AssertionError: Timed out retrying after 6000ms: Expected to find element: `#login-form-username`, but never found it.\n    at Context.eval (webpack:///./cypress/e2e/testing_tests/test1.cy.js:51:9)",
                "diff": null
              },
              "uuid": "90b50680-7319-4aad-ada9-61e8efd21eef",
              "parentUUID": "ef083eb8-7d46-4d95-96c1-6a766a1b8301",
              "isHook": false,
              "skipped": false
            }
          ],
          "suites": [],
          "passes": [],
          "failures": [
            "ed7e78c9-e0b7-42d7-baf1-d123b85fc843",
            "90b50680-7319-4aad-ada9-61e8efd21eef"
          ],
          "pending": [],
          "skipped": [],
          "duration": 20921,
          "root": false,
          "rootEmpty": false,
          "_timeout": 2000
        }
      ],
      "passes": [],
      "failures": [],
      "pending": [],
      "skipped": [],
      "duration": 0,
      "root": true,
      "rootEmpty": true,
      "_timeout": 2000
    }
  ],
  "meta": {
    "mocha": {
      "version": "7.0.1"
    },
    "mochawesome": {
      "options": {
        "quiet": false,
        "reportFilename": "mochawesome",
        "saveHtml": false,
        "saveJson": true,
        "consoleReporter": "spec",
        "useInlineDiffs": false,
        "code": true
      },
      "version": "7.1.3"
    },
    "marge": {
      "options": {
        "charts": true,
        "overwrite": false,
        "html": false,
        "json": true,
        "reportDir": "cypress/reports"
      },
      "version": "6.2.0"
    }
  }
}