{
  "stats": {
    "suites": 0,
    "tests": 2,
    "passes": 2,
    "pending": 0,
    "failures": 0,
    "start": "2023-03-31T14:29:12.385Z",
    "end": "2023-03-31T14:29:50.491Z",
    "duration": 38106,
    "testsRegistered": 2,
    "passPercent": 100,
    "pendingPercent": 0,
    "other": 0,
    "hasOther": false,
    "skipped": 0,
    "hasSkipped": false
  },
  "results": [
    {
      "uuid": "2ee46bd2-634d-4f2e-9d38-478ff253a8de",
      "title": "",
      "fullFile": "cypress\\e2e\\WebSoft\\Learning_testing_management\\Learning_management\\Admin_Create_Assing_e-course.check.cy.js",
      "file": "cypress\\e2e\\WebSoft\\Learning_testing_management\\Learning_management\\Admin_Create_Assing_e-course.check.cy.js",
      "beforeHooks": [],
      "afterHooks": [],
      "tests": [
        {
          "title": "Создание и назначение курса сотруднику",
          "fullTitle": "Создание и назначение курса сотруднику",
          "timedOut": null,
          "duration": 30890,
          "state": "passed",
          "speed": "slow",
          "pass": true,
          "fail": false,
          "pending": false,
          "context": null,
          "code": "login.loginAdmin('user1', 'user1');\ncy.xpath('/html/body/div/div/div/div[3]/div/div[1]/div[1]/div[1]/div[2]/div[2]').click();\ncy.contains('Электронные курсы').click();\ncy.contains('Новая запись').click();\ncy.xpath('/html/body/div[2]/div[2]/div[4]/div[1]/input[1]').type('12');\ncy.xpath('/html/body/div[2]/div[2]/div[4]/div[1]/input[2]').type('test');\ncy.xpath('/html/body/div[2]/div[2]/div[1]/div[4]/div/img').click();\ncy.xpath('/html/body/div/div/div/div[3]/div/div[1]/div[1]/div[1]/div[1]/div[2]/img', {\n  timeout: 10000\n}).click();\ncy.get('[class=WssListCell]').contains('Белоусова').rightclick();\ncy.contains('Назначить электронные курсы').click();\ncy.contains('test').dblclick();\ncy.contains('Применить').click();\ncy.contains('Применить', {\n  timeout: 10000\n}).click();",
          "err": {},
          "uuid": "c9f27769-c14d-4efe-836d-3a180c133d3e",
          "parentUUID": "2ee46bd2-634d-4f2e-9d38-478ff253a8de",
          "isHook": false,
          "skipped": false
        },
        {
          "title": "Отображение назначенного курса на портале у сотрудника",
          "fullTitle": "Отображение назначенного курса на портале у сотрудника",
          "timedOut": null,
          "duration": 6840,
          "state": "passed",
          "speed": "medium",
          "pass": true,
          "fail": false,
          "pending": false,
          "context": null,
          "code": "login.loginUser('BT', 'BT');\ncy.get('[class=\"WTCSS-menu-h menu menu-main\"]').contains(\"Обучение\").parent().click();\ncy.get('#WT_0x6160005D62231D06 > .wt-lp-button-wrapper > .wt-lp-wbutton-link > .wt-lp-wbutton-btn > .wt-lp-wbutton-text').click();\ncy.contains('test').should('contain', 'test');",
          "err": {},
          "uuid": "7f2daa63-ae1c-4ddd-b9d0-d659b9832847",
          "parentUUID": "2ee46bd2-634d-4f2e-9d38-478ff253a8de",
          "isHook": false,
          "skipped": false
        }
      ],
      "suites": [],
      "passes": [
        "c9f27769-c14d-4efe-836d-3a180c133d3e",
        "7f2daa63-ae1c-4ddd-b9d0-d659b9832847"
      ],
      "failures": [],
      "pending": [],
      "skipped": [],
      "duration": 37730,
      "root": true,
      "rootEmpty": false,
      "_timeout": 2000
    }
  ],
  "meta": {
    "mocha": {
      "version": "7.0.1"
    },
    "mochawesome": {
      "options": {
        "quiet": false,
        "reportFilename": "mochawesome",
        "saveHtml": false,
        "saveJson": true,
        "consoleReporter": "spec",
        "useInlineDiffs": false,
        "code": true
      },
      "version": "7.1.3"
    },
    "marge": {
      "options": {
        "charts": true,
        "overwrite": false,
        "html": false,
        "json": true,
        "reportDir": "cypress/reports"
      },
      "version": "6.2.0"
    }
  }
}