{
  "stats": {
    "suites": 0,
    "tests": 2,
    "passes": 2,
    "pending": 0,
    "failures": 0,
    "start": "2023-04-28T06:43:09.798Z",
    "end": "2023-04-28T06:43:52.811Z",
    "duration": 43013,
    "testsRegistered": 2,
    "passPercent": 100,
    "pendingPercent": 0,
    "other": 0,
    "hasOther": false,
    "skipped": 0,
    "hasSkipped": false
  },
  "results": [
    {
      "uuid": "185ef707-2919-41eb-95d2-461187f44548",
      "title": "",
      "fullFile": "cypress\\e2e\\WebSoft\\Learning_testing_management\\Learning_management\\Portal_submitting_invidual_application.cy.js",
      "file": "cypress\\e2e\\WebSoft\\Learning_testing_management\\Learning_management\\Portal_submitting_invidual_application.cy.js",
      "beforeHooks": [],
      "afterHooks": [],
      "tests": [
        {
          "title": "Подача индивидуальной заявки на мероприятие",
          "fullTitle": "Подача индивидуальной заявки на мероприятие",
          "timedOut": null,
          "duration": 28644,
          "state": "passed",
          "speed": "slow",
          "pass": true,
          "fail": false,
          "pending": false,
          "context": null,
          "code": "login.loginUser('BT', 'BT');\nusefulFunctions.openEventList();\nlearningManagementCommands.openObjectCard('Навыки работы с заемщиками', 'WT_0x612619004EF46FFE');\nmainCommands.findHeader('Навыки работы с заемщиками', 'WT_0x60BF6ABB064E1D0E');\nlearningManagementCommands.clickButtonApply('WT_0x60EC2139497D087C', 'Подать заявку');\nusefulFunctions.applyIndividual();\nmainCommands.clickButtonWindow('OK');",
          "err": {},
          "uuid": "1f20cdab-f938-4b64-8981-04bace63a0f6",
          "parentUUID": "185ef707-2919-41eb-95d2-461187f44548",
          "isHook": false,
          "skipped": false
        },
        {
          "title": "Отображение заявки",
          "fullTitle": "Отображение заявки",
          "timedOut": null,
          "duration": 14102,
          "state": "passed",
          "speed": "slow",
          "pass": true,
          "fail": false,
          "pending": false,
          "context": null,
          "code": "//учитывается условие с исправленным ДО')\nlogin.loginUser('KM', 'KM');\nmainCommands.openPersonalArea('МаксимКедров');\nmainCommands.openPersonalAreaTab('WT_0x60B893A903726D0D', 'Документы', '/requests');\nlearningManagementCommands.openApllicationsInDocuments('WT_0x6048CAA95BCD401D', 'Заявки на согласование');\nlearningManagementCommands.chooseApplication('WT_0x6048CCDB387D3E71', 'Навыки работы с заемщиками');\nmainCommands.findHeader('Навыки работы с заемщиками', 'WT_0x637CAC0B4E161AD0');",
          "err": {},
          "uuid": "59e4c8e3-527a-43d5-a900-672b6b202f5c",
          "parentUUID": "185ef707-2919-41eb-95d2-461187f44548",
          "isHook": false,
          "skipped": false
        }
      ],
      "suites": [],
      "passes": [
        "1f20cdab-f938-4b64-8981-04bace63a0f6",
        "59e4c8e3-527a-43d5-a900-672b6b202f5c"
      ],
      "failures": [],
      "pending": [],
      "skipped": [],
      "duration": 42746,
      "root": true,
      "rootEmpty": false,
      "_timeout": 2000
    }
  ],
  "meta": {
    "mocha": {
      "version": "7.0.1"
    },
    "mochawesome": {
      "options": {
        "quiet": false,
        "reportFilename": "mochawesome",
        "saveHtml": false,
        "saveJson": true,
        "consoleReporter": "spec",
        "useInlineDiffs": false,
        "code": true
      },
      "version": "7.1.3"
    },
    "marge": {
      "options": {
        "charts": true,
        "overwrite": false,
        "html": false,
        "json": true,
        "reportDir": "cypress/reports"
      },
      "version": "6.2.0"
    }
  }
}