{
  "stats": {
    "suites": 0,
    "tests": 3,
    "passes": 2,
    "pending": 0,
    "failures": 1,
    "start": "2023-04-28T13:23:51.282Z",
    "end": "2023-04-28T13:25:25.252Z",
    "duration": 93970,
    "testsRegistered": 3,
    "passPercent": 66.66666666666666,
    "pendingPercent": 0,
    "other": 0,
    "hasOther": false,
    "skipped": 0,
    "hasSkipped": false
  },
  "results": [
    {
      "uuid": "6b8b884a-7ae9-4e8f-ae99-632f8f7eb240",
      "title": "",
      "fullFile": "cypress\\e2e\\WebSoft\\Learning_testing_management\\Testing_management\\Portal_test_in_process_status.cy.js",
      "file": "cypress\\e2e\\WebSoft\\Learning_testing_management\\Testing_management\\Portal_test_in_process_status.cy.js",
      "beforeHooks": [],
      "afterHooks": [],
      "tests": [
        {
          "title": "Запуск теста",
          "fullTitle": "Запуск теста",
          "timedOut": null,
          "duration": 30972,
          "state": "passed",
          "speed": "slow",
          "pass": true,
          "fail": false,
          "pending": false,
          "context": null,
          "code": "menuItems.openEducationPage();\nmainCommands.openWidgetLearningModule('Все тесты');\ntestingManagementCommands.openAllTests();\ntestingManagementCommands.openTestPage('Занимательная география');\nmainCommands.checkButton('Начать');\ntestingManagementCommands.openTestPlayer('Начать');\ncy.get('.wtq-body > .wtq-rubric > .wtq-rubric-footer > .wtq-rubric-footer-table > tbody > tr > .wtq-footer-cell-right > .wtq-btn').click();",
          "err": {},
          "uuid": "05e550b6-fe05-4725-815d-59c932fb1191",
          "parentUUID": "6b8b884a-7ae9-4e8f-ae99-632f8f7eb240",
          "isHook": false,
          "skipped": false
        },
        {
          "title": "Проверка статуса",
          "fullTitle": "Проверка статуса",
          "timedOut": null,
          "duration": 49645,
          "state": "failed",
          "speed": null,
          "pass": false,
          "fail": true,
          "pending": false,
          "context": null,
          "code": "menuItems.openEducationPage();\nmainCommands.openWidgetLearningModule('Все тесты');\ntestingManagementCommands.openAllTests();\ntestingManagementCommands.openTestPage('Занимательная география');\nmainCommands.findHeader('В процессе', 'WT_0x637B77422CF629BF');",
          "err": {
            "message": "AssertionError: Timed out retrying after 40000ms: expected '<div#WT_0x637B77422CF629BF.wt-lp-witemlist-workarea.wt-lp-witemlist-type-row.wt-lp-base-font-size.wt-lp-workarea-width>' to contain 'В процессе'",
            "estack": "AssertionError: Timed out retrying after 40000ms: expected '<div#WT_0x637B77422CF629BF.wt-lp-witemlist-workarea.wt-lp-witemlist-type-row.wt-lp-base-font-size.wt-lp-workarea-width>' to contain 'В процессе'\n    at MainCommands.findHeader (webpack:///./cypress/e2e/Page_object/All_pages_commands.cy.js:15:7)\n    at Context.eval (webpack:///./cypress/e2e/WebSoft/Learning_testing_management/Testing_management/Portal_test_in_process_status.cy.js:32:17)",
            "diff": null
          },
          "uuid": "badb16e0-9314-4fd2-8c1a-2b2d0487c5fc",
          "parentUUID": "6b8b884a-7ae9-4e8f-ae99-632f8f7eb240",
          "isHook": false,
          "skipped": false
        },
        {
          "title": "Проверка баллов",
          "fullTitle": "Проверка баллов",
          "timedOut": null,
          "duration": 12929,
          "state": "passed",
          "speed": "slow",
          "pass": true,
          "fail": false,
          "pending": false,
          "context": null,
          "code": "menuItems.openEducationPage();\nmainCommands.openWidgetLearningModule('Все тесты');\ntestingManagementCommands.openAllTests();\ntestingManagementCommands.openTestPage('Занимательная география');\nmainCommands.findHeader('0', 'WT_0x637B774B60D76ABE');",
          "err": {},
          "uuid": "00c2a98d-b755-4a63-9f1a-089d466e7416",
          "parentUUID": "6b8b884a-7ae9-4e8f-ae99-632f8f7eb240",
          "isHook": false,
          "skipped": false
        }
      ],
      "suites": [],
      "passes": [
        "05e550b6-fe05-4725-815d-59c932fb1191",
        "00c2a98d-b755-4a63-9f1a-089d466e7416"
      ],
      "failures": [
        "badb16e0-9314-4fd2-8c1a-2b2d0487c5fc"
      ],
      "pending": [],
      "skipped": [],
      "duration": 93546,
      "root": true,
      "rootEmpty": false,
      "_timeout": 2000
    }
  ],
  "meta": {
    "mocha": {
      "version": "7.0.1"
    },
    "mochawesome": {
      "options": {
        "quiet": false,
        "reportFilename": "mochawesome",
        "saveHtml": false,
        "saveJson": true,
        "consoleReporter": "spec",
        "useInlineDiffs": false,
        "code": true
      },
      "version": "7.1.3"
    },
    "marge": {
      "options": {
        "charts": true,
        "overwrite": false,
        "html": false,
        "json": true,
        "reportDir": "cypress/reports"
      },
      "version": "6.2.0"
    }
  }
}