{
  "stats": {
    "suites": 0,
    "tests": 2,
    "passes": 0,
    "pending": 0,
    "failures": 2,
    "start": "2023-03-27T14:37:24.971Z",
    "end": "2023-03-27T14:37:42.339Z",
    "duration": 17368,
    "testsRegistered": 2,
    "passPercent": 0,
    "pendingPercent": 0,
    "other": 0,
    "hasOther": false,
    "skipped": 0,
    "hasSkipped": false
  },
  "results": [
    {
      "uuid": "0616d881-5802-49ac-b8e3-471a138d0c41",
      "title": "",
      "fullFile": "cypress\\e2e\\WebSoft\\Learning_testing_management\\Learning_management\\Admin_Create_Assing_e-course.check.cy.js",
      "file": "cypress\\e2e\\WebSoft\\Learning_testing_management\\Learning_management\\Admin_Create_Assing_e-course.check.cy.js",
      "beforeHooks": [],
      "afterHooks": [],
      "tests": [
        {
          "title": "Создание и назначение курса сотруднику",
          "fullTitle": "Создание и назначение курса сотруднику",
          "timedOut": null,
          "duration": 1228,
          "state": "failed",
          "speed": null,
          "pass": false,
          "fail": true,
          "pending": false,
          "context": null,
          "code": "login.loginAdmin('user1', 'user1');\ncy.xpath('/html/body/div/div/div/div[3]/div/div[1]/div[1]/div[1]/div[2]/div[2]').click();\ncy.contains('Электронные курсы').click();\ncy.contains('Новая запись').click();\ncy.xpath('/html/body/div[2]/div[2]/div[4]/div[1]/input[1]').type('12');\ncy.xpath('/html/body/div[2]/div[2]/div[4]/div[1]/input[2]').type('test');\ncy.xpath('/html/body/div[2]/div[2]/div[1]/div[4]/div/img').click();\ncy.xpath('/html/body/div/div/div/div[3]/div/div[1]/div[1]/div[1]/div[1]/div[2]/img', {\n  timeout: 10000\n}).click();\ncy.get('[class=WssListCell]').contains('Белоусова').rightclick();\ncy.contains('Назначить электронные курсы').click();\ncy.contains('test').dblclick();\ncy.contains('Применить').click();\ncy.contains('Применить', {\n  timeout: 10000\n}).click();",
          "err": {
            "message": "Error: The following error originated from your application code, not from Cypress. It was caused by an unhandled promise rejection.\n\n  > Плагин недоступен\n\nWhen Cypress detects uncaught errors originating from your application it will automatically fail the current test.\n\nThis behavior is configurable, and you can choose to turn this off by listening to the `uncaught:exception` event.\n\nhttps://on.cypress.io/uncaught-exception-from-application",
            "estack": "Error: The following error originated from your application code, not from Cypress. It was caused by an unhandled promise rejection.\n\n  > Плагин недоступен\n\nWhen Cypress detects uncaught errors originating from your application it will automatically fail the current test.\n\nThis behavior is configurable, and you can choose to turn this off by listening to the `uncaught:exception` event.\n\nhttps://on.cypress.io/uncaught-exception-from-application\n    at <unknown> (http://127.0.0.1/scripts/ruscrypto.min.js:3956:14)",
            "diff": null
          },
          "uuid": "3605fb1a-2b8e-4142-8906-aa36e8601bb4",
          "parentUUID": "0616d881-5802-49ac-b8e3-471a138d0c41",
          "isHook": false,
          "skipped": false
        },
        {
          "title": "Отображение назначенного курса на портале у сотрудника",
          "fullTitle": "Отображение назначенного курса на портале у сотрудника",
          "timedOut": null,
          "duration": 16017,
          "state": "failed",
          "speed": null,
          "pass": false,
          "fail": true,
          "pending": false,
          "context": null,
          "code": "login.loginUser('BT', 'BT');\ncy.get('[class=\"WTCSS-menu-h menu menu-main\"]').contains(\"Обучение\").parent().click();\ncy.get('#WT_0x6160005D62231D06 > .wt-lp-button-wrapper > .wt-lp-wbutton-link > .wt-lp-wbutton-btn > .wt-lp-wbutton-text').click();\ncy.contains('test').should('contain', 'test');",
          "err": {
            "message": "AssertionError: Timed out retrying after 8000ms: Expected to find content: 'test' but never did.",
            "estack": "AssertionError: Timed out retrying after 8000ms: Expected to find content: 'test' but never did.\n    at Context.eval (webpack:///./cypress/e2e/WebSoft/Learning_testing_management/Learning_management/Admin_Create_Assing_e-course.check.cy.js:56:5)",
            "diff": null
          },
          "uuid": "c2c9ef3c-a88e-4c28-aa60-2013e8e52717",
          "parentUUID": "0616d881-5802-49ac-b8e3-471a138d0c41",
          "isHook": false,
          "skipped": false
        }
      ],
      "suites": [],
      "passes": [],
      "failures": [
        "3605fb1a-2b8e-4142-8906-aa36e8601bb4",
        "c2c9ef3c-a88e-4c28-aa60-2013e8e52717"
      ],
      "pending": [],
      "skipped": [],
      "duration": 17245,
      "root": true,
      "rootEmpty": false,
      "_timeout": 2000
    }
  ],
  "meta": {
    "mocha": {
      "version": "7.0.1"
    },
    "mochawesome": {
      "options": {
        "quiet": false,
        "reportFilename": "mochawesome",
        "saveHtml": false,
        "saveJson": true,
        "consoleReporter": "spec",
        "useInlineDiffs": false,
        "code": true
      },
      "version": "7.1.3"
    },
    "marge": {
      "options": {
        "charts": true,
        "overwrite": false,
        "html": false,
        "json": true,
        "reportDir": "cypress/reports"
      },
      "version": "6.2.0"
    }
  }
}