{
  "stats": {
    "suites": 0,
    "tests": 3,
    "passes": 3,
    "pending": 0,
    "failures": 0,
    "start": "2023-02-15T16:08:44.158Z",
    "end": "2023-02-15T16:08:44.563Z",
    "duration": 405,
    "testsRegistered": 3,
    "passPercent": 100,
    "pendingPercent": 0,
    "other": 0,
    "hasOther": false,
    "skipped": 0,
    "hasSkipped": false
  },
  "results": [
    {
      "uuid": "2b794435-162d-4d4d-9e5c-498cb56d4323",
      "title": "",
      "fullFile": "cypress\\e2e\\testing_tests\\read_write_file.cy.js",
      "file": "cypress\\e2e\\testing_tests\\read_write_file.cy.js",
      "beforeHooks": [],
      "afterHooks": [],
      "tests": [
        {
          "title": "Read files using fixture",
          "fullTitle": "Read files using fixture",
          "timedOut": null,
          "duration": 150,
          "state": "passed",
          "speed": "fast",
          "pass": true,
          "fail": false,
          "pending": false,
          "context": null,
          "code": "cy.fixture('example.json').then(data => {\n  cy.log(data.name);\n  cy.log(data.email);\n});\ncy.log(this.test_data.name);",
          "err": {},
          "uuid": "ab4d0f55-576e-4a59-a22e-f718a609fd2f",
          "parentUUID": "2b794435-162d-4d4d-9e5c-498cb56d4323",
          "isHook": false,
          "skipped": false
        },
        {
          "title": "Read files using readFile",
          "fullTitle": "Read files using readFile",
          "timedOut": null,
          "duration": 96,
          "state": "passed",
          "speed": "fast",
          "pass": true,
          "fail": false,
          "pending": false,
          "context": null,
          "code": "cy.readFile('./cypress/fixtures/example.json').then(data => {\n  cy.log(data.name);\n});",
          "err": {},
          "uuid": "b9678c1d-1d4c-4576-aa56-3d1a8dce9d96",
          "parentUUID": "2b794435-162d-4d4d-9e5c-498cb56d4323",
          "isHook": false,
          "skipped": false
        },
        {
          "title": "Write file",
          "fullTitle": "Write file",
          "timedOut": null,
          "duration": 75,
          "state": "passed",
          "speed": "fast",
          "pass": true,
          "fail": false,
          "pending": false,
          "context": null,
          "code": "cy.writeFile('sample.txt', 'hello world');\ncy.writeFile('sample.txt', 'hello bro', {\n  flag: 'a+'\n});",
          "err": {},
          "uuid": "dd847151-6a26-46b5-8b72-83a5fb008700",
          "parentUUID": "2b794435-162d-4d4d-9e5c-498cb56d4323",
          "isHook": false,
          "skipped": false
        }
      ],
      "suites": [],
      "passes": [
        "ab4d0f55-576e-4a59-a22e-f718a609fd2f",
        "b9678c1d-1d4c-4576-aa56-3d1a8dce9d96",
        "dd847151-6a26-46b5-8b72-83a5fb008700"
      ],
      "failures": [],
      "pending": [],
      "skipped": [],
      "duration": 321,
      "root": true,
      "rootEmpty": false,
      "_timeout": 2000
    }
  ],
  "meta": {
    "mocha": {
      "version": "7.0.1"
    },
    "mochawesome": {
      "options": {
        "quiet": false,
        "reportFilename": "mochawesome",
        "saveHtml": false,
        "saveJson": true,
        "consoleReporter": "spec",
        "useInlineDiffs": false,
        "code": true
      },
      "version": "7.1.3"
    },
    "marge": {
      "options": {
        "charts": true,
        "overwrite": false,
        "html": false,
        "json": true,
        "reportDir": "cypress/reports"
      },
      "version": "6.2.0"
    }
  }
}