{
  "stats": {
    "suites": 0,
    "tests": 3,
    "passes": 3,
    "pending": 0,
    "failures": 0,
    "start": "2023-05-02T08:04:51.451Z",
    "end": "2023-05-02T08:05:48.285Z",
    "duration": 56834,
    "testsRegistered": 3,
    "passPercent": 100,
    "pendingPercent": 0,
    "other": 0,
    "hasOther": false,
    "skipped": 0,
    "hasSkipped": false
  },
  "results": [
    {
      "uuid": "bc3187fc-cb9e-4815-ad42-d34dd3264d94",
      "title": "",
      "fullFile": "cypress\\e2e\\WebSoft\\Learning_testing_management\\Learning_management\\Portal_refusal_event.cy.js",
      "file": "cypress\\e2e\\WebSoft\\Learning_testing_management\\Learning_management\\Portal_refusal_event.cy.js",
      "beforeHooks": [],
      "afterHooks": [],
      "tests": [
        {
          "title": "Подача индивидуальной заявки на мероприятие",
          "fullTitle": "Подача индивидуальной заявки на мероприятие",
          "timedOut": null,
          "duration": 24891,
          "state": "passed",
          "speed": "slow",
          "pass": true,
          "fail": false,
          "pending": false,
          "context": null,
          "code": "login.loginUser('TA', 'TA');\nusefulFunctions.openEventList();\nlearningManagementCommands.openObjectCard('eLearning Elements 2022', 'WT_0x612619004EF46FFE');\nmainCommands.findHeader('eLearning Elements 2022', 'WT_0x60BF6ABB064E1D0E');\nlearningManagementCommands.clickButtonApply('WT_0x60EC2139497D087C', 'Подать заявку');\nusefulFunctions.applyIndividual();\nmainCommands.clickButtonWindow('OK');",
          "err": {},
          "uuid": "3337562e-6106-4ac1-854d-c766a29b6720",
          "parentUUID": "bc3187fc-cb9e-4815-ad42-d34dd3264d94",
          "isHook": false,
          "skipped": false
        },
        {
          "title": "Отображение заявки",
          "fullTitle": "Отображение заявки",
          "timedOut": null,
          "duration": 16136,
          "state": "passed",
          "speed": "slow",
          "pass": true,
          "fail": false,
          "pending": false,
          "context": null,
          "code": "//учитывается условие с исправленным ДО')\nlogin.loginUser('ON', 'ON');\nmainCommands.openPersonalArea('НикитаОзеров');\nmainCommands.openPersonalAreaTab('WT_0x60B893A903726D0D', 'Документы', '/requests');\nlearningManagementCommands.openApllicationsInDocuments('WT_0x6048CAA95BCD401D', 'Заявки на согласование');\nlearningManagementCommands.chooseApplication('WT_0x6048CCDB387D3E71', 'eLearning Elements 2022');\nmainCommands.findHeader('eLearning Elements 2022', 'WT_0x637CAC0B4E161AD0');\nmainCommands.clickButtonHeader('WT_0x637CAD20342B596B', 'Согласовать заявку');\nmainCommands.clickButtonWindow('Сохранить');",
          "err": {},
          "uuid": "7b287a06-bc0a-4dc4-a5ea-aca2a8d651ed",
          "parentUUID": "bc3187fc-cb9e-4815-ad42-d34dd3264d94",
          "isHook": false,
          "skipped": false
        },
        {
          "title": "Отказ от участия в мероприятии",
          "fullTitle": "Отказ от участия в мероприятии",
          "timedOut": null,
          "duration": 15677,
          "state": "passed",
          "speed": "slow",
          "pass": true,
          "fail": false,
          "pending": false,
          "context": null,
          "code": "login.loginUser('TA', 'TA');\nusefulFunctions.openEventList();\nlearningManagementCommands.openObjectCard('eLearning Elements 2022', 'WT_0x612619004EF46FFE');\nmainCommands.findHeader('eLearning Elements 2022', 'WT_0x60BF6ABB064E1D0E');\nmainCommands.clickButtonHeader('WT_0x60EC212C11D262CD', 'Отказаться от участия');\nmainCommands.checkWindowText('[class=\"ui-dialog wt-lp-main-info ui-widget ui-widget-content ui-front ui-dialog-buttons wt-lp-wrapper-dialog\"]', 'Вы отказались от участия в мероприятии');\nmainCommands.clickButtonWindow('OK');",
          "err": {},
          "uuid": "a521738a-623b-4a0f-a4dc-bf060227e973",
          "parentUUID": "bc3187fc-cb9e-4815-ad42-d34dd3264d94",
          "isHook": false,
          "skipped": false
        }
      ],
      "suites": [],
      "passes": [
        "3337562e-6106-4ac1-854d-c766a29b6720",
        "7b287a06-bc0a-4dc4-a5ea-aca2a8d651ed",
        "a521738a-623b-4a0f-a4dc-bf060227e973"
      ],
      "failures": [],
      "pending": [],
      "skipped": [],
      "duration": 56704,
      "root": true,
      "rootEmpty": false,
      "_timeout": 2000
    }
  ],
  "meta": {
    "mocha": {
      "version": "7.0.1"
    },
    "mochawesome": {
      "options": {
        "quiet": false,
        "reportFilename": "mochawesome",
        "saveHtml": false,
        "saveJson": true,
        "consoleReporter": "spec",
        "useInlineDiffs": false,
        "code": true
      },
      "version": "7.1.3"
    },
    "marge": {
      "options": {
        "charts": true,
        "overwrite": false,
        "html": false,
        "json": true,
        "reportDir": "cypress/reports"
      },
      "version": "6.2.0"
    }
  }
}