{
  "stats": {
    "suites": 0,
    "tests": 3,
    "passes": 3,
    "pending": 0,
    "failures": 0,
    "start": "2023-04-28T06:16:11.236Z",
    "end": "2023-04-28T06:17:12.347Z",
    "duration": 61111,
    "testsRegistered": 3,
    "passPercent": 100,
    "pendingPercent": 0,
    "other": 0,
    "hasOther": false,
    "skipped": 0,
    "hasSkipped": false
  },
  "results": [
    {
      "uuid": "f1cc45b6-0e28-42ec-811e-82ad3244e0c9",
      "title": "",
      "fullFile": "cypress\\e2e\\WebSoft\\Learning_testing_management\\Testing_management\\Portal_open_test_check_button_start.cy.js",
      "file": "cypress\\e2e\\WebSoft\\Learning_testing_management\\Testing_management\\Portal_open_test_check_button_start.cy.js",
      "beforeHooks": [],
      "afterHooks": [],
      "tests": [
        {
          "title": "Проверка кнопки начать в карточке теста",
          "fullTitle": "Проверка кнопки начать в карточке теста",
          "timedOut": null,
          "duration": 29414,
          "state": "passed",
          "speed": "slow",
          "pass": true,
          "fail": false,
          "pending": false,
          "context": null,
          "code": "menuItems.openEducationPage();\nmainCommands.openWidgetLearningModule('Все тесты');\ntestingManagementCommands.openAllTests();\ntestingManagementCommands.openTestPage('Занимательная география');\nmainCommands.checkButton('Начать');",
          "err": {},
          "uuid": "7342ba98-2b5b-4935-a93f-dac097affec9",
          "parentUUID": "f1cc45b6-0e28-42ec-811e-82ad3244e0c9",
          "isHook": false,
          "skipped": false
        },
        {
          "title": "Запуск теста",
          "fullTitle": "Запуск теста",
          "timedOut": null,
          "duration": 16622,
          "state": "passed",
          "speed": "slow",
          "pass": true,
          "fail": false,
          "pending": false,
          "context": null,
          "code": "menuItems.openEducationPage();\nmainCommands.openWidgetLearningModule('Все тесты');\ntestingManagementCommands.openAllTests();\ntestingManagementCommands.openTestPage('Занимательная география');\ntestingManagementCommands.openTestPlayer('Начать');",
          "err": {},
          "uuid": "63ad53a1-288d-4bbd-9e10-4cdcea5a407f",
          "parentUUID": "f1cc45b6-0e28-42ec-811e-82ad3244e0c9",
          "isHook": false,
          "skipped": false
        },
        {
          "title": "Проверка факта назначения",
          "fullTitle": "Проверка факта назначения",
          "timedOut": null,
          "duration": 14562,
          "state": "passed",
          "speed": "slow",
          "pass": true,
          "fail": false,
          "pending": false,
          "context": null,
          "code": "menuItems.openEducationPage();\nmainCommands.openWidgetLearningModule('Все тесты');\ntestingManagementCommands.openAllTests();\ntestingManagementCommands.openTestPage('Занимательная география');\nmainCommands.findHeader('Назначен', 'WT_0x637B77422CF629BF');",
          "err": {},
          "uuid": "24dfbe16-16ef-46da-8c4d-ed19c54b67dd",
          "parentUUID": "f1cc45b6-0e28-42ec-811e-82ad3244e0c9",
          "isHook": false,
          "skipped": false
        }
      ],
      "suites": [],
      "passes": [
        "7342ba98-2b5b-4935-a93f-dac097affec9",
        "63ad53a1-288d-4bbd-9e10-4cdcea5a407f",
        "24dfbe16-16ef-46da-8c4d-ed19c54b67dd"
      ],
      "failures": [],
      "pending": [],
      "skipped": [],
      "duration": 60598,
      "root": true,
      "rootEmpty": false,
      "_timeout": 2000
    }
  ],
  "meta": {
    "mocha": {
      "version": "7.0.1"
    },
    "mochawesome": {
      "options": {
        "quiet": false,
        "reportFilename": "mochawesome",
        "saveHtml": false,
        "saveJson": true,
        "consoleReporter": "spec",
        "useInlineDiffs": false,
        "code": true
      },
      "version": "7.1.3"
    },
    "marge": {
      "options": {
        "charts": true,
        "overwrite": false,
        "html": false,
        "json": true,
        "reportDir": "cypress/reports"
      },
      "version": "6.2.0"
    }
  }
}