{
  "stats": {
    "suites": 0,
    "tests": 2,
    "passes": 0,
    "pending": 0,
    "failures": 2,
    "start": "2023-02-15T16:05:48.127Z",
    "end": "2023-02-15T16:07:13.385Z",
    "duration": 85258,
    "testsRegistered": 2,
    "passPercent": 0,
    "pendingPercent": 0,
    "other": 0,
    "hasOther": false,
    "skipped": 0,
    "hasSkipped": false
  },
  "results": [
    {
      "uuid": "52a62c66-e310-41ad-86e9-aed9c75cae46",
      "title": "",
      "fullFile": "cypress\\e2e\\WebSoft\\Login_portal.cy.js",
      "file": "cypress\\e2e\\WebSoft\\Login_portal.cy.js",
      "beforeHooks": [],
      "afterHooks": [],
      "tests": [
        {
          "title": "Вход с невалидными данными",
          "fullTitle": "Вход с невалидными данными",
          "timedOut": null,
          "duration": 42521,
          "state": "failed",
          "speed": null,
          "pass": false,
          "fail": true,
          "pending": false,
          "context": null,
          "code": "login.loginUser('ag', 'ag1');\ncy.contains(\"OK\").click();\ncy.url().should('include', '/default');",
          "err": {
            "message": "CypressError: `cy.visit()` failed trying to load:\n\nhttps://dev.websoft.ru:17592/\n\nWe attempted to make an http request to this URL but the request failed without a response.\n\nWe received this error at the network level:\n\n  > Error: connect ETIMEDOUT 212.45.14.124:17592\n\nCommon situations why this would fail:\n  - you don't have internet access\n  - you forgot to run / boot your web server\n  - your web server isn't accessible\n  - you have weird network configuration settings on your computer",
            "estack": "CypressError: `cy.visit()` failed trying to load:\n\nhttps://dev.websoft.ru:17592/\n\nWe attempted to make an http request to this URL but the request failed without a response.\n\nWe received this error at the network level:\n\n  > Error: connect ETIMEDOUT 212.45.14.124:17592\n\nCommon situations why this would fail:\n  - you don't have internet access\n  - you forgot to run / boot your web server\n  - your web server isn't accessible\n  - you have weird network configuration settings on your computer\n    at <unknown> (http://localhost:50441/__cypress/runner/cypress_runner.js:142407:82)\n    at visitFailedByErr (http://localhost:50441/__cypress/runner/cypress_runner.js:141695:12)\n    at <unknown> (http://localhost:50441/__cypress/runner/cypress_runner.js:142406:11)\n    at tryCatcher (http://localhost:50441/__cypress/runner/cypress_runner.js:11327:23)\n    at Promise._settlePromiseFromHandler (http://localhost:50441/__cypress/runner/cypress_runner.js:9262:31)\n    at Promise._settlePromise (http://localhost:50441/__cypress/runner/cypress_runner.js:9319:18)\n    at Promise._settlePromise0 (http://localhost:50441/__cypress/runner/cypress_runner.js:9364:10)\n    at Promise._settlePromises (http://localhost:50441/__cypress/runner/cypress_runner.js:9440:18)\n    at _drainQueueStep (http://localhost:50441/__cypress/runner/cypress_runner.js:6034:12)\n    at _drainQueue (http://localhost:50441/__cypress/runner/cypress_runner.js:6027:9)\n    at ../../node_modules/bluebird/js/release/async.js.Async._drainQueues (http://localhost:50441/__cypress/runner/cypress_runner.js:6043:5)\n    at Async.drainQueues (http://localhost:50441/__cypress/runner/cypress_runner.js:5913:14)\nFrom Your Spec Code:\n    at Login.loginUser (webpack:///./cypress/e2e/Page_object/Login.cy.js:4:11)\n    at Context.eval (webpack:///./cypress/e2e/WebSoft/Login_portal.cy.js:6:10)\n\nFrom Node.js Internals:\n  Error: connect ETIMEDOUT 212.45.14.124:17592\n      at TCPConnectWrap.afterConnect [as oncomplete] (node:net:1187:16)",
            "diff": null
          },
          "uuid": "f7238f5e-e841-4b54-918c-f67035711a5d",
          "parentUUID": "52a62c66-e310-41ad-86e9-aed9c75cae46",
          "isHook": false,
          "skipped": false
        },
        {
          "title": "Вход с валидными данными",
          "fullTitle": "Вход с валидными данными",
          "timedOut": null,
          "duration": 42476,
          "state": "failed",
          "speed": null,
          "pass": false,
          "fail": true,
          "pending": false,
          "context": null,
          "code": "login.loginUser('ag', 'ag');\ncy.url().should('include', '/home');\ncy.get('.slider-main-header').eq(1).should('have.text', 'Добро пожаловатьна HR-портал!');",
          "err": {
            "message": "CypressError: `cy.visit()` failed trying to load:\n\nhttps://dev.websoft.ru:17592/\n\nWe attempted to make an http request to this URL but the request failed without a response.\n\nWe received this error at the network level:\n\n  > Error: connect ETIMEDOUT 212.45.14.124:17592\n\nCommon situations why this would fail:\n  - you don't have internet access\n  - you forgot to run / boot your web server\n  - your web server isn't accessible\n  - you have weird network configuration settings on your computer",
            "estack": "CypressError: `cy.visit()` failed trying to load:\n\nhttps://dev.websoft.ru:17592/\n\nWe attempted to make an http request to this URL but the request failed without a response.\n\nWe received this error at the network level:\n\n  > Error: connect ETIMEDOUT 212.45.14.124:17592\n\nCommon situations why this would fail:\n  - you don't have internet access\n  - you forgot to run / boot your web server\n  - your web server isn't accessible\n  - you have weird network configuration settings on your computer\n    at <unknown> (http://localhost:50441/__cypress/runner/cypress_runner.js:142407:82)\n    at visitFailedByErr (http://localhost:50441/__cypress/runner/cypress_runner.js:141695:12)\n    at <unknown> (http://localhost:50441/__cypress/runner/cypress_runner.js:142406:11)\n    at tryCatcher (http://localhost:50441/__cypress/runner/cypress_runner.js:11327:23)\n    at Promise._settlePromiseFromHandler (http://localhost:50441/__cypress/runner/cypress_runner.js:9262:31)\n    at Promise._settlePromise (http://localhost:50441/__cypress/runner/cypress_runner.js:9319:18)\n    at Promise._settlePromise0 (http://localhost:50441/__cypress/runner/cypress_runner.js:9364:10)\n    at Promise._settlePromises (http://localhost:50441/__cypress/runner/cypress_runner.js:9440:18)\n    at _drainQueueStep (http://localhost:50441/__cypress/runner/cypress_runner.js:6034:12)\n    at _drainQueue (http://localhost:50441/__cypress/runner/cypress_runner.js:6027:9)\n    at ../../node_modules/bluebird/js/release/async.js.Async._drainQueues (http://localhost:50441/__cypress/runner/cypress_runner.js:6043:5)\n    at Async.drainQueues (http://localhost:50441/__cypress/runner/cypress_runner.js:5913:14)\nFrom Your Spec Code:\n    at Login.loginUser (webpack:///./cypress/e2e/Page_object/Login.cy.js:4:11)\n    at Context.eval (webpack:///./cypress/e2e/WebSoft/Login_portal.cy.js:15:10)\n\nFrom Node.js Internals:\n  Error: connect ETIMEDOUT 212.45.14.124:17592\n      at TCPConnectWrap.afterConnect [as oncomplete] (node:net:1187:16)",
            "diff": null
          },
          "uuid": "a9f2795b-f0b5-4cc4-a146-727ef8574ae1",
          "parentUUID": "52a62c66-e310-41ad-86e9-aed9c75cae46",
          "isHook": false,
          "skipped": false
        }
      ],
      "suites": [],
      "passes": [],
      "failures": [
        "f7238f5e-e841-4b54-918c-f67035711a5d",
        "a9f2795b-f0b5-4cc4-a146-727ef8574ae1"
      ],
      "pending": [],
      "skipped": [],
      "duration": 84997,
      "root": true,
      "rootEmpty": false,
      "_timeout": 2000
    }
  ],
  "meta": {
    "mocha": {
      "version": "7.0.1"
    },
    "mochawesome": {
      "options": {
        "quiet": false,
        "reportFilename": "mochawesome",
        "saveHtml": false,
        "saveJson": true,
        "consoleReporter": "spec",
        "useInlineDiffs": false,
        "code": true
      },
      "version": "7.1.3"
    },
    "marge": {
      "options": {
        "charts": true,
        "overwrite": false,
        "html": false,
        "json": true,
        "reportDir": "cypress/reports"
      },
      "version": "6.2.0"
    }
  }
}