{
  "stats": {
    "suites": 0,
    "tests": 3,
    "passes": 3,
    "pending": 0,
    "failures": 0,
    "start": "2023-05-02T09:11:23.004Z",
    "end": "2023-05-02T09:12:08.491Z",
    "duration": 45487,
    "testsRegistered": 3,
    "passPercent": 100,
    "pendingPercent": 0,
    "other": 0,
    "hasOther": false,
    "skipped": 0,
    "hasSkipped": false
  },
  "results": [
    {
      "uuid": "28e54426-8cac-4cc4-accb-788be5c3b618",
      "title": "",
      "fullFile": "cypress\\e2e\\WebSoft\\Learning_testing_management\\Learning_management\\Portal_open_course_check_button_start.cy.js",
      "file": "cypress\\e2e\\WebSoft\\Learning_testing_management\\Learning_management\\Portal_open_course_check_button_start.cy.js",
      "beforeHooks": [],
      "afterHooks": [],
      "tests": [
        {
          "title": "Проверка наличия кнопки \"начать\"",
          "fullTitle": "Проверка наличия кнопки \"начать\"",
          "timedOut": null,
          "duration": 20024,
          "state": "passed",
          "speed": "slow",
          "pass": true,
          "fail": false,
          "pending": false,
          "context": null,
          "code": "mainCommands.openMenuItemPage('Обучение', 'WT_0x60C1FDC25AC90F53', '/education');\nmainCommands.openWidgetLearningModule('Все электронные курсы');\nlearningManagementCommands.openAllCourses();\nlearningManagementCommands.openCoursePage('rise | scorm 2004-4 | slides + finish-button | passed/incomplete');\nmainCommands.checkButton('Начать');",
          "err": {},
          "uuid": "596ecc04-7779-4c4f-b587-d15561ec07e4",
          "parentUUID": "28e54426-8cac-4cc4-accb-788be5c3b618",
          "isHook": false,
          "skipped": false
        },
        {
          "title": "Открытие курса сотрудником на портале",
          "fullTitle": "Открытие курса сотрудником на портале",
          "timedOut": null,
          "duration": 14382,
          "state": "passed",
          "speed": "slow",
          "pass": true,
          "fail": false,
          "pending": false,
          "context": null,
          "code": "mainCommands.openMenuItemPage('Обучение', 'WT_0x60C1FDC25AC90F53', '/education');\nmainCommands.openWidgetLearningModule('Все электронные курсы');\nlearningManagementCommands.openAllCourses();\nlearningManagementCommands.openCoursePage('rise | scorm 2004-4 | slides + finish-button | passed/incomplete');\nmainCommands.checkButton('Начать');\nlearningManagementCommands.openCourse('Начать');\ncy.reload();",
          "err": {},
          "uuid": "0c6b7e77-3c1d-4020-ad85-414e1b048ad4",
          "parentUUID": "28e54426-8cac-4cc4-accb-788be5c3b618",
          "isHook": false,
          "skipped": false
        },
        {
          "title": "Проверка статуса в процессе",
          "fullTitle": "Проверка статуса в процессе",
          "timedOut": null,
          "duration": 10867,
          "state": "passed",
          "speed": "slow",
          "pass": true,
          "fail": false,
          "pending": false,
          "context": null,
          "code": "mainCommands.openMenuItemPage('Обучение', 'WT_0x60C1FDC25AC90F53', '/education');\nmainCommands.openWidgetLearningModule('Все электронные курсы');\nlearningManagementCommands.openAllCourses();\nlearningManagementCommands.openCoursePage('rise | scorm 2004-4 | slides + finish-button | passed/incomplete');\nmainCommands.findHeader('Назначен', 'WT_0x637206A63E64741F');",
          "err": {},
          "uuid": "4a9fafe9-8e2b-4633-9217-f18e4aedd122",
          "parentUUID": "28e54426-8cac-4cc4-accb-788be5c3b618",
          "isHook": false,
          "skipped": false
        }
      ],
      "suites": [],
      "passes": [
        "596ecc04-7779-4c4f-b587-d15561ec07e4",
        "0c6b7e77-3c1d-4020-ad85-414e1b048ad4",
        "4a9fafe9-8e2b-4633-9217-f18e4aedd122"
      ],
      "failures": [],
      "pending": [],
      "skipped": [],
      "duration": 45273,
      "root": true,
      "rootEmpty": false,
      "_timeout": 2000
    }
  ],
  "meta": {
    "mocha": {
      "version": "7.0.1"
    },
    "mochawesome": {
      "options": {
        "quiet": false,
        "reportFilename": "mochawesome",
        "saveHtml": false,
        "saveJson": true,
        "consoleReporter": "spec",
        "useInlineDiffs": false,
        "code": true
      },
      "version": "7.1.3"
    },
    "marge": {
      "options": {
        "charts": true,
        "overwrite": false,
        "html": false,
        "json": true,
        "reportDir": "cypress/reports"
      },
      "version": "6.2.0"
    }
  }
}