{
  "stats": {
    "suites": 1,
    "tests": 2,
    "passes": 0,
    "pending": 0,
    "failures": 2,
    "start": "2023-02-15T16:08:54.030Z",
    "end": "2023-02-15T16:09:43.142Z",
    "duration": 49112,
    "testsRegistered": 2,
    "passPercent": 0,
    "pendingPercent": 0,
    "other": 0,
    "hasOther": false,
    "skipped": 0,
    "hasSkipped": false
  },
  "results": [
    {
      "uuid": "1c45a1ed-c44b-4d4c-8eac-683bbc17b151",
      "title": "",
      "fullFile": "cypress\\e2e\\testing_tests\\test1.cy.js",
      "file": "cypress\\e2e\\testing_tests\\test1.cy.js",
      "beforeHooks": [],
      "afterHooks": [],
      "tests": [],
      "suites": [
        {
          "uuid": "337e9882-80c2-4266-b894-c7c33fee6760",
          "title": "Login form tests",
          "fullFile": "",
          "file": "",
          "beforeHooks": [],
          "afterHooks": [],
          "tests": [
            {
              "title": "should display error message when no credentials are provided",
              "fullTitle": "Login form tests should display error message when no credentials are provided",
              "timedOut": null,
              "duration": 11176,
              "state": "failed",
              "speed": null,
              "pass": false,
              "fail": true,
              "pending": false,
              "context": null,
              "code": "cy.get('#login-form-submit-btn').click();\ncy.get('#login-form-error-message').should('be.visible');",
              "err": {
                "message": "AssertionError: Timed out retrying after 8000ms: Expected to find element: `#login-form-submit-btn`, but never found it.",
                "estack": "AssertionError: Timed out retrying after 8000ms: Expected to find element: `#login-form-submit-btn`, but never found it.\n    at Context.eval (webpack:///./cypress/e2e/testing_tests/test1.cy.js:46:9)",
                "diff": null
              },
              "uuid": "c9d27f5f-aae6-4a94-968c-c5214b6d4f89",
              "parentUUID": "337e9882-80c2-4266-b894-c7c33fee6760",
              "isHook": false,
              "skipped": false
            },
            {
              "title": "should accept valid credentials",
              "fullTitle": "Login form tests should accept valid credentials",
              "timedOut": null,
              "duration": 9508,
              "state": "failed",
              "speed": null,
              "pass": false,
              "fail": true,
              "pending": false,
              "context": null,
              "code": "cy.get('#login-form-username').type('username');\ncy.get('#login-form-password').type('password');\ncy.get('#login-form-submit-btn').click();\ncy.url().should('include', '/dashboard');",
              "err": {
                "message": "AssertionError: Timed out retrying after 8000ms: Expected to find element: `#login-form-username`, but never found it.",
                "estack": "AssertionError: Timed out retrying after 8000ms: Expected to find element: `#login-form-username`, but never found it.\n    at Context.eval (webpack:///./cypress/e2e/testing_tests/test1.cy.js:51:9)",
                "diff": null
              },
              "uuid": "b80a4f4c-1c7b-43b4-ab3f-9e4bbd8037e5",
              "parentUUID": "337e9882-80c2-4266-b894-c7c33fee6760",
              "isHook": false,
              "skipped": false
            }
          ],
          "suites": [],
          "passes": [],
          "failures": [
            "c9d27f5f-aae6-4a94-968c-c5214b6d4f89",
            "b80a4f4c-1c7b-43b4-ab3f-9e4bbd8037e5"
          ],
          "pending": [],
          "skipped": [],
          "duration": 20684,
          "root": false,
          "rootEmpty": false,
          "_timeout": 2000
        }
      ],
      "passes": [],
      "failures": [],
      "pending": [],
      "skipped": [],
      "duration": 0,
      "root": true,
      "rootEmpty": true,
      "_timeout": 2000
    }
  ],
  "meta": {
    "mocha": {
      "version": "7.0.1"
    },
    "mochawesome": {
      "options": {
        "quiet": false,
        "reportFilename": "mochawesome",
        "saveHtml": false,
        "saveJson": true,
        "consoleReporter": "spec",
        "useInlineDiffs": false,
        "code": true
      },
      "version": "7.1.3"
    },
    "marge": {
      "options": {
        "charts": true,
        "overwrite": false,
        "html": false,
        "json": true,
        "reportDir": "cypress/reports"
      },
      "version": "6.2.0"
    }
  }
}