{
  "stats": {
    "suites": 0,
    "tests": 4,
    "passes": 4,
    "pending": 0,
    "failures": 0,
    "start": "2023-04-28T13:17:42.038Z",
    "end": "2023-04-28T13:19:50.745Z",
    "duration": 128707,
    "testsRegistered": 4,
    "passPercent": 100,
    "pendingPercent": 0,
    "other": 0,
    "hasOther": false,
    "skipped": 0,
    "hasSkipped": false
  },
  "results": [
    {
      "uuid": "ca922b9e-6ced-4319-ad64-1932abfacade",
      "title": "",
      "fullFile": "cypress\\e2e\\WebSoft\\Learning_testing_management\\Testing_management\\Portal_test_completion_badly.cy.js",
      "file": "cypress\\e2e\\WebSoft\\Learning_testing_management\\Testing_management\\Portal_test_completion_badly.cy.js",
      "beforeHooks": [],
      "afterHooks": [],
      "tests": [
        {
          "title": "В админке настройка теста",
          "fullTitle": "В админке настройка теста",
          "timedOut": null,
          "duration": 61763,
          "state": "passed",
          "speed": "slow",
          "pass": true,
          "fail": false,
          "pending": false,
          "context": null,
          "code": "login.loginAdmin('user1', 'user1');\ncy.xpath('/html/body/div/div/div/div[3]/div/div[1]/div[1]/div[1]/div[3]').click();\ncy.xpath('/html/body/div/div/div/div[3]/div/div[6]/div/div[3]/div[2]').click();\ncy.xpath('/html/body/div/div/div/div[5]/div/div[1]/div[11]/div[2]/div/div[1]/div[1]').dblclick();\ncy.xpath('/html/body/div[2]/div[2]/div[2]/div[4]/div/div[4]/div[2]').click();\ncy.xpath('/html/body/div[2]/div[2]/div[4]/div[1]/div[10]').click();\ncy.xpath('/html/body/div[3]/div/div[1]').click();\ncy.xpath('./html/body/div[2]/div[2]/div[1]/div[4]').click();",
          "err": {},
          "uuid": "d89fd409-e187-4b37-80f2-f54ebbccb923",
          "parentUUID": "ca922b9e-6ced-4319-ad64-1932abfacade",
          "isHook": false,
          "skipped": false
        },
        {
          "title": "Прохождение теста неуспешно",
          "fullTitle": "Прохождение теста неуспешно",
          "timedOut": null,
          "duration": 40931,
          "state": "passed",
          "speed": "slow",
          "pass": true,
          "fail": false,
          "pending": false,
          "context": null,
          "code": "menuItems.openEducationPage();\nmainCommands.openWidgetLearningModule('Все тесты');\ntestingManagementCommands.openAllTests();\ntestingManagementCommands.openTestPage('Занимательная география');\nmainCommands.checkButton('Начать');\ntestingManagementCommands.openTestPlayer('Начать');\ntestingManagementCommands.completeTestBadly();",
          "err": {},
          "uuid": "57f2d9de-9d53-4128-8342-fa4863824ffc",
          "parentUUID": "ca922b9e-6ced-4319-ad64-1932abfacade",
          "isHook": false,
          "skipped": false
        },
        {
          "title": "Проверка статуса",
          "fullTitle": "Проверка статуса",
          "timedOut": null,
          "duration": 12800,
          "state": "passed",
          "speed": "slow",
          "pass": true,
          "fail": false,
          "pending": false,
          "context": null,
          "code": "menuItems.openEducationPage();\nmainCommands.openWidgetLearningModule('Все тесты');\ntestingManagementCommands.openAllTests();\ntestingManagementCommands.openTestPage('Занимательная география');\nmainCommands.findHeader('Не пройден', 'WT_0x637B77422CF629BF');",
          "err": {},
          "uuid": "f6d36728-1435-4efc-a707-0d62e261b89a",
          "parentUUID": "ca922b9e-6ced-4319-ad64-1932abfacade",
          "isHook": false,
          "skipped": false
        },
        {
          "title": "Проверка баллов",
          "fullTitle": "Проверка баллов",
          "timedOut": null,
          "duration": 12560,
          "state": "passed",
          "speed": "slow",
          "pass": true,
          "fail": false,
          "pending": false,
          "context": null,
          "code": "menuItems.openEducationPage();\nmainCommands.openWidgetLearningModule('Все тесты');\ntestingManagementCommands.openAllTests();\ntestingManagementCommands.openTestPage('Занимательная география');\nmainCommands.findHeader('0', 'WT_0x637B774B60D76ABE');",
          "err": {},
          "uuid": "be2d754c-4ef4-4f6f-8293-ae6746567cdd",
          "parentUUID": "ca922b9e-6ced-4319-ad64-1932abfacade",
          "isHook": false,
          "skipped": false
        }
      ],
      "suites": [],
      "passes": [
        "d89fd409-e187-4b37-80f2-f54ebbccb923",
        "57f2d9de-9d53-4128-8342-fa4863824ffc",
        "f6d36728-1435-4efc-a707-0d62e261b89a",
        "be2d754c-4ef4-4f6f-8293-ae6746567cdd"
      ],
      "failures": [],
      "pending": [],
      "skipped": [],
      "duration": 128054,
      "root": true,
      "rootEmpty": false,
      "_timeout": 2000
    }
  ],
  "meta": {
    "mocha": {
      "version": "7.0.1"
    },
    "mochawesome": {
      "options": {
        "quiet": false,
        "reportFilename": "mochawesome",
        "saveHtml": false,
        "saveJson": true,
        "consoleReporter": "spec",
        "useInlineDiffs": false,
        "code": true
      },
      "version": "7.1.3"
    },
    "marge": {
      "options": {
        "charts": true,
        "overwrite": false,
        "html": false,
        "json": true,
        "reportDir": "cypress/reports"
      },
      "version": "6.2.0"
    }
  }
}