{
  "stats": {
    "suites": 0,
    "tests": 3,
    "passes": 3,
    "pending": 0,
    "failures": 0,
    "start": "2023-05-02T08:12:47.672Z",
    "end": "2023-05-02T08:13:38.283Z",
    "duration": 50611,
    "testsRegistered": 3,
    "passPercent": 100,
    "pendingPercent": 0,
    "other": 0,
    "hasOther": false,
    "skipped": 0,
    "hasSkipped": false
  },
  "results": [
    {
      "uuid": "c1cb1d18-935d-4642-b004-55d067f26a1b",
      "title": "",
      "fullFile": "cypress\\e2e\\WebSoft\\Learning_testing_management\\Testing_management\\Portal_test_completion_succesfully.cy.js",
      "file": "cypress\\e2e\\WebSoft\\Learning_testing_management\\Testing_management\\Portal_test_completion_succesfully.cy.js",
      "beforeHooks": [],
      "afterHooks": [],
      "tests": [
        {
          "title": "Прохождение теста успешно",
          "fullTitle": "Прохождение теста успешно",
          "timedOut": null,
          "duration": 29691,
          "state": "passed",
          "speed": "slow",
          "pass": true,
          "fail": false,
          "pending": false,
          "context": null,
          "code": "mainCommands.openMenuItemPage('Обучение', 'WT_0x60C1FDC25AC90F53', '/education');\nmainCommands.openWidgetLearningModule('Все тесты');\ntestingManagementCommands.openAllTests();\ntestingManagementCommands.openTestPage('_Занимательная география_cypress');\nmainCommands.checkButton('Начать');\ntestingManagementCommands.openTestPlayer('Начать');\ntestingManagementCommands.completeTestSuccesfully();",
          "err": {},
          "uuid": "07b52d37-6130-42b8-9393-ded486512a32",
          "parentUUID": "c1cb1d18-935d-4642-b004-55d067f26a1b",
          "isHook": false,
          "skipped": false
        },
        {
          "title": "Проверка статуса",
          "fullTitle": "Проверка статуса",
          "timedOut": null,
          "duration": 9790,
          "state": "passed",
          "speed": "medium",
          "pass": true,
          "fail": false,
          "pending": false,
          "context": null,
          "code": "mainCommands.openMenuItemPage('Обучение', 'WT_0x60C1FDC25AC90F53', '/education');\nmainCommands.openWidgetLearningModule('Все тесты');\ntestingManagementCommands.openAllTests();\ntestingManagementCommands.openTestPage('_Занимательная география_cypress');\nmainCommands.findHeader('Пройден', 'WT_0x637B77422CF629BF');",
          "err": {},
          "uuid": "8b8a38d5-3c36-455e-9e55-a89496382f37",
          "parentUUID": "c1cb1d18-935d-4642-b004-55d067f26a1b",
          "isHook": false,
          "skipped": false
        },
        {
          "title": "Проверка баллов",
          "fullTitle": "Проверка баллов",
          "timedOut": null,
          "duration": 10962,
          "state": "passed",
          "speed": "slow",
          "pass": true,
          "fail": false,
          "pending": false,
          "context": null,
          "code": "mainCommands.openMenuItemPage('Обучение', 'WT_0x60C1FDC25AC90F53', '/education');\nmainCommands.openWidgetLearningModule('Все тесты');\ntestingManagementCommands.openAllTests();\ntestingManagementCommands.openTestPage('_Занимательная география_cypress');\nmainCommands.findHeader('6', 'WT_0x637B774B60D76ABE');",
          "err": {},
          "uuid": "03c3b4b3-15d5-408f-90c4-eb5f753caa3d",
          "parentUUID": "c1cb1d18-935d-4642-b004-55d067f26a1b",
          "isHook": false,
          "skipped": false
        }
      ],
      "suites": [],
      "passes": [
        "07b52d37-6130-42b8-9393-ded486512a32",
        "8b8a38d5-3c36-455e-9e55-a89496382f37",
        "03c3b4b3-15d5-408f-90c4-eb5f753caa3d"
      ],
      "failures": [],
      "pending": [],
      "skipped": [],
      "duration": 50443,
      "root": true,
      "rootEmpty": false,
      "_timeout": 2000
    }
  ],
  "meta": {
    "mocha": {
      "version": "7.0.1"
    },
    "mochawesome": {
      "options": {
        "quiet": false,
        "reportFilename": "mochawesome",
        "saveHtml": false,
        "saveJson": true,
        "consoleReporter": "spec",
        "useInlineDiffs": false,
        "code": true
      },
      "version": "7.1.3"
    },
    "marge": {
      "options": {
        "charts": true,
        "overwrite": false,
        "html": false,
        "json": true,
        "reportDir": "cypress/reports"
      },
      "version": "6.2.0"
    }
  }
}