{
  "stats": {
    "suites": 1,
    "tests": 1,
    "passes": 0,
    "pending": 0,
    "failures": 1,
    "start": "2023-02-10T16:34:18.170Z",
    "end": "2023-02-10T16:34:19.564Z",
    "duration": 1394,
    "testsRegistered": 3,
    "passPercent": 0,
    "pendingPercent": 0,
    "other": 0,
    "hasOther": false,
    "skipped": 2,
    "hasSkipped": true
  },
  "results": [
    {
      "uuid": "2b40e438-1d39-4ac6-a6dd-11459ef5d093",
      "title": "",
      "fullFile": "cypress\\e2e\\kipascriber_appeareance\\case.spec.cy.js",
      "file": "cypress\\e2e\\kipascriber_appeareance\\case.spec.cy.js",
      "beforeHooks": [],
      "afterHooks": [],
      "tests": [],
      "suites": [
        {
          "uuid": "1d8040f8-0a28-468d-a239-06a0773e2dcb",
          "title": "Вход на портал",
          "fullFile": "",
          "file": "",
          "beforeHooks": [],
          "afterHooks": [],
          "tests": [
            {
              "title": "Содержит текст на главной кнопке:",
              "fullTitle": "Вход на портал Содержит текст на главной кнопке:",
              "timedOut": null,
              "duration": 1219,
              "state": "failed",
              "speed": null,
              "pass": false,
              "fail": true,
              "pending": false,
              "context": null,
              "code": "cy.log(`Шаг 2 - Проверить, что кнопка регистрация содержит текст \" Регистрация \"`);\ncy.get(_case.PageObject.Button).should('have.text', _case.Text.Number);",
              "err": {
                "message": "CypressError: `cy.visit()` failed trying to load:\n\nhttp://127.0.0.1/\n\nWe attempted to make an http request to this URL but the request failed without a response.\n\nWe received this error at the network level:\n\n  > Error: connect ECONNREFUSED 127.0.0.1:80\n\nCommon situations why this would fail:\n  - you don't have internet access\n  - you forgot to run / boot your web server\n  - your web server isn't accessible\n  - you have weird network configuration settings on your computer\n\nBecause this error occurred during a `before each` hook we are skipping the remaining tests in the current suite: `Вход на портал`",
                "estack": "CypressError: `cy.visit()` failed trying to load:\n\nhttp://127.0.0.1/\n\nWe attempted to make an http request to this URL but the request failed without a response.\n\nWe received this error at the network level:\n\n  > Error: connect ECONNREFUSED 127.0.0.1:80\n\nCommon situations why this would fail:\n  - you don't have internet access\n  - you forgot to run / boot your web server\n  - your web server isn't accessible\n  - you have weird network configuration settings on your computer\n\nBecause this error occurred during a `before each` hook we are skipping the remaining tests in the current suite: `Вход на портал`\n    at <unknown> (http://localhost:56593/__cypress/runner/cypress_runner.js:142407:82)\n    at visitFailedByErr (http://localhost:56593/__cypress/runner/cypress_runner.js:141695:12)\n    at <unknown> (http://localhost:56593/__cypress/runner/cypress_runner.js:142406:11)\n    at tryCatcher (http://localhost:56593/__cypress/runner/cypress_runner.js:11327:23)\n    at Promise._settlePromiseFromHandler (http://localhost:56593/__cypress/runner/cypress_runner.js:9262:31)\n    at Promise._settlePromise (http://localhost:56593/__cypress/runner/cypress_runner.js:9319:18)\n    at Promise._settlePromise0 (http://localhost:56593/__cypress/runner/cypress_runner.js:9364:10)\n    at Promise._settlePromises (http://localhost:56593/__cypress/runner/cypress_runner.js:9440:18)\n    at _drainQueueStep (http://localhost:56593/__cypress/runner/cypress_runner.js:6034:12)\n    at _drainQueue (http://localhost:56593/__cypress/runner/cypress_runner.js:6027:9)\n    at ../../node_modules/bluebird/js/release/async.js.Async._drainQueues (http://localhost:56593/__cypress/runner/cypress_runner.js:6043:5)\n    at Async.drainQueues (http://localhost:56593/__cypress/runner/cypress_runner.js:5913:14)\nFrom Your Spec Code:\n    at Context.eval (webpack:///./cypress/e2e/kipascriber_appeareance/case.spec.cy.js:6:7)\n\nFrom Node.js Internals:\n  Error: connect ECONNREFUSED 127.0.0.1:80\n      at TCPConnectWrap.afterConnect [as oncomplete] (node:net:1187:16)",
                "diff": null
              },
              "uuid": "062848aa-41d8-429f-81bb-5388e73e6139",
              "parentUUID": "1d8040f8-0a28-468d-a239-06a0773e2dcb",
              "isHook": false,
              "skipped": false
            },
            {
              "title": "Вход на портал",
              "fullTitle": "Вход на портал Вход на портал",
              "timedOut": null,
              "duration": 0,
              "state": "skipped",
              "speed": null,
              "pass": false,
              "fail": false,
              "pending": false,
              "context": null,
              "code": "cy.log(`Шаг 2 - Кликнуть на элемент с текстом \"Вход\"`);\ncy.contains(_case.Text.Number1).click();",
              "err": {},
              "uuid": "5b9a2f02-174d-47bc-9d0f-fbb7b9348d4b",
              "parentUUID": "1d8040f8-0a28-468d-a239-06a0773e2dcb",
              "isHook": false,
              "skipped": true
            },
            {
              "title": "",
              "fullTitle": "Вход на портал ",
              "timedOut": null,
              "duration": 0,
              "state": "skipped",
              "speed": null,
              "pass": false,
              "fail": false,
              "pending": false,
              "context": null,
              "code": "",
              "err": {},
              "uuid": "0ec5bedf-0c2e-4718-9b39-698be597a966",
              "parentUUID": "1d8040f8-0a28-468d-a239-06a0773e2dcb",
              "isHook": false,
              "skipped": true
            }
          ],
          "suites": [],
          "passes": [],
          "failures": [
            "062848aa-41d8-429f-81bb-5388e73e6139"
          ],
          "pending": [],
          "skipped": [
            "5b9a2f02-174d-47bc-9d0f-fbb7b9348d4b",
            "0ec5bedf-0c2e-4718-9b39-698be597a966"
          ],
          "duration": 1219,
          "root": false,
          "rootEmpty": false,
          "_timeout": 2000
        }
      ],
      "passes": [],
      "failures": [],
      "pending": [],
      "skipped": [],
      "duration": 0,
      "root": true,
      "rootEmpty": true,
      "_timeout": 2000
    }
  ],
  "meta": {
    "mocha": {
      "version": "7.0.1"
    },
    "mochawesome": {
      "options": {
        "quiet": false,
        "reportFilename": "mochawesome",
        "saveHtml": false,
        "saveJson": true,
        "consoleReporter": "spec",
        "useInlineDiffs": false,
        "code": true
      },
      "version": "7.1.3"
    },
    "marge": {
      "options": {
        "charts": true,
        "overwrite": false,
        "html": false,
        "json": true,
        "reportDir": "cypress/reports"
      },
      "version": "6.2.0"
    }
  }
}