{
  "stats": {
    "suites": 0,
    "tests": 2,
    "passes": 2,
    "pending": 0,
    "failures": 0,
    "start": "2023-03-06T07:46:50.725Z",
    "end": "2023-03-06T07:48:15.284Z",
    "duration": 84559,
    "testsRegistered": 2,
    "passPercent": 100,
    "pendingPercent": 0,
    "other": 0,
    "hasOther": false,
    "skipped": 0,
    "hasSkipped": false
  },
  "results": [
    {
      "uuid": "0166a12c-e1f1-47c9-8488-6d67914194f2",
      "title": "",
      "fullFile": "cypress\\e2e\\WebSoft\\sdo\\sdu\\Admin_Create_Assing_e-course.check.cy.js",
      "file": "cypress\\e2e\\WebSoft\\sdo\\sdu\\Admin_Create_Assing_e-course.check.cy.js",
      "beforeHooks": [],
      "afterHooks": [],
      "tests": [
        {
          "title": "Создание и назначение курса сотруднику",
          "fullTitle": "Создание и назначение курса сотруднику",
          "timedOut": null,
          "duration": 65217,
          "state": "passed",
          "speed": "slow",
          "pass": true,
          "fail": false,
          "pending": false,
          "context": null,
          "code": "login.loginAdmin('user1', 'user1');\ncy.xpath('/html/body/div/div/div/div[3]/div/div[1]/div[1]/div[1]/div[2]/div[2]').click();\ncy.contains('Электронные курсы').click();\ncy.contains('Новая запись').click();\ncy.xpath('/html/body/div[2]/div[2]/div[4]/div[1]/input[1]').type('12');\ncy.xpath('/html/body/div[2]/div[2]/div[4]/div[1]/input[2]').type('test');\ncy.xpath('/html/body/div[2]/div[2]/div[1]/div[4]/div/img').click();\ncy.xpath('/html/body/div/div/div/div[3]/div/div[1]/div[1]/div[1]/div[1]/div[2]/img', {\n  timeout: 10000\n}).click();\ncy.get('[class=WssListCell]').contains('Белоусова').rightclick();\ncy.contains('Назначить электронные курсы').click();\ncy.contains('test').dblclick();\ncy.contains('Применить').click();\ncy.contains('Применить', {\n  timeout: 10000\n}).click();",
          "err": {},
          "uuid": "5910b352-68e1-4ae9-b675-356f9d2508d7",
          "parentUUID": "0166a12c-e1f1-47c9-8488-6d67914194f2",
          "isHook": false,
          "skipped": false
        },
        {
          "title": "Отображение назначенного курса на портале у сотрудника",
          "fullTitle": "Отображение назначенного курса на портале у сотрудника",
          "timedOut": null,
          "duration": 15098,
          "state": "passed",
          "speed": "slow",
          "pass": true,
          "fail": false,
          "pending": false,
          "context": null,
          "code": "login.loginUser('BT', 'BT');\ncy.get(':nth-child(4) > .menu-link > span').click();\ncy.get('#WT_0x6160005D62231D06 > .wt-lp-button-wrapper > .wt-lp-wbutton-link > .wt-lp-wbutton-btn > .wt-lp-wbutton-text').click();\ncy.contains('test').should('contain', 'test');",
          "err": {},
          "uuid": "3932e021-f3a3-4176-b8a6-1d8033281153",
          "parentUUID": "0166a12c-e1f1-47c9-8488-6d67914194f2",
          "isHook": false,
          "skipped": false
        }
      ],
      "suites": [],
      "passes": [
        "5910b352-68e1-4ae9-b675-356f9d2508d7",
        "3932e021-f3a3-4176-b8a6-1d8033281153"
      ],
      "failures": [],
      "pending": [],
      "skipped": [],
      "duration": 80315,
      "root": true,
      "rootEmpty": false,
      "_timeout": 2000
    }
  ],
  "meta": {
    "mocha": {
      "version": "7.0.1"
    },
    "mochawesome": {
      "options": {
        "quiet": false,
        "reportFilename": "mochawesome",
        "saveHtml": false,
        "saveJson": true,
        "consoleReporter": "spec",
        "useInlineDiffs": false,
        "code": true
      },
      "version": "7.1.3"
    },
    "marge": {
      "options": {
        "charts": true,
        "overwrite": false,
        "html": false,
        "json": true,
        "reportDir": "cypress/reports"
      },
      "version": "6.2.0"
    }
  }
}