{
  "stats": {
    "suites": 0,
    "tests": 3,
    "passes": 2,
    "pending": 0,
    "failures": 1,
    "start": "2023-04-28T12:19:12.184Z",
    "end": "2023-04-28T12:21:10.079Z",
    "duration": 117895,
    "testsRegistered": 3,
    "passPercent": 66.66666666666666,
    "pendingPercent": 0,
    "other": 0,
    "hasOther": false,
    "skipped": 0,
    "hasSkipped": false
  },
  "results": [
    {
      "uuid": "bfd2d74b-e6df-448f-a7d9-eb1fa0456a42",
      "title": "",
      "fullFile": "cypress\\e2e\\WebSoft\\Learning_testing_management\\Learning_management\\Portal_course_completion.cy.js",
      "file": "cypress\\e2e\\WebSoft\\Learning_testing_management\\Learning_management\\Portal_course_completion.cy.js",
      "beforeHooks": [],
      "afterHooks": [],
      "tests": [
        {
          "title": "Открытие и прохождение курса",
          "fullTitle": "Открытие и прохождение курса",
          "timedOut": null,
          "duration": 49569,
          "state": "passed",
          "speed": "slow",
          "pass": true,
          "fail": false,
          "pending": false,
          "context": null,
          "code": "mainCommands.interceptChangeObjectUrl('**/TEMP/*/**');\nlogin.loginUser('TA', 'TA');\nmenuItems.openEducationPage();\nmainCommands.openWidgetLearningModule('Все электронные курсы');\nlearningManagementCommands.openAllCourses();\nlearningManagementCommands.openCoursePage('rise | scorm 2004-4 | slides + finish-button | passed/incomplete');\nmainCommands.checkButton('Начать');\nlearningManagementCommands.completeCourse();",
          "err": {},
          "uuid": "62ab7da1-2d5b-4acd-ac00-2759bddbd5f4",
          "parentUUID": "bfd2d74b-e6df-448f-a7d9-eb1fa0456a42",
          "isHook": false,
          "skipped": false
        },
        {
          "title": "Проверка статуса завершен",
          "fullTitle": "Проверка статуса завершен",
          "timedOut": null,
          "duration": 55310,
          "state": "failed",
          "speed": null,
          "pass": false,
          "fail": true,
          "pending": false,
          "context": null,
          "code": "login.loginUser('TA', 'TA');\nmenuItems.openEducationPage();\nmainCommands.openWidgetLearningModule('Все электронные курсы');\nlearningManagementCommands.openAllCourses();\nlearningManagementCommands.openCoursePage('rise | scorm 2004-4 | slides + finish-button | passed/incomplete');\nmainCommands.findHeader('Завершен', 'WT_0x637206A63E64741F');",
          "err": {
            "message": "AssertionError: Timed out retrying after 40000ms: expected '<div#WT_0x637206A63E64741F.wt-lp-witemlist-workarea.wt-lp-witemlist-type-row.wt-lp-base-font-size.wt-lp-workarea-width>' to contain 'Завершен'",
            "estack": "AssertionError: Timed out retrying after 40000ms: expected '<div#WT_0x637206A63E64741F.wt-lp-witemlist-workarea.wt-lp-witemlist-type-row.wt-lp-base-font-size.wt-lp-workarea-width>' to contain 'Завершен'\n    at MainCommands.findHeader (webpack:///./cypress/e2e/Page_object/All_pages_commands.cy.js:15:7)\n    at Context.eval (webpack:///./cypress/e2e/WebSoft/Learning_testing_management/Learning_management/Portal_course_completion.cy.js:28:17)",
            "diff": null
          },
          "uuid": "f636a29f-0aa0-4b27-b215-4da3a136fec6",
          "parentUUID": "bfd2d74b-e6df-448f-a7d9-eb1fa0456a42",
          "isHook": false,
          "skipped": false
        },
        {
          "title": "Проверка баллов",
          "fullTitle": "Проверка баллов",
          "timedOut": null,
          "duration": 12439,
          "state": "passed",
          "speed": "slow",
          "pass": true,
          "fail": false,
          "pending": false,
          "context": null,
          "code": "login.loginUser('TA', 'TA');\nmenuItems.openEducationPage();\nmainCommands.openWidgetLearningModule('Все электронные курсы');\nlearningManagementCommands.openAllCourses();\nlearningManagementCommands.openCoursePage('rise | scorm 2004-4 | slides + finish-button | passed/incomplete');\nmainCommands.findHeader('0', 'WT_0x637206AE54985ECB');",
          "err": {},
          "uuid": "267c68a2-c32f-47b4-b87b-07081f7d3d73",
          "parentUUID": "bfd2d74b-e6df-448f-a7d9-eb1fa0456a42",
          "isHook": false,
          "skipped": false
        }
      ],
      "suites": [],
      "passes": [
        "62ab7da1-2d5b-4acd-ac00-2759bddbd5f4",
        "267c68a2-c32f-47b4-b87b-07081f7d3d73"
      ],
      "failures": [
        "f636a29f-0aa0-4b27-b215-4da3a136fec6"
      ],
      "pending": [],
      "skipped": [],
      "duration": 117318,
      "root": true,
      "rootEmpty": false,
      "_timeout": 2000
    }
  ],
  "meta": {
    "mocha": {
      "version": "7.0.1"
    },
    "mochawesome": {
      "options": {
        "quiet": false,
        "reportFilename": "mochawesome",
        "saveHtml": false,
        "saveJson": true,
        "consoleReporter": "spec",
        "useInlineDiffs": false,
        "code": true
      },
      "version": "7.1.3"
    },
    "marge": {
      "options": {
        "charts": true,
        "overwrite": false,
        "html": false,
        "json": true,
        "reportDir": "cypress/reports"
      },
      "version": "6.2.0"
    }
  }
}