{
  "stats": {
    "suites": 0,
    "tests": 5,
    "passes": 5,
    "pending": 0,
    "failures": 0,
    "start": "2023-05-02T08:00:40.115Z",
    "end": "2023-05-02T08:01:54.827Z",
    "duration": 74712,
    "testsRegistered": 5,
    "passPercent": 100,
    "pendingPercent": 0,
    "other": 0,
    "hasOther": false,
    "skipped": 0,
    "hasSkipped": false
  },
  "results": [
    {
      "uuid": "34451814-654c-475a-ab40-fb7b2a06a14b",
      "title": "",
      "fullFile": "cypress\\e2e\\WebSoft\\Learning_testing_management\\Learning_management\\Portal_main_modules.cy.js",
      "file": "cypress\\e2e\\WebSoft\\Learning_testing_management\\Learning_management\\Portal_main_modules.cy.js",
      "beforeHooks": [],
      "afterHooks": [],
      "tests": [
        {
          "title": "Проверка модуля Сообщество",
          "fullTitle": "Проверка модуля Сообщество",
          "timedOut": null,
          "duration": 23721,
          "state": "passed",
          "speed": "slow",
          "pass": true,
          "fail": false,
          "pending": false,
          "context": null,
          "code": "mainCommands.openMenuItemPage('Сообщество', 'WT_0x631A0AC0694A65DC', '/community');",
          "err": {},
          "uuid": "cc9506da-64fa-48b5-a732-41b8938bd335",
          "parentUUID": "34451814-654c-475a-ab40-fb7b2a06a14b",
          "isHook": false,
          "skipped": false
        },
        {
          "title": "Проверка модуля Сервисы",
          "fullTitle": "Проверка модуля Сервисы",
          "timedOut": null,
          "duration": 9805,
          "state": "passed",
          "speed": "medium",
          "pass": true,
          "fail": false,
          "pending": false,
          "context": null,
          "code": "mainCommands.openMenuItemPage('Сервисы', 'WT_0x631729B832C5719F', '/allservices');",
          "err": {},
          "uuid": "f4210473-0b69-49ef-ab9f-ac22df8e3e7f",
          "parentUUID": "34451814-654c-475a-ab40-fb7b2a06a14b",
          "isHook": false,
          "skipped": false
        },
        {
          "title": "Проверка модуля Знания",
          "fullTitle": "Проверка модуля Знания",
          "timedOut": null,
          "duration": 11801,
          "state": "passed",
          "speed": "slow",
          "pass": true,
          "fail": false,
          "pending": false,
          "context": null,
          "code": "mainCommands.openMenuItemPage('Знания', 'WT_0x60ED6DFF7B3958BF', '/knowledges');",
          "err": {},
          "uuid": "7b5e1439-a12c-4685-ac1b-e87a5c46fc81",
          "parentUUID": "34451814-654c-475a-ab40-fb7b2a06a14b",
          "isHook": false,
          "skipped": false
        },
        {
          "title": "Проверка модуля Обучение",
          "fullTitle": "Проверка модуля Обучение",
          "timedOut": null,
          "duration": 17211,
          "state": "passed",
          "speed": "slow",
          "pass": true,
          "fail": false,
          "pending": false,
          "context": null,
          "code": "mainCommands.openMenuItemPage('Обучение', 'WT_0x60C1FDC25AC90F53', '/education');",
          "err": {},
          "uuid": "79ada58f-37c0-485e-a082-88c11bda9e6e",
          "parentUUID": "34451814-654c-475a-ab40-fb7b2a06a14b",
          "isHook": false,
          "skipped": false
        },
        {
          "title": "Проверка модуля Команда",
          "fullTitle": "Проверка модуля Команда",
          "timedOut": null,
          "duration": 11933,
          "state": "passed",
          "speed": "slow",
          "pass": true,
          "fail": false,
          "pending": false,
          "context": null,
          "code": "usefulFunctions.openTeamPage();",
          "err": {},
          "uuid": "c5b150e3-120c-4001-82a6-7a6983287c14",
          "parentUUID": "34451814-654c-475a-ab40-fb7b2a06a14b",
          "isHook": false,
          "skipped": false
        }
      ],
      "suites": [],
      "passes": [
        "cc9506da-64fa-48b5-a732-41b8938bd335",
        "f4210473-0b69-49ef-ab9f-ac22df8e3e7f",
        "7b5e1439-a12c-4685-ac1b-e87a5c46fc81",
        "79ada58f-37c0-485e-a082-88c11bda9e6e",
        "c5b150e3-120c-4001-82a6-7a6983287c14"
      ],
      "failures": [],
      "pending": [],
      "skipped": [],
      "duration": 74471,
      "root": true,
      "rootEmpty": false,
      "_timeout": 2000
    }
  ],
  "meta": {
    "mocha": {
      "version": "7.0.1"
    },
    "mochawesome": {
      "options": {
        "quiet": false,
        "reportFilename": "mochawesome",
        "saveHtml": false,
        "saveJson": true,
        "consoleReporter": "spec",
        "useInlineDiffs": false,
        "code": true
      },
      "version": "7.1.3"
    },
    "marge": {
      "options": {
        "charts": true,
        "overwrite": false,
        "html": false,
        "json": true,
        "reportDir": "cypress/reports"
      },
      "version": "6.2.0"
    }
  }
}