{
  "stats": {
    "suites": 0,
    "tests": 3,
    "passes": 1,
    "pending": 0,
    "failures": 2,
    "start": "2023-04-27T14:46:57.036Z",
    "end": "2023-04-27T14:50:11.632Z",
    "duration": 194596,
    "testsRegistered": 3,
    "passPercent": 33.33333333333333,
    "pendingPercent": 0,
    "other": 0,
    "hasOther": false,
    "skipped": 0,
    "hasSkipped": false
  },
  "results": [
    {
      "uuid": "5d497231-2bac-4b80-8464-6dd94a9da93f",
      "title": "",
      "fullFile": "cypress\\e2e\\WebSoft\\Learning_testing_management\\Learning_management\\Portal_course_completion.cy.js",
      "file": "cypress\\e2e\\WebSoft\\Learning_testing_management\\Learning_management\\Portal_course_completion.cy.js",
      "beforeHooks": [],
      "afterHooks": [],
      "tests": [
        {
          "title": "Открытие и прохождение курса",
          "fullTitle": "Открытие и прохождение курса",
          "timedOut": null,
          "duration": 93075,
          "state": "failed",
          "speed": null,
          "pass": false,
          "fail": true,
          "pending": false,
          "context": null,
          "code": "mainCommands.interceptChangeObjectUrl('**/TEMP/*/**');\nlogin.loginUser('TA', 'TA');\nmenuItems.openEducationPage();\nmainCommands.openWidgetLearningModule('Все электронные курсы');\nlearningManagementCommands.openAllCourses();\nlearningManagementCommands.openCoursePage('rise | scorm 2004-4 | slides + finish-button | passed/incomplete');\nmainCommands.checkButton('Начать');\nlearningManagementCommands.completeCourse();",
          "err": {
            "message": "CypressError: `cy.screenshot()` timed out waiting `30000ms` to complete.",
            "estack": "CypressError: `cy.screenshot()` timed out waiting `30000ms` to complete.\n    at https://dev.websoft.ru:16598/__cypress/runner/cypress_runner.js:139862:81\n    at tryCatcher (https://dev.websoft.ru:16598/__cypress/runner/cypress_runner.js:8914:23)\n    at https://dev.websoft.ru:16598/__cypress/runner/cypress_runner.js:4036:41\n    at tryCatcher (https://dev.websoft.ru:16598/__cypress/runner/cypress_runner.js:8914:23)\n    at Promise._settlePromiseFromHandler (https://dev.websoft.ru:16598/__cypress/runner/cypress_runner.js:6849:31)\n    at Promise._settlePromise (https://dev.websoft.ru:16598/__cypress/runner/cypress_runner.js:6906:18)\n    at Promise._settlePromise0 (https://dev.websoft.ru:16598/__cypress/runner/cypress_runner.js:6951:10)\n    at Promise._settlePromises (https://dev.websoft.ru:16598/__cypress/runner/cypress_runner.js:7027:18)\n    at _drainQueueStep (https://dev.websoft.ru:16598/__cypress/runner/cypress_runner.js:3621:12)\n    at _drainQueue (https://dev.websoft.ru:16598/__cypress/runner/cypress_runner.js:3614:9)\n    at ../../node_modules/bluebird/js/release/async.js.Async._drainQueues (https://dev.websoft.ru:16598/__cypress/runner/cypress_runner.js:3630:5)\n    at Async.drainQueues (https://dev.websoft.ru:16598/__cypress/runner/cypress_runner.js:3500:14)",
            "diff": null
          },
          "uuid": "ee342529-8cb6-46b3-970d-e47a5473aec0",
          "parentUUID": "5d497231-2bac-4b80-8464-6dd94a9da93f",
          "isHook": false,
          "skipped": false
        },
        {
          "title": "Проверка статуса завершен",
          "fullTitle": "Проверка статуса завершен",
          "timedOut": null,
          "duration": 86730,
          "state": "failed",
          "speed": null,
          "pass": false,
          "fail": true,
          "pending": false,
          "context": null,
          "code": "login.loginUser('TA', 'TA');\nmenuItems.openEducationPage();\nmainCommands.openWidgetLearningModule('Все электронные курсы');\nlearningManagementCommands.openAllCourses();\nlearningManagementCommands.openCoursePage('rise | scorm 2004-4 | slides + finish-button | passed/incomplete');\nmainCommands.findHeader('Завершен', 'WT_0x637206A63E64741F');",
          "err": {
            "message": "CypressError: `cy.screenshot()` timed out waiting `30000ms` to complete.",
            "estack": "CypressError: `cy.screenshot()` timed out waiting `30000ms` to complete.\n    at https://dev.websoft.ru:16598/__cypress/runner/cypress_runner.js:139862:81\n    at tryCatcher (https://dev.websoft.ru:16598/__cypress/runner/cypress_runner.js:8914:23)\n    at https://dev.websoft.ru:16598/__cypress/runner/cypress_runner.js:4036:41\n    at tryCatcher (https://dev.websoft.ru:16598/__cypress/runner/cypress_runner.js:8914:23)\n    at Promise._settlePromiseFromHandler (https://dev.websoft.ru:16598/__cypress/runner/cypress_runner.js:6849:31)\n    at Promise._settlePromise (https://dev.websoft.ru:16598/__cypress/runner/cypress_runner.js:6906:18)\n    at Promise._settlePromise0 (https://dev.websoft.ru:16598/__cypress/runner/cypress_runner.js:6951:10)\n    at Promise._settlePromises (https://dev.websoft.ru:16598/__cypress/runner/cypress_runner.js:7027:18)\n    at _drainQueueStep (https://dev.websoft.ru:16598/__cypress/runner/cypress_runner.js:3621:12)\n    at _drainQueue (https://dev.websoft.ru:16598/__cypress/runner/cypress_runner.js:3614:9)\n    at ../../node_modules/bluebird/js/release/async.js.Async._drainQueues (https://dev.websoft.ru:16598/__cypress/runner/cypress_runner.js:3630:5)\n    at Async.drainQueues (https://dev.websoft.ru:16598/__cypress/runner/cypress_runner.js:3500:14)",
            "diff": null
          },
          "uuid": "7d0ce989-408c-453f-b339-43f50b620425",
          "parentUUID": "5d497231-2bac-4b80-8464-6dd94a9da93f",
          "isHook": false,
          "skipped": false
        },
        {
          "title": "Проверка баллов",
          "fullTitle": "Проверка баллов",
          "timedOut": null,
          "duration": 14369,
          "state": "passed",
          "speed": "slow",
          "pass": true,
          "fail": false,
          "pending": false,
          "context": null,
          "code": "login.loginUser('TA', 'TA');\nmenuItems.openEducationPage();\nmainCommands.openWidgetLearningModule('Все электронные курсы');\nlearningManagementCommands.openAllCourses();\nlearningManagementCommands.openCoursePage('rise | scorm 2004-4 | slides + finish-button | passed/incomplete');\nmainCommands.findHeader('0', 'WT_0x637206AE54985ECB');",
          "err": {},
          "uuid": "d68c4aa0-ef72-45ed-895b-e907be42d7d8",
          "parentUUID": "5d497231-2bac-4b80-8464-6dd94a9da93f",
          "isHook": false,
          "skipped": false
        }
      ],
      "suites": [],
      "passes": [
        "d68c4aa0-ef72-45ed-895b-e907be42d7d8"
      ],
      "failures": [
        "ee342529-8cb6-46b3-970d-e47a5473aec0",
        "7d0ce989-408c-453f-b339-43f50b620425"
      ],
      "pending": [],
      "skipped": [],
      "duration": 194174,
      "root": true,
      "rootEmpty": false,
      "_timeout": 2000
    }
  ],
  "meta": {
    "mocha": {
      "version": "7.0.1"
    },
    "mochawesome": {
      "options": {
        "quiet": false,
        "reportFilename": "mochawesome",
        "saveHtml": false,
        "saveJson": true,
        "consoleReporter": "spec",
        "useInlineDiffs": false,
        "code": true
      },
      "version": "7.1.3"
    },
    "marge": {
      "options": {
        "charts": true,
        "overwrite": false,
        "html": false,
        "json": true,
        "reportDir": "cypress/reports"
      },
      "version": "6.2.0"
    }
  }
}