{
  "stats": {
    "suites": 0,
    "tests": 3,
    "passes": 2,
    "pending": 0,
    "failures": 1,
    "start": "2023-04-28T12:35:13.951Z",
    "end": "2023-04-28T12:37:05.296Z",
    "duration": 111345,
    "testsRegistered": 3,
    "passPercent": 66.66666666666666,
    "pendingPercent": 0,
    "other": 0,
    "hasOther": false,
    "skipped": 0,
    "hasSkipped": false
  },
  "results": [
    {
      "uuid": "2832e91b-9070-4929-9a5e-3227a8511ceb",
      "title": "",
      "fullFile": "cypress\\e2e\\WebSoft\\Learning_testing_management\\Learning_management\\Portal_course_completion.cy.js",
      "file": "cypress\\e2e\\WebSoft\\Learning_testing_management\\Learning_management\\Portal_course_completion.cy.js",
      "beforeHooks": [],
      "afterHooks": [],
      "tests": [
        {
          "title": "Открытие и прохождение курса",
          "fullTitle": "Открытие и прохождение курса",
          "timedOut": null,
          "duration": 45127,
          "state": "passed",
          "speed": "slow",
          "pass": true,
          "fail": false,
          "pending": false,
          "context": null,
          "code": "mainCommands.interceptChangeObjectUrl('**/TEMP/*/**');\nlogin.loginUser('TA', 'TA');\nmenuItems.openEducationPage();\nmainCommands.openWidgetLearningModule('Все электронные курсы');\nlearningManagementCommands.openAllCourses();\nlearningManagementCommands.openCoursePage('rise | scorm 2004-4 | slides + finish-button | passed/incomplete');\nmainCommands.checkButton('Начать');\nlearningManagementCommands.completeCourse();",
          "err": {},
          "uuid": "8079c3cc-56fa-41fc-9e6b-517e1836ccae",
          "parentUUID": "2832e91b-9070-4929-9a5e-3227a8511ceb",
          "isHook": false,
          "skipped": false
        },
        {
          "title": "Проверка статуса завершен",
          "fullTitle": "Проверка статуса завершен",
          "timedOut": null,
          "duration": 52398,
          "state": "failed",
          "speed": null,
          "pass": false,
          "fail": true,
          "pending": false,
          "context": null,
          "code": "login.loginUser('TA', 'TA');\nmenuItems.openEducationPage();\nmainCommands.openWidgetLearningModule('Все электронные курсы');\nlearningManagementCommands.openAllCourses();\nlearningManagementCommands.openCoursePage('rise | scorm 2004-4 | slides + finish-button | passed/incomplete');\nmainCommands.findHeader('Завершен', 'WT_0x637206A63E64741F');",
          "err": {
            "message": "AssertionError: Timed out retrying after 40000ms: expected '<div#WT_0x637206A63E64741F.wt-lp-witemlist-workarea.wt-lp-witemlist-type-row.wt-lp-base-font-size.wt-lp-workarea-width>' to contain 'Завершен'",
            "estack": "AssertionError: Timed out retrying after 40000ms: expected '<div#WT_0x637206A63E64741F.wt-lp-witemlist-workarea.wt-lp-witemlist-type-row.wt-lp-base-font-size.wt-lp-workarea-width>' to contain 'Завершен'\n    at MainCommands.findHeader (webpack:///./cypress/e2e/Page_object/All_pages_commands.cy.js:15:7)\n    at Context.eval (webpack:///./cypress/e2e/WebSoft/Learning_testing_management/Learning_management/Portal_course_completion.cy.js:28:17)",
            "diff": null
          },
          "uuid": "183a27be-aee9-45fc-bb0f-c8ff5feed9a8",
          "parentUUID": "2832e91b-9070-4929-9a5e-3227a8511ceb",
          "isHook": false,
          "skipped": false
        },
        {
          "title": "Проверка баллов",
          "fullTitle": "Проверка баллов",
          "timedOut": null,
          "duration": 13317,
          "state": "passed",
          "speed": "slow",
          "pass": true,
          "fail": false,
          "pending": false,
          "context": null,
          "code": "login.loginUser('TA', 'TA');\nmenuItems.openEducationPage();\nmainCommands.openWidgetLearningModule('Все электронные курсы');\nlearningManagementCommands.openAllCourses();\nlearningManagementCommands.openCoursePage('rise | scorm 2004-4 | slides + finish-button | passed/incomplete');\nmainCommands.findHeader('0', 'WT_0x637206AE54985ECB');",
          "err": {},
          "uuid": "278ed31f-5b92-4f61-99d0-394b3ab919a0",
          "parentUUID": "2832e91b-9070-4929-9a5e-3227a8511ceb",
          "isHook": false,
          "skipped": false
        }
      ],
      "suites": [],
      "passes": [
        "8079c3cc-56fa-41fc-9e6b-517e1836ccae",
        "278ed31f-5b92-4f61-99d0-394b3ab919a0"
      ],
      "failures": [
        "183a27be-aee9-45fc-bb0f-c8ff5feed9a8"
      ],
      "pending": [],
      "skipped": [],
      "duration": 110842,
      "root": true,
      "rootEmpty": false,
      "_timeout": 2000
    }
  ],
  "meta": {
    "mocha": {
      "version": "7.0.1"
    },
    "mochawesome": {
      "options": {
        "quiet": false,
        "reportFilename": "mochawesome",
        "saveHtml": false,
        "saveJson": true,
        "consoleReporter": "spec",
        "useInlineDiffs": false,
        "code": true
      },
      "version": "7.1.3"
    },
    "marge": {
      "options": {
        "charts": true,
        "overwrite": false,
        "html": false,
        "json": true,
        "reportDir": "cypress/reports"
      },
      "version": "6.2.0"
    }
  }
}