{
  "stats": {
    "suites": 0,
    "tests": 3,
    "passes": 3,
    "pending": 0,
    "failures": 0,
    "start": "2023-04-28T14:51:58.841Z",
    "end": "2023-04-28T14:52:43.168Z",
    "duration": 44327,
    "testsRegistered": 3,
    "passPercent": 100,
    "pendingPercent": 0,
    "other": 0,
    "hasOther": false,
    "skipped": 0,
    "hasSkipped": false
  },
  "results": [
    {
      "uuid": "fd24dd00-0d58-46f1-9faf-d724016910e3",
      "title": "",
      "fullFile": "cypress\\e2e\\WebSoft\\Learning_testing_management\\Testing_management\\Portal_test_in_process_status.cy.js",
      "file": "cypress\\e2e\\WebSoft\\Learning_testing_management\\Testing_management\\Portal_test_in_process_status.cy.js",
      "beforeHooks": [],
      "afterHooks": [],
      "tests": [
        {
          "title": "Запуск теста",
          "fullTitle": "Запуск теста",
          "timedOut": null,
          "duration": 24591,
          "state": "passed",
          "speed": "slow",
          "pass": true,
          "fail": false,
          "pending": false,
          "context": null,
          "code": "menuItems.openEducationPage();\nmainCommands.openWidgetLearningModule('Все тесты');\ntestingManagementCommands.openAllTests();\ntestingManagementCommands.openTestPage('Занимательная география');\nmainCommands.checkButton('Начать');\ntestingManagementCommands.openTestPlayer('Начать');\ncy.get('.wtq-body > .wtq-rubric > .wtq-rubric-footer > .wtq-rubric-footer-table > tbody > tr > .wtq-footer-cell-right > .wtq-btn').click();",
          "err": {},
          "uuid": "9d86ab20-d1d4-4f3c-8fd8-c6576d79e7f8",
          "parentUUID": "fd24dd00-0d58-46f1-9faf-d724016910e3",
          "isHook": false,
          "skipped": false
        },
        {
          "title": "Проверка статуса",
          "fullTitle": "Проверка статуса",
          "timedOut": null,
          "duration": 10076,
          "state": "passed",
          "speed": "slow",
          "pass": true,
          "fail": false,
          "pending": false,
          "context": null,
          "code": "menuItems.openEducationPage();\nmainCommands.openWidgetLearningModule('Все тесты');\ntestingManagementCommands.openAllTests();\ntestingManagementCommands.openTestPage('Занимательная география');\nmainCommands.findHeader('В процессе', 'WT_0x637B77422CF629BF');",
          "err": {},
          "uuid": "1f40cef8-acb9-4482-95d4-8acf40066876",
          "parentUUID": "fd24dd00-0d58-46f1-9faf-d724016910e3",
          "isHook": false,
          "skipped": false
        },
        {
          "title": "Проверка баллов",
          "fullTitle": "Проверка баллов",
          "timedOut": null,
          "duration": 9455,
          "state": "passed",
          "speed": "medium",
          "pass": true,
          "fail": false,
          "pending": false,
          "context": null,
          "code": "menuItems.openEducationPage();\nmainCommands.openWidgetLearningModule('Все тесты');\ntestingManagementCommands.openAllTests();\ntestingManagementCommands.openTestPage('Занимательная география');\nmainCommands.findHeader('0', 'WT_0x637B774B60D76ABE');",
          "err": {},
          "uuid": "30d2255e-7d57-43e5-86cb-12e1254832ac",
          "parentUUID": "fd24dd00-0d58-46f1-9faf-d724016910e3",
          "isHook": false,
          "skipped": false
        }
      ],
      "suites": [],
      "passes": [
        "9d86ab20-d1d4-4f3c-8fd8-c6576d79e7f8",
        "1f40cef8-acb9-4482-95d4-8acf40066876",
        "30d2255e-7d57-43e5-86cb-12e1254832ac"
      ],
      "failures": [],
      "pending": [],
      "skipped": [],
      "duration": 44122,
      "root": true,
      "rootEmpty": false,
      "_timeout": 2000
    }
  ],
  "meta": {
    "mocha": {
      "version": "7.0.1"
    },
    "mochawesome": {
      "options": {
        "quiet": false,
        "reportFilename": "mochawesome",
        "saveHtml": false,
        "saveJson": true,
        "consoleReporter": "spec",
        "useInlineDiffs": false,
        "code": true
      },
      "version": "7.1.3"
    },
    "marge": {
      "options": {
        "charts": true,
        "overwrite": false,
        "html": false,
        "json": true,
        "reportDir": "cypress/reports"
      },
      "version": "6.2.0"
    }
  }
}