{
  "stats": {
    "suites": 0,
    "tests": 1,
    "passes": 1,
    "pending": 0,
    "failures": 0,
    "start": "2023-02-15T16:08:27.717Z",
    "end": "2023-02-15T16:08:28.671Z",
    "duration": 954,
    "testsRegistered": 1,
    "passPercent": 100,
    "pendingPercent": 0,
    "other": 0,
    "hasOther": false,
    "skipped": 0,
    "hasSkipped": false
  },
  "results": [
    {
      "uuid": "a9ad6b34-a953-4af8-a296-918048f85291",
      "title": "",
      "fullFile": "cypress\\e2e\\testing_tests\\file_download_test.cy.js",
      "file": "cypress\\e2e\\testing_tests\\file_download_test.cy.js",
      "beforeHooks": [],
      "afterHooks": [],
      "tests": [
        {
          "title": "download_file",
          "fullTitle": "download_file",
          "timedOut": null,
          "duration": 896,
          "state": "passed",
          "speed": "fast",
          "pass": true,
          "fail": false,
          "pending": false,
          "context": null,
          "code": "cy.downloadFile('https://upload.wikimedia.org/wikipedia/en/a/a9/Example.jpg', 'mydownloads', 'example.jpg');",
          "err": {},
          "uuid": "1b87aaed-1453-403f-a97f-09ee069bca41",
          "parentUUID": "a9ad6b34-a953-4af8-a296-918048f85291",
          "isHook": false,
          "skipped": false
        }
      ],
      "suites": [],
      "passes": [
        "1b87aaed-1453-403f-a97f-09ee069bca41"
      ],
      "failures": [],
      "pending": [],
      "skipped": [],
      "duration": 896,
      "root": true,
      "rootEmpty": false,
      "_timeout": 2000
    }
  ],
  "meta": {
    "mocha": {
      "version": "7.0.1"
    },
    "mochawesome": {
      "options": {
        "quiet": false,
        "reportFilename": "mochawesome",
        "saveHtml": false,
        "saveJson": true,
        "consoleReporter": "spec",
        "useInlineDiffs": false,
        "code": true
      },
      "version": "7.1.3"
    },
    "marge": {
      "options": {
        "charts": true,
        "overwrite": false,
        "html": false,
        "json": true,
        "reportDir": "cypress/reports"
      },
      "version": "6.2.0"
    }
  }
}