{
  "stats": {
    "suites": 0,
    "tests": 3,
    "passes": 3,
    "pending": 0,
    "failures": 0,
    "start": "2023-05-02T11:32:05.772Z",
    "end": "2023-05-02T11:32:55.071Z",
    "duration": 49299,
    "testsRegistered": 3,
    "passPercent": 100,
    "pendingPercent": 0,
    "other": 0,
    "hasOther": false,
    "skipped": 0,
    "hasSkipped": false
  },
  "results": [
    {
      "uuid": "2a02f4b5-df38-44ec-ad97-31098c7038b1",
      "title": "",
      "fullFile": "cypress\\e2e\\WebSoft\\Learning_testing_management\\Learning_management\\Portal_open_course_check_button_start.cy.js",
      "file": "cypress\\e2e\\WebSoft\\Learning_testing_management\\Learning_management\\Portal_open_course_check_button_start.cy.js",
      "beforeHooks": [],
      "afterHooks": [],
      "tests": [
        {
          "title": "Проверка наличия кнопки \"начать\"",
          "fullTitle": "Проверка наличия кнопки \"начать\"",
          "timedOut": null,
          "duration": 20219,
          "state": "passed",
          "speed": "slow",
          "pass": true,
          "fail": false,
          "pending": false,
          "context": null,
          "code": "mainCommands.openMenuItemPage('Обучение', 'WT_0x60C1FDC25AC90F53', '/education');\nmainCommands.openWidgetLearningModule('Все электронные курсы');\nlearningManagementCommands.openAllCourses();\nlearningManagementCommands.openCoursePage('rise | scorm 2004-4 | slides + finish-button | passed/incomplete');\nmainCommands.checkButton('Начать');",
          "err": {},
          "uuid": "27e3d33d-7b7c-4b87-a78a-321e018fd714",
          "parentUUID": "2a02f4b5-df38-44ec-ad97-31098c7038b1",
          "isHook": false,
          "skipped": false
        },
        {
          "title": "Открытие курса сотрудником на портале",
          "fullTitle": "Открытие курса сотрудником на портале",
          "timedOut": null,
          "duration": 15332,
          "state": "passed",
          "speed": "slow",
          "pass": true,
          "fail": false,
          "pending": false,
          "context": null,
          "code": "mainCommands.openMenuItemPage('Обучение', 'WT_0x60C1FDC25AC90F53', '/education');\nmainCommands.openWidgetLearningModule('Все электронные курсы');\nlearningManagementCommands.openAllCourses();\nlearningManagementCommands.openCoursePage('rise | scorm 2004-4 | slides + finish-button | passed/incomplete');\nmainCommands.checkButton('Начать');\nlearningManagementCommands.openCourse('Начать');\ncy.reload();",
          "err": {},
          "uuid": "8bc1e7a6-86e2-474a-9b50-969d058f974c",
          "parentUUID": "2a02f4b5-df38-44ec-ad97-31098c7038b1",
          "isHook": false,
          "skipped": false
        },
        {
          "title": "Проверка статуса в процессе",
          "fullTitle": "Проверка статуса в процессе",
          "timedOut": null,
          "duration": 13461,
          "state": "passed",
          "speed": "slow",
          "pass": true,
          "fail": false,
          "pending": false,
          "context": null,
          "code": "mainCommands.openMenuItemPage('Обучение', 'WT_0x60C1FDC25AC90F53', '/education');\nmainCommands.openWidgetLearningModule('Все электронные курсы');\nlearningManagementCommands.openAllCourses();\nlearningManagementCommands.openCoursePage('rise | scorm 2004-4 | slides + finish-button | passed/incomplete');\nmainCommands.findHeader('Назначен', 'WT_0x637206A63E64741F');",
          "err": {},
          "uuid": "ee3eb82e-e61c-49d8-a1e2-44becda576e0",
          "parentUUID": "2a02f4b5-df38-44ec-ad97-31098c7038b1",
          "isHook": false,
          "skipped": false
        }
      ],
      "suites": [],
      "passes": [
        "27e3d33d-7b7c-4b87-a78a-321e018fd714",
        "8bc1e7a6-86e2-474a-9b50-969d058f974c",
        "ee3eb82e-e61c-49d8-a1e2-44becda576e0"
      ],
      "failures": [],
      "pending": [],
      "skipped": [],
      "duration": 49012,
      "root": true,
      "rootEmpty": false,
      "_timeout": 2000
    }
  ],
  "meta": {
    "mocha": {
      "version": "7.0.1"
    },
    "mochawesome": {
      "options": {
        "quiet": false,
        "reportFilename": "mochawesome",
        "saveHtml": false,
        "saveJson": true,
        "consoleReporter": "spec",
        "useInlineDiffs": false,
        "code": true
      },
      "version": "7.1.3"
    },
    "marge": {
      "options": {
        "charts": true,
        "overwrite": false,
        "html": false,
        "json": true,
        "reportDir": "cypress/reports"
      },
      "version": "6.2.0"
    }
  }
}