{
  "stats": {
    "suites": 0,
    "tests": 2,
    "passes": 2,
    "pending": 0,
    "failures": 0,
    "start": "2023-04-28T06:18:20.881Z",
    "end": "2023-04-28T06:18:57.509Z",
    "duration": 36628,
    "testsRegistered": 2,
    "passPercent": 100,
    "pendingPercent": 0,
    "other": 0,
    "hasOther": false,
    "skipped": 0,
    "hasSkipped": false
  },
  "results": [
    {
      "uuid": "cfafd451-0dc0-4208-891f-482038596768",
      "title": "",
      "fullFile": "cypress\\e2e\\WebSoft\\Learning_testing_management\\Testing_management\\Portal_self_appointed_test.cy.js",
      "file": "cypress\\e2e\\WebSoft\\Learning_testing_management\\Testing_management\\Portal_self_appointed_test.cy.js",
      "beforeHooks": [],
      "afterHooks": [],
      "tests": [
        {
          "title": "Проверка кнопки начать в карточке теста",
          "fullTitle": "Проверка кнопки начать в карточке теста",
          "timedOut": null,
          "duration": 21406,
          "state": "passed",
          "speed": "slow",
          "pass": true,
          "fail": false,
          "pending": false,
          "context": null,
          "code": "menuItems.openEducationPage();\nmainCommands.openWidgetLearningModule('Все тесты');\ntestingManagementCommands.openAllTests();\ntestingManagementCommands.openTestPage('Занимательная география');\nmainCommands.checkButton('Начать');\ntestingManagementCommands.openTestPlayer('Начать');",
          "err": {},
          "uuid": "5c5bb425-1352-4c1d-89e1-5b6d4558f6ae",
          "parentUUID": "cfafd451-0dc0-4208-891f-482038596768",
          "isHook": false,
          "skipped": false
        },
        {
          "title": "Отображение теста в моих задачах",
          "fullTitle": "Отображение теста в моих задачах",
          "timedOut": null,
          "duration": 14870,
          "state": "passed",
          "speed": "slow",
          "pass": true,
          "fail": false,
          "pending": false,
          "context": null,
          "code": "mainCommands.openPersonalArea('ОльгаСоколова');\nmainCommands.checkObjectCardInWidget('Занимательная география', 'WT_0x60B79AB3287C4E50');",
          "err": {},
          "uuid": "aa845664-28a5-4923-88b1-cdf8d89dece6",
          "parentUUID": "cfafd451-0dc0-4208-891f-482038596768",
          "isHook": false,
          "skipped": false
        }
      ],
      "suites": [],
      "passes": [
        "5c5bb425-1352-4c1d-89e1-5b6d4558f6ae",
        "aa845664-28a5-4923-88b1-cdf8d89dece6"
      ],
      "failures": [],
      "pending": [],
      "skipped": [],
      "duration": 36276,
      "root": true,
      "rootEmpty": false,
      "_timeout": 2000
    }
  ],
  "meta": {
    "mocha": {
      "version": "7.0.1"
    },
    "mochawesome": {
      "options": {
        "quiet": false,
        "reportFilename": "mochawesome",
        "saveHtml": false,
        "saveJson": true,
        "consoleReporter": "spec",
        "useInlineDiffs": false,
        "code": true
      },
      "version": "7.1.3"
    },
    "marge": {
      "options": {
        "charts": true,
        "overwrite": false,
        "html": false,
        "json": true,
        "reportDir": "cypress/reports"
      },
      "version": "6.2.0"
    }
  }
}