{
  "stats": {
    "suites": 0,
    "tests": 2,
    "passes": 0,
    "pending": 0,
    "failures": 2,
    "start": "2023-03-22T07:20:34.866Z",
    "end": "2023-03-22T07:21:37.535Z",
    "duration": 62669,
    "testsRegistered": 2,
    "passPercent": 0,
    "pendingPercent": 0,
    "other": 0,
    "hasOther": false,
    "skipped": 0,
    "hasSkipped": false
  },
  "results": [
    {
      "uuid": "98e2c4f5-c367-4a32-b9fc-a043d8367191",
      "title": "",
      "fullFile": "cypress\\e2e\\WebSoft\\Learning_testing_management\\Learning_management\\Admin_Create_Assing_e-course.check.cy.js",
      "file": "cypress\\e2e\\WebSoft\\Learning_testing_management\\Learning_management\\Admin_Create_Assing_e-course.check.cy.js",
      "beforeHooks": [],
      "afterHooks": [],
      "tests": [
        {
          "title": "Создание и назначение курса сотруднику",
          "fullTitle": "Создание и назначение курса сотруднику",
          "timedOut": null,
          "duration": 41257,
          "state": "failed",
          "speed": null,
          "pass": false,
          "fail": true,
          "pending": false,
          "context": null,
          "code": "login.loginAdmin('user1', 'user1');\ncy.xpath('/html/body/div/div/div/div[3]/div/div[1]/div[1]/div[1]/div[2]/div[2]').click();\ncy.contains('Электронные курсы').click();\ncy.contains('Новая запись').click();\ncy.xpath('/html/body/div[2]/div[2]/div[4]/div[1]/input[1]').type('12');\ncy.xpath('/html/body/div[2]/div[2]/div[4]/div[1]/input[2]').type('test');\ncy.xpath('/html/body/div[2]/div[2]/div[1]/div[4]/div/img').click();\ncy.xpath('/html/body/div/div/div/div[3]/div/div[1]/div[1]/div[1]/div[1]/div[2]/img', {\n  timeout: 10000\n}).click();\ncy.get('[class=WssListCell]').contains('Белоусова').rightclick();\ncy.contains('Назначить электронные курсы').click();\ncy.contains('test').dblclick();\ncy.contains('Применить').click();\ncy.contains('Применить', {\n  timeout: 10000\n}).click();",
          "err": {
            "message": "CypressError: Timed out retrying after 8050ms: `cy.click()` failed because this element:\n\n`<img class=\"WssImage\" src=\"/api/spxml2/get_image?url=x-local%3A//wtv/svg/pers.svg&amp;primary_color=%23000000\" style=\"display: block; width: 100%; height: 100%;\">`\n\nis being covered by another element:\n\n`<div class=\"WssPanel\" style=\"position: absolute; left: 0px; top: 1px; width: 48px; height: 48px; cursor: pointer;\">...</div>`\n\nFix this problem, or use {force: true} to disable error checking.\n\nhttps://on.cypress.io/element-cannot-be-interacted-with",
            "estack": "CypressError: Timed out retrying after 8050ms: `cy.click()` failed because this element:\n\n`<img class=\"WssImage\" src=\"/api/spxml2/get_image?url=x-local%3A//wtv/svg/pers.svg&amp;primary_color=%23000000\" style=\"display: block; width: 100%; height: 100%;\">`\n\nis being covered by another element:\n\n`<div class=\"WssPanel\" style=\"position: absolute; left: 0px; top: 1px; width: 48px; height: 48px; cursor: pointer;\">...</div>`\n\nFix this problem, or use {force: true} to disable error checking.\n\nhttps://on.cypress.io/element-cannot-be-interacted-with\n    at ensureIsDescendent (http://127.0.0.1/__cypress/runner/cypress_runner.js:130226:76)\n    at ensureDescendents (http://127.0.0.1/__cypress/runner/cypress_runner.js:130277:5)\n    at ensureDescendentsAndScroll (http://127.0.0.1/__cypress/runner/cypress_runner.js:130283:14)\n    at ensureElIsNotCovered (http://127.0.0.1/__cypress/runner/cypress_runner.js:130414:5)\n    at runAllChecks (http://127.0.0.1/__cypress/runner/cypress_runner.js:130594:52)\n    at retryActionability (http://127.0.0.1/__cypress/runner/cypress_runner.js:130631:16)\n    at tryCatcher (http://127.0.0.1/__cypress/runner/cypress_runner.js:8914:23)\n    at Promise.attempt.Promise.try (http://127.0.0.1/__cypress/runner/cypress_runner.js:6188:29)\n    at whenStable (http://127.0.0.1/__cypress/runner/cypress_runner.js:146732:65)\n    at <unknown> (http://127.0.0.1/__cypress/runner/cypress_runner.js:146173:14)\n    at tryCatcher (http://127.0.0.1/__cypress/runner/cypress_runner.js:8914:23)\n    at Promise._settlePromiseFromHandler (http://127.0.0.1/__cypress/runner/cypress_runner.js:6849:31)\n    at Promise._settlePromise (http://127.0.0.1/__cypress/runner/cypress_runner.js:6906:18)\n    at Promise._settlePromise0 (http://127.0.0.1/__cypress/runner/cypress_runner.js:6951:10)\n    at Promise._settlePromises (http://127.0.0.1/__cypress/runner/cypress_runner.js:7031:18)\n    at Promise._fulfill (http://127.0.0.1/__cypress/runner/cypress_runner.js:6975:18)\n    at <unknown> (http://127.0.0.1/__cypress/runner/cypress_runner.js:8589:46)\nFrom Your Spec Code:\n    at Context.eval (webpack:///./cypress/e2e/WebSoft/Learning_testing_management/Learning_management/Admin_Create_Assing_e-course.check.cy.js:26:5)",
            "diff": null
          },
          "uuid": "1ec6ae65-c0f9-4113-8261-c82962e9d190",
          "parentUUID": "98e2c4f5-c367-4a32-b9fc-a043d8367191",
          "isHook": false,
          "skipped": false
        },
        {
          "title": "Отображение назначенного курса на портале у сотрудника",
          "fullTitle": "Отображение назначенного курса на портале у сотрудника",
          "timedOut": null,
          "duration": 21081,
          "state": "failed",
          "speed": null,
          "pass": false,
          "fail": true,
          "pending": false,
          "context": null,
          "code": "login.loginUser('BT', 'BT');\ncy.get(':nth-child(4) > .menu-link > span').click();\ncy.get('#WT_0x6160005D62231D06 > .wt-lp-button-wrapper > .wt-lp-wbutton-link > .wt-lp-wbutton-btn > .wt-lp-wbutton-text').click();\ncy.contains('test').should('contain', 'test_last');",
          "err": {
            "message": "AssertionError: Timed out retrying after 8000ms: expected '<div.wt-lp-witemlist-header>' to contain 'test_last'",
            "estack": "AssertionError: Timed out retrying after 8000ms: expected '<div.wt-lp-witemlist-header>' to contain 'test_last'\n    at Context.eval (webpack:///./cypress/e2e/WebSoft/Learning_testing_management/Learning_management/Admin_Create_Assing_e-course.check.cy.js:54:5)",
            "diff": null
          },
          "uuid": "807c4933-7c8c-46da-82fa-ee6ac20cae3d",
          "parentUUID": "98e2c4f5-c367-4a32-b9fc-a043d8367191",
          "isHook": false,
          "skipped": false
        }
      ],
      "suites": [],
      "passes": [],
      "failures": [
        "1ec6ae65-c0f9-4113-8261-c82962e9d190",
        "807c4933-7c8c-46da-82fa-ee6ac20cae3d"
      ],
      "pending": [],
      "skipped": [],
      "duration": 62338,
      "root": true,
      "rootEmpty": false,
      "_timeout": 2000
    }
  ],
  "meta": {
    "mocha": {
      "version": "7.0.1"
    },
    "mochawesome": {
      "options": {
        "quiet": false,
        "reportFilename": "mochawesome",
        "saveHtml": false,
        "saveJson": true,
        "consoleReporter": "spec",
        "useInlineDiffs": false,
        "code": true
      },
      "version": "7.1.3"
    },
    "marge": {
      "options": {
        "charts": true,
        "overwrite": false,
        "html": false,
        "json": true,
        "reportDir": "cypress/reports"
      },
      "version": "6.2.0"
    }
  }
}