{
  "stats": {
    "suites": 0,
    "tests": 3,
    "passes": 3,
    "pending": 0,
    "failures": 0,
    "start": "2023-04-27T15:00:18.134Z",
    "end": "2023-04-27T15:02:26.800Z",
    "duration": 128666,
    "testsRegistered": 3,
    "passPercent": 100,
    "pendingPercent": 0,
    "other": 0,
    "hasOther": false,
    "skipped": 0,
    "hasSkipped": false
  },
  "results": [
    {
      "uuid": "0ec8ddc9-608c-432d-84cc-e59843a304a9",
      "title": "",
      "fullFile": "cypress\\e2e\\WebSoft\\Learning_testing_management\\Learning_management\\Portal_submitting_group_application.cy.js",
      "file": "cypress\\e2e\\WebSoft\\Learning_testing_management\\Learning_management\\Portal_submitting_group_application.cy.js",
      "beforeHooks": [],
      "afterHooks": [],
      "tests": [
        {
          "title": "В админке выставление роли для сотрудника Администратор",
          "fullTitle": "В админке выставление роли для сотрудника Администратор",
          "timedOut": null,
          "duration": 55307,
          "state": "passed",
          "speed": "slow",
          "pass": true,
          "fail": false,
          "pending": false,
          "context": null,
          "code": "login.loginAdmin('user1', 'user1');\ncy.xpath('/html/body/div[1]/div/div/div[5]/div/div[17]/div[1]/div[2]/div[1]/div[1]/div[15]').dblclick();\ncy.xpath('/html/body/div[2]/div[2]/div[2]/div[4]/div/div[9]/div[2]').click();\ncy.xpath('/html/body/div[2]/div[2]/div[4]/div[1]/div[6]').click();\ncy.xpath('/html/body/div[3]/div/div[1]').click();\ncy.xpath('/html/body/div[2]/div[2]/div[1]/div[4]').click();",
          "err": {},
          "uuid": "4b9124ef-1bc3-4a41-9834-190eae6ff610",
          "parentUUID": "0ec8ddc9-608c-432d-84cc-e59843a304a9",
          "isHook": false,
          "skipped": false
        },
        {
          "title": "Подача групповой заявки на мероприятие",
          "fullTitle": "Подача групповой заявки на мероприятие",
          "timedOut": null,
          "duration": 59285,
          "state": "passed",
          "speed": "slow",
          "pass": true,
          "fail": false,
          "pending": false,
          "context": null,
          "code": "login.loginUser('ZV', 'ZV');\nusefulFunctions.openEventList();\nlearningManagementCommands.openObjectCard('Навыки работы с заемщиками', 'WT_0x612619004EF46FFE');\nmainCommands.findHeader('Навыки работы с заемщиками', 'WT_0x60BF6ABB064E1D0E');\nlearningManagementCommands.clickButtonApply('WT_0x60EC2139497D087C', 'Подать заявку');\nusefulFunctions.applyGroup();\nmainCommands.clickButtonWindow('OK');",
          "err": {},
          "uuid": "3b41b68e-6ad7-4c18-85c8-f1690d8b7951",
          "parentUUID": "0ec8ddc9-608c-432d-84cc-e59843a304a9",
          "isHook": false,
          "skipped": false
        },
        {
          "title": "Отображение заявки",
          "fullTitle": "Отображение заявки",
          "timedOut": null,
          "duration": 13685,
          "state": "passed",
          "speed": "slow",
          "pass": true,
          "fail": false,
          "pending": false,
          "context": null,
          "code": "//учитывается условие с исправленным ДО')\nlogin.loginUser('IF', 'IF');\nmainCommands.openPersonalArea('ФилиппЯсенев');\nmainCommands.openPersonalAreaTab('WT_0x60B893A903726D0D', 'Документы', '/requests');\nlearningManagementCommands.openApllicationsInDocuments('WT_0x6048CAA95BCD401D', 'Заявки на согласование');\nlearningManagementCommands.chooseApplication('WT_0x6048CCDB387D3E71', 'Навыки работы с заемщиками');\nmainCommands.findHeader('Навыки работы с заемщиками', 'WT_0x637CAC0B4E161AD0');",
          "err": {},
          "uuid": "27c92130-7c3f-47e0-9e76-6df4002b70ac",
          "parentUUID": "0ec8ddc9-608c-432d-84cc-e59843a304a9",
          "isHook": false,
          "skipped": false
        }
      ],
      "suites": [],
      "passes": [
        "4b9124ef-1bc3-4a41-9834-190eae6ff610",
        "3b41b68e-6ad7-4c18-85c8-f1690d8b7951",
        "27c92130-7c3f-47e0-9e76-6df4002b70ac"
      ],
      "failures": [],
      "pending": [],
      "skipped": [],
      "duration": 128277,
      "root": true,
      "rootEmpty": false,
      "_timeout": 2000
    }
  ],
  "meta": {
    "mocha": {
      "version": "7.0.1"
    },
    "mochawesome": {
      "options": {
        "quiet": false,
        "reportFilename": "mochawesome",
        "saveHtml": false,
        "saveJson": true,
        "consoleReporter": "spec",
        "useInlineDiffs": false,
        "code": true
      },
      "version": "7.1.3"
    },
    "marge": {
      "options": {
        "charts": true,
        "overwrite": false,
        "html": false,
        "json": true,
        "reportDir": "cypress/reports"
      },
      "version": "6.2.0"
    }
  }
}