{
  "stats": {
    "suites": 0,
    "tests": 3,
    "passes": 2,
    "pending": 0,
    "failures": 1,
    "start": "2023-05-02T11:44:09.560Z",
    "end": "2023-05-02T11:45:46.843Z",
    "duration": 97283,
    "testsRegistered": 3,
    "passPercent": 66.66666666666666,
    "pendingPercent": 0,
    "other": 0,
    "hasOther": false,
    "skipped": 0,
    "hasSkipped": false
  },
  "results": [
    {
      "uuid": "f666b01a-40ae-4ad9-90c2-a449dcf65f37",
      "title": "",
      "fullFile": "cypress\\e2e\\WebSoft\\Learning_testing_management\\Testing_management\\Portal_test_in_process_status.cy.js",
      "file": "cypress\\e2e\\WebSoft\\Learning_testing_management\\Testing_management\\Portal_test_in_process_status.cy.js",
      "beforeHooks": [],
      "afterHooks": [],
      "tests": [
        {
          "title": "Запуск теста",
          "fullTitle": "Запуск теста",
          "timedOut": null,
          "duration": 28664,
          "state": "passed",
          "speed": "slow",
          "pass": true,
          "fail": false,
          "pending": false,
          "context": null,
          "code": "mainCommands.openMenuItemPage('Обучение', 'WT_0x60C1FDC25AC90F53', '/education');\nmainCommands.openWidgetLearningModule('Все тесты');\ntestingManagementCommands.openAllTests();\ntestingManagementCommands.openTestPage('_Занимательная география_cypress');\nmainCommands.checkButton('Начать');\ntestingManagementCommands.openTestPlayer('Начать');\ncy.get('.wtq-body > .wtq-rubric > .wtq-rubric-footer > .wtq-rubric-footer-table > tbody > tr > .wtq-footer-cell-right > .wtq-btn').click();",
          "err": {},
          "uuid": "9a353a9e-4fad-4cd0-b84a-ac206eb8a49e",
          "parentUUID": "f666b01a-40ae-4ad9-90c2-a449dcf65f37",
          "isHook": false,
          "skipped": false
        },
        {
          "title": "Проверка статуса",
          "fullTitle": "Проверка статуса",
          "timedOut": null,
          "duration": 53385,
          "state": "failed",
          "speed": null,
          "pass": false,
          "fail": true,
          "pending": false,
          "context": null,
          "code": "mainCommands.openMenuItemPage('Обучение', 'WT_0x60C1FDC25AC90F53', '/education');\nmainCommands.openWidgetLearningModule('Все тесты');\ntestingManagementCommands.openAllTests();\ntestingManagementCommands.openTestPage('_Занимательная география_cypress');\nmainCommands.findHeader('В процессе', 'WT_0x637B77422CF629BF');",
          "err": {
            "message": "AssertionError: Timed out retrying after 40000ms: expected '<div#WT_0x637B77422CF629BF.wt-lp-witemlist-workarea.wt-lp-witemlist-type-row.wt-lp-base-font-size.wt-lp-workarea-width>' to contain 'В процессе'",
            "estack": "AssertionError: Timed out retrying after 40000ms: expected '<div#WT_0x637B77422CF629BF.wt-lp-witemlist-workarea.wt-lp-witemlist-type-row.wt-lp-base-font-size.wt-lp-workarea-width>' to contain 'В процессе'\n    at MainCommands.findHeader (webpack:///./cypress/e2e/Page_object/All_pages_commands.cy.js:15:7)\n    at Context.eval (webpack:///./cypress/e2e/WebSoft/Learning_testing_management/Testing_management/Portal_test_in_process_status.cy.js:30:17)",
            "diff": null
          },
          "uuid": "ef82f39b-de38-4c3b-814a-c6afd05c020b",
          "parentUUID": "f666b01a-40ae-4ad9-90c2-a449dcf65f37",
          "isHook": false,
          "skipped": false
        },
        {
          "title": "Проверка баллов",
          "fullTitle": "Проверка баллов",
          "timedOut": null,
          "duration": 14693,
          "state": "passed",
          "speed": "slow",
          "pass": true,
          "fail": false,
          "pending": false,
          "context": null,
          "code": "mainCommands.openMenuItemPage('Обучение', 'WT_0x60C1FDC25AC90F53', '/education');\nmainCommands.openWidgetLearningModule('Все тесты');\ntestingManagementCommands.openAllTests();\ntestingManagementCommands.openTestPage('_Занимательная география_cypress');\nmainCommands.findHeader('0', 'WT_0x637B774B60D76ABE');",
          "err": {},
          "uuid": "7181c50a-1566-4c7a-bf80-016044f84ae9",
          "parentUUID": "f666b01a-40ae-4ad9-90c2-a449dcf65f37",
          "isHook": false,
          "skipped": false
        }
      ],
      "suites": [],
      "passes": [
        "9a353a9e-4fad-4cd0-b84a-ac206eb8a49e",
        "7181c50a-1566-4c7a-bf80-016044f84ae9"
      ],
      "failures": [
        "ef82f39b-de38-4c3b-814a-c6afd05c020b"
      ],
      "pending": [],
      "skipped": [],
      "duration": 96742,
      "root": true,
      "rootEmpty": false,
      "_timeout": 2000
    }
  ],
  "meta": {
    "mocha": {
      "version": "7.0.1"
    },
    "mochawesome": {
      "options": {
        "quiet": false,
        "reportFilename": "mochawesome",
        "saveHtml": false,
        "saveJson": true,
        "consoleReporter": "spec",
        "useInlineDiffs": false,
        "code": true
      },
      "version": "7.1.3"
    },
    "marge": {
      "options": {
        "charts": true,
        "overwrite": false,
        "html": false,
        "json": true,
        "reportDir": "cypress/reports"
      },
      "version": "6.2.0"
    }
  }
}