{
  "stats": {
    "suites": 0,
    "tests": 1,
    "passes": 1,
    "pending": 0,
    "failures": 0,
    "start": "2023-04-28T09:02:25.852Z",
    "end": "2023-04-28T09:02:53.995Z",
    "duration": 28143,
    "testsRegistered": 1,
    "passPercent": 100,
    "pendingPercent": 0,
    "other": 0,
    "hasOther": false,
    "skipped": 0,
    "hasSkipped": false
  },
  "results": [
    {
      "uuid": "11fe7459-953f-4d1c-92df-508ba3679f4b",
      "title": "",
      "fullFile": "cypress\\e2e\\WebSoft\\Learning_testing_management\\Learning_management\\Portal_course_page.cy.js",
      "file": "cypress\\e2e\\WebSoft\\Learning_testing_management\\Learning_management\\Portal_course_page.cy.js",
      "beforeHooks": [],
      "afterHooks": [],
      "tests": [
        {
          "title": "Переход на страницу курса",
          "fullTitle": "Переход на страницу курса",
          "timedOut": null,
          "duration": 27969,
          "state": "passed",
          "speed": "slow",
          "pass": true,
          "fail": false,
          "pending": false,
          "context": null,
          "code": "menuItems.openEducationPage();\nmainCommands.openWidgetLearningModule('Все электронные курсы');\nlearningManagementCommands.openAllCourses();\nlearningManagementCommands.openCoursePage('Навыки аргументации');\nmainCommands.findHeader('Навыки аргументации', 'WT_0x6372025B4AE262CF');",
          "err": {},
          "uuid": "aefd8489-1cdd-4374-a2fe-178e35f92378",
          "parentUUID": "11fe7459-953f-4d1c-92df-508ba3679f4b",
          "isHook": false,
          "skipped": false
        }
      ],
      "suites": [],
      "passes": [
        "aefd8489-1cdd-4374-a2fe-178e35f92378"
      ],
      "failures": [],
      "pending": [],
      "skipped": [],
      "duration": 27969,
      "root": true,
      "rootEmpty": false,
      "_timeout": 2000
    }
  ],
  "meta": {
    "mocha": {
      "version": "7.0.1"
    },
    "mochawesome": {
      "options": {
        "quiet": false,
        "reportFilename": "mochawesome",
        "saveHtml": false,
        "saveJson": true,
        "consoleReporter": "spec",
        "useInlineDiffs": false,
        "code": true
      },
      "version": "7.1.3"
    },
    "marge": {
      "options": {
        "charts": true,
        "overwrite": false,
        "html": false,
        "json": true,
        "reportDir": "cypress/reports"
      },
      "version": "6.2.0"
    }
  }
}