{
  "stats": {
    "suites": 0,
    "tests": 3,
    "passes": 3,
    "pending": 0,
    "failures": 0,
    "start": "2023-05-02T11:42:49.823Z",
    "end": "2023-05-02T11:43:52.724Z",
    "duration": 62901,
    "testsRegistered": 3,
    "passPercent": 100,
    "pendingPercent": 0,
    "other": 0,
    "hasOther": false,
    "skipped": 0,
    "hasSkipped": false
  },
  "results": [
    {
      "uuid": "552f535c-5573-41cc-8dba-69a23fcf71f1",
      "title": "",
      "fullFile": "cypress\\e2e\\WebSoft\\Learning_testing_management\\Testing_management\\Portal_test_completion_succesfully.cy.js",
      "file": "cypress\\e2e\\WebSoft\\Learning_testing_management\\Testing_management\\Portal_test_completion_succesfully.cy.js",
      "beforeHooks": [],
      "afterHooks": [],
      "tests": [
        {
          "title": "Прохождение теста успешно",
          "fullTitle": "Прохождение теста успешно",
          "timedOut": null,
          "duration": 38849,
          "state": "passed",
          "speed": "slow",
          "pass": true,
          "fail": false,
          "pending": false,
          "context": null,
          "code": "mainCommands.openMenuItemPage('Обучение', 'WT_0x60C1FDC25AC90F53', '/education');\nmainCommands.openWidgetLearningModule('Все тесты');\ntestingManagementCommands.openAllTests();\ntestingManagementCommands.openTestPage('_Занимательная география_cypress');\nmainCommands.checkButton('Начать');\ntestingManagementCommands.openTestPlayer('Начать');\ntestingManagementCommands.completeTestSuccesfully();",
          "err": {},
          "uuid": "13ea249d-2d4d-4e8b-9797-0086d03cb5e4",
          "parentUUID": "552f535c-5573-41cc-8dba-69a23fcf71f1",
          "isHook": false,
          "skipped": false
        },
        {
          "title": "Проверка статуса",
          "fullTitle": "Проверка статуса",
          "timedOut": null,
          "duration": 12157,
          "state": "passed",
          "speed": "slow",
          "pass": true,
          "fail": false,
          "pending": false,
          "context": null,
          "code": "mainCommands.openMenuItemPage('Обучение', 'WT_0x60C1FDC25AC90F53', '/education');\nmainCommands.openWidgetLearningModule('Все тесты');\ntestingManagementCommands.openAllTests();\ntestingManagementCommands.openTestPage('_Занимательная география_cypress');\nmainCommands.findHeader('Пройден', 'WT_0x637B77422CF629BF');",
          "err": {},
          "uuid": "06bfa8ad-4445-4034-b6c3-b3398ce0e50f",
          "parentUUID": "552f535c-5573-41cc-8dba-69a23fcf71f1",
          "isHook": false,
          "skipped": false
        },
        {
          "title": "Проверка баллов",
          "fullTitle": "Проверка баллов",
          "timedOut": null,
          "duration": 11344,
          "state": "passed",
          "speed": "slow",
          "pass": true,
          "fail": false,
          "pending": false,
          "context": null,
          "code": "mainCommands.openMenuItemPage('Обучение', 'WT_0x60C1FDC25AC90F53', '/education');\nmainCommands.openWidgetLearningModule('Все тесты');\ntestingManagementCommands.openAllTests();\ntestingManagementCommands.openTestPage('_Занимательная география_cypress');\nmainCommands.findHeader('6', 'WT_0x637B774B60D76ABE');",
          "err": {},
          "uuid": "4ac783b0-0d51-48bd-9391-bc83aa38e496",
          "parentUUID": "552f535c-5573-41cc-8dba-69a23fcf71f1",
          "isHook": false,
          "skipped": false
        }
      ],
      "suites": [],
      "passes": [
        "13ea249d-2d4d-4e8b-9797-0086d03cb5e4",
        "06bfa8ad-4445-4034-b6c3-b3398ce0e50f",
        "4ac783b0-0d51-48bd-9391-bc83aa38e496"
      ],
      "failures": [],
      "pending": [],
      "skipped": [],
      "duration": 62350,
      "root": true,
      "rootEmpty": false,
      "_timeout": 2000
    }
  ],
  "meta": {
    "mocha": {
      "version": "7.0.1"
    },
    "mochawesome": {
      "options": {
        "quiet": false,
        "reportFilename": "mochawesome",
        "saveHtml": false,
        "saveJson": true,
        "consoleReporter": "spec",
        "useInlineDiffs": false,
        "code": true
      },
      "version": "7.1.3"
    },
    "marge": {
      "options": {
        "charts": true,
        "overwrite": false,
        "html": false,
        "json": true,
        "reportDir": "cypress/reports"
      },
      "version": "6.2.0"
    }
  }
}