{
  "stats": {
    "suites": 0,
    "tests": 1,
    "passes": 1,
    "pending": 0,
    "failures": 0,
    "start": "2023-04-27T15:08:08.849Z",
    "end": "2023-04-27T15:09:01.777Z",
    "duration": 52928,
    "testsRegistered": 1,
    "passPercent": 100,
    "pendingPercent": 0,
    "other": 0,
    "hasOther": false,
    "skipped": 0,
    "hasSkipped": false
  },
  "results": [
    {
      "uuid": "98ef6a7b-1cb8-4dc1-8c55-2d2cc0aa558c",
      "title": "",
      "fullFile": "cypress\\e2e\\WebSoft\\Learning_testing_management\\Testing_management\\Portal_open_test_page.cy.js",
      "file": "cypress\\e2e\\WebSoft\\Learning_testing_management\\Testing_management\\Portal_open_test_page.cy.js",
      "beforeHooks": [],
      "afterHooks": [],
      "tests": [
        {
          "title": "Переход на страницу теста",
          "fullTitle": "Переход на страницу теста",
          "timedOut": null,
          "duration": 52701,
          "state": "passed",
          "speed": "slow",
          "pass": true,
          "fail": false,
          "pending": false,
          "context": null,
          "code": "login.loginUser('spec', 'tator');\nmenuItems.openEducationPage();\nmainCommands.openWidgetLearningModule('Все тесты');\ntestingManagementCommands.openAllTests();\ntestingManagementCommands.openTestPage('Занимательная география');\nmainCommands.findHeader('Занимательная география', 'WT_0x637B492967441AAB');",
          "err": {},
          "uuid": "d0c036f4-22e5-44ae-9302-138e471a0390",
          "parentUUID": "98ef6a7b-1cb8-4dc1-8c55-2d2cc0aa558c",
          "isHook": false,
          "skipped": false
        }
      ],
      "suites": [],
      "passes": [
        "d0c036f4-22e5-44ae-9302-138e471a0390"
      ],
      "failures": [],
      "pending": [],
      "skipped": [],
      "duration": 52701,
      "root": true,
      "rootEmpty": false,
      "_timeout": 2000
    }
  ],
  "meta": {
    "mocha": {
      "version": "7.0.1"
    },
    "mochawesome": {
      "options": {
        "quiet": false,
        "reportFilename": "mochawesome",
        "saveHtml": false,
        "saveJson": true,
        "consoleReporter": "spec",
        "useInlineDiffs": false,
        "code": true
      },
      "version": "7.1.3"
    },
    "marge": {
      "options": {
        "charts": true,
        "overwrite": false,
        "html": false,
        "json": true,
        "reportDir": "cypress/reports"
      },
      "version": "6.2.0"
    }
  }
}