{
  "stats": {
    "suites": 0,
    "tests": 3,
    "passes": 3,
    "pending": 0,
    "failures": 0,
    "start": "2023-05-02T11:29:52.441Z",
    "end": "2023-05-02T11:30:49.261Z",
    "duration": 56820,
    "testsRegistered": 3,
    "passPercent": 100,
    "pendingPercent": 0,
    "other": 0,
    "hasOther": false,
    "skipped": 0,
    "hasSkipped": false
  },
  "results": [
    {
      "uuid": "5000dd4c-fd8f-4180-ab7b-149509da9318",
      "title": "",
      "fullFile": "cypress\\e2e\\WebSoft\\Learning_testing_management\\Learning_management\\Portal_event_participation_confirmation.cy.js",
      "file": "cypress\\e2e\\WebSoft\\Learning_testing_management\\Learning_management\\Portal_event_participation_confirmation.cy.js",
      "beforeHooks": [],
      "afterHooks": [],
      "tests": [
        {
          "title": "Подача индивидуальной заявки на мероприятие",
          "fullTitle": "Подача индивидуальной заявки на мероприятие",
          "timedOut": null,
          "duration": 23080,
          "state": "passed",
          "speed": "slow",
          "pass": true,
          "fail": false,
          "pending": false,
          "context": null,
          "code": "login.loginUser('MT', 'MT');\nusefulFunctions.openEventList();\nlearningManagementCommands.openObjectCard('eLearning Elements 2022', 'WT_0x612619004EF46FFE');\nmainCommands.findHeader('eLearning Elements 2022', 'WT_0x60BF6ABB064E1D0E');\nlearningManagementCommands.clickButtonApply('WT_0x60EC2139497D087C', 'Подать заявку');\nusefulFunctions.applyIndividual();\nmainCommands.clickButtonWindow('OK');",
          "err": {},
          "uuid": "bba68926-861a-4c71-a08e-2dbd92dc11e4",
          "parentUUID": "5000dd4c-fd8f-4180-ab7b-149509da9318",
          "isHook": false,
          "skipped": false
        },
        {
          "title": "Отображение заявки",
          "fullTitle": "Отображение заявки",
          "timedOut": null,
          "duration": 16505,
          "state": "passed",
          "speed": "slow",
          "pass": true,
          "fail": false,
          "pending": false,
          "context": null,
          "code": "//учитывается условие с исправленным ДО')\nlogin.loginUser('ON', 'ON');\nmainCommands.openPersonalArea('НикитаОзеров');\nmainCommands.openPersonalAreaTab('WT_0x60B893A903726D0D', 'Документы', '/requests');\nlearningManagementCommands.openApllicationsInDocuments('WT_0x6048CAA95BCD401D', 'Заявки на согласование');\nlearningManagementCommands.chooseApplication('WT_0x6048CCDB387D3E71', 'eLearning Elements 2022');\nmainCommands.findHeader('eLearning Elements 2022', 'WT_0x637CAC0B4E161AD0');\nmainCommands.clickButtonHeader('WT_0x637CAD20342B596B', 'Согласовать заявку');\nmainCommands.clickButtonWindow('Сохранить');",
          "err": {},
          "uuid": "6d908599-1292-496a-9d54-61829a0e9eac",
          "parentUUID": "5000dd4c-fd8f-4180-ab7b-149509da9318",
          "isHook": false,
          "skipped": false
        },
        {
          "title": "Подтверждение участия в мероприятии",
          "fullTitle": "Подтверждение участия в мероприятии",
          "timedOut": null,
          "duration": 17047,
          "state": "passed",
          "speed": "slow",
          "pass": true,
          "fail": false,
          "pending": false,
          "context": null,
          "code": "login.loginUser('MT', 'MT');\nusefulFunctions.openEventList();\nlearningManagementCommands.openObjectCard('eLearning Elements 2022', 'WT_0x612619004EF46FFE');\nmainCommands.findHeader('eLearning Elements 2022', 'WT_0x60BF6ABB064E1D0E');\nmainCommands.clickButtonHeader('WT_0x60EC212C11D262CD', 'Подтвердить участие');\nmainCommands.checkWindowText('[class=\"ui-dialog wt-lp-main-info ui-widget ui-widget-content ui-front ui-dialog-buttons wt-lp-wrapper-dialog\"]', 'Участие подтверждено');\nmainCommands.clickButtonWindow('OK');",
          "err": {},
          "uuid": "574ee9fe-f8a3-4e75-99d5-cb7881105a89",
          "parentUUID": "5000dd4c-fd8f-4180-ab7b-149509da9318",
          "isHook": false,
          "skipped": false
        }
      ],
      "suites": [],
      "passes": [
        "bba68926-861a-4c71-a08e-2dbd92dc11e4",
        "6d908599-1292-496a-9d54-61829a0e9eac",
        "574ee9fe-f8a3-4e75-99d5-cb7881105a89"
      ],
      "failures": [],
      "pending": [],
      "skipped": [],
      "duration": 56632,
      "root": true,
      "rootEmpty": false,
      "_timeout": 2000
    }
  ],
  "meta": {
    "mocha": {
      "version": "7.0.1"
    },
    "mochawesome": {
      "options": {
        "quiet": false,
        "reportFilename": "mochawesome",
        "saveHtml": false,
        "saveJson": true,
        "consoleReporter": "spec",
        "useInlineDiffs": false,
        "code": true
      },
      "version": "7.1.3"
    },
    "marge": {
      "options": {
        "charts": true,
        "overwrite": false,
        "html": false,
        "json": true,
        "reportDir": "cypress/reports"
      },
      "version": "6.2.0"
    }
  }
}