{
  "stats": {
    "suites": 1,
    "tests": 1,
    "passes": 1,
    "pending": 0,
    "failures": 0,
    "start": "2023-02-15T16:10:55.352Z",
    "end": "2023-02-15T16:11:02.784Z",
    "duration": 7432,
    "testsRegistered": 1,
    "passPercent": 100,
    "pendingPercent": 0,
    "other": 0,
    "hasOther": false,
    "skipped": 0,
    "hasSkipped": false
  },
  "results": [
    {
      "uuid": "69c51cd0-774f-4cdd-ad76-c01b1f081e96",
      "title": "",
      "fullFile": "cypress\\e2e\\testing_tests\\window.cy.js",
      "file": "cypress\\e2e\\testing_tests\\window.cy.js",
      "beforeHooks": [],
      "afterHooks": [],
      "tests": [],
      "suites": [
        {
          "uuid": "15cc91b0-42f9-43c9-8733-3c929440a4dc",
          "title": "Tutorialspoint Test",
          "fullFile": "",
          "file": "",
          "beforeHooks": [],
          "afterHooks": [],
          "tests": [
            {
              "title": "Scenario 1",
              "fullTitle": "Tutorialspoint Test Scenario 1",
              "timedOut": null,
              "duration": 3465,
              "state": "passed",
              "speed": "fast",
              "pass": true,
              "fail": false,
              "pending": false,
              "context": null,
              "code": "//URL launch\ncy.visit(\"https://the-internet.herokuapp.com/javascript_alerts\"); //handling prompt alert\ncy.window().then(function (p) {\n  //stubbing prompt window\n  cy.stub(p, \"prompt\").returns(\"Tutorialspoint\"); // click on Click for JS Prompt button\n  cy.get(':nth-child(3) > button').click(); // verify application message on clicking on OK\n  cy.get('#result').contains('You entered: Tutorialspoint');\n});",
              "err": {},
              "uuid": "1cef1752-af0d-4cc4-a458-5227f155363f",
              "parentUUID": "15cc91b0-42f9-43c9-8733-3c929440a4dc",
              "isHook": false,
              "skipped": false
            }
          ],
          "suites": [],
          "passes": [
            "1cef1752-af0d-4cc4-a458-5227f155363f"
          ],
          "failures": [],
          "pending": [],
          "skipped": [],
          "duration": 3465,
          "root": false,
          "rootEmpty": false,
          "_timeout": 2000
        }
      ],
      "passes": [],
      "failures": [],
      "pending": [],
      "skipped": [],
      "duration": 0,
      "root": true,
      "rootEmpty": true,
      "_timeout": 2000
    }
  ],
  "meta": {
    "mocha": {
      "version": "7.0.1"
    },
    "mochawesome": {
      "options": {
        "quiet": false,
        "reportFilename": "mochawesome",
        "saveHtml": false,
        "saveJson": true,
        "consoleReporter": "spec",
        "useInlineDiffs": false,
        "code": true
      },
      "version": "7.1.3"
    },
    "marge": {
      "options": {
        "charts": true,
        "overwrite": false,
        "html": false,
        "json": true,
        "reportDir": "cypress/reports"
      },
      "version": "6.2.0"
    }
  }
}