{
  "stats": {
    "suites": 0,
    "tests": 2,
    "passes": 1,
    "pending": 0,
    "failures": 1,
    "start": "2023-03-27T06:04:24.493Z",
    "end": "2023-03-27T06:05:42.157Z",
    "duration": 77664,
    "testsRegistered": 2,
    "passPercent": 50,
    "pendingPercent": 0,
    "other": 0,
    "hasOther": false,
    "skipped": 0,
    "hasSkipped": false
  },
  "results": [
    {
      "uuid": "0396cf11-440e-4495-865a-3926083e83e5",
      "title": "",
      "fullFile": "cypress\\e2e\\WebSoft\\Learning_testing_management\\Learning_management\\Admin_Create_Assing_e-course.check.cy.js",
      "file": "cypress\\e2e\\WebSoft\\Learning_testing_management\\Learning_management\\Admin_Create_Assing_e-course.check.cy.js",
      "beforeHooks": [],
      "afterHooks": [],
      "tests": [
        {
          "title": "Создание и назначение курса сотруднику",
          "fullTitle": "Создание и назначение курса сотруднику",
          "timedOut": null,
          "duration": 57141,
          "state": "failed",
          "speed": null,
          "pass": false,
          "fail": true,
          "pending": false,
          "context": null,
          "code": "login.loginAdmin('user1', 'user1');\ncy.xpath('/html/body/div/div/div/div[3]/div/div[1]/div[1]/div[1]/div[2]/div[2]').click();\ncy.contains('Электронные курсы').click();\ncy.contains('Новая запись').click();\ncy.xpath('/html/body/div[2]/div[2]/div[4]/div[1]/input[1]').type('12');\ncy.xpath('/html/body/div[2]/div[2]/div[4]/div[1]/input[2]').type('test');\ncy.xpath('/html/body/div[2]/div[2]/div[1]/div[4]/div/img').click();\ncy.xpath('/html/body/div/div/div/div[3]/div/div[1]/div[1]/div[1]/div[1]/div[2]/img', {\n  timeout: 10000\n}).click();\ncy.get('[class=WssListCell]').contains('Белоусова').rightclick();\ncy.contains('Назначить электронные курсы').click();\ncy.contains('test').dblclick();\ncy.contains('Применить').click();\ncy.contains('Применить', {\n  timeout: 10000\n}).click();",
          "err": {
            "message": "CypressError: Timed out retrying after 8050ms: `cy.click()` failed because this element:\n\n`<img class=\"WssImage\" src=\"/api/spxml2/get_image?url=x-local%3A//wtv/svg/pers.svg&amp;primary_color=%23000000\" style=\"display: block; width: 100%; height: 100%;\">`\n\nis being covered by another element:\n\n`<div class=\"WssPanel\" style=\"position: absolute; left: 0px; top: 1px; width: 48px; height: 48px; cursor: pointer;\">...</div>`\n\nFix this problem, or use {force: true} to disable error checking.\n\nhttps://on.cypress.io/element-cannot-be-interacted-with",
            "estack": "CypressError: Timed out retrying after 8050ms: `cy.click()` failed because this element:\n\n`<img class=\"WssImage\" src=\"/api/spxml2/get_image?url=x-local%3A//wtv/svg/pers.svg&amp;primary_color=%23000000\" style=\"display: block; width: 100%; height: 100%;\">`\n\nis being covered by another element:\n\n`<div class=\"WssPanel\" style=\"position: absolute; left: 0px; top: 1px; width: 48px; height: 48px; cursor: pointer;\">...</div>`\n\nFix this problem, or use {force: true} to disable error checking.\n\nhttps://on.cypress.io/element-cannot-be-interacted-with\n    at ensureIsDescendent (https://dev.websoft.ru:16598/__cypress/runner/cypress_runner.js:130226:76)\n    at ensureDescendents (https://dev.websoft.ru:16598/__cypress/runner/cypress_runner.js:130277:5)\n    at ensureDescendentsAndScroll (https://dev.websoft.ru:16598/__cypress/runner/cypress_runner.js:130283:14)\n    at ensureElIsNotCovered (https://dev.websoft.ru:16598/__cypress/runner/cypress_runner.js:130414:5)\n    at runAllChecks (https://dev.websoft.ru:16598/__cypress/runner/cypress_runner.js:130594:52)\n    at retryActionability (https://dev.websoft.ru:16598/__cypress/runner/cypress_runner.js:130631:16)\n    at tryCatcher (https://dev.websoft.ru:16598/__cypress/runner/cypress_runner.js:8914:23)\n    at Promise.attempt.Promise.try (https://dev.websoft.ru:16598/__cypress/runner/cypress_runner.js:6188:29)\n    at whenStable (https://dev.websoft.ru:16598/__cypress/runner/cypress_runner.js:146732:65)\n    at <unknown> (https://dev.websoft.ru:16598/__cypress/runner/cypress_runner.js:146173:14)\n    at tryCatcher (https://dev.websoft.ru:16598/__cypress/runner/cypress_runner.js:8914:23)\n    at Promise._settlePromiseFromHandler (https://dev.websoft.ru:16598/__cypress/runner/cypress_runner.js:6849:31)\n    at Promise._settlePromise (https://dev.websoft.ru:16598/__cypress/runner/cypress_runner.js:6906:18)\n    at Promise._settlePromise0 (https://dev.websoft.ru:16598/__cypress/runner/cypress_runner.js:6951:10)\n    at Promise._settlePromises (https://dev.websoft.ru:16598/__cypress/runner/cypress_runner.js:7031:18)\n    at Promise._fulfill (https://dev.websoft.ru:16598/__cypress/runner/cypress_runner.js:6975:18)\n    at <unknown> (https://dev.websoft.ru:16598/__cypress/runner/cypress_runner.js:8589:46)\nFrom Your Spec Code:\n    at Context.eval (webpack:///./cypress/e2e/WebSoft/Learning_testing_management/Learning_management/Admin_Create_Assing_e-course.check.cy.js:26:5)",
            "diff": null
          },
          "uuid": "34b56da3-a00e-48f0-a1a2-16065f9952f7",
          "parentUUID": "0396cf11-440e-4495-865a-3926083e83e5",
          "isHook": false,
          "skipped": false
        },
        {
          "title": "Отображение назначенного курса на портале у сотрудника",
          "fullTitle": "Отображение назначенного курса на портале у сотрудника",
          "timedOut": null,
          "duration": 19837,
          "state": "passed",
          "speed": "slow",
          "pass": true,
          "fail": false,
          "pending": false,
          "context": null,
          "code": "login.loginUser('BT', 'BT');\ncy.get('[class=\"WTCSS-menu-h menu menu-main\"]').contains(\"Обучение\").parent().click();\ncy.get('#WT_0x6160005D62231D06 > .wt-lp-button-wrapper > .wt-lp-wbutton-link > .wt-lp-wbutton-btn > .wt-lp-wbutton-text').click();\ncy.contains('test').should('contain', 'test');",
          "err": {},
          "uuid": "a943dd57-e74d-4ef8-a280-022fd9805b52",
          "parentUUID": "0396cf11-440e-4495-865a-3926083e83e5",
          "isHook": false,
          "skipped": false
        }
      ],
      "suites": [],
      "passes": [
        "a943dd57-e74d-4ef8-a280-022fd9805b52"
      ],
      "failures": [
        "34b56da3-a00e-48f0-a1a2-16065f9952f7"
      ],
      "pending": [],
      "skipped": [],
      "duration": 76978,
      "root": true,
      "rootEmpty": false,
      "_timeout": 2000
    }
  ],
  "meta": {
    "mocha": {
      "version": "7.0.1"
    },
    "mochawesome": {
      "options": {
        "quiet": false,
        "reportFilename": "mochawesome",
        "saveHtml": false,
        "saveJson": true,
        "consoleReporter": "spec",
        "useInlineDiffs": false,
        "code": true
      },
      "version": "7.1.3"
    },
    "marge": {
      "options": {
        "charts": true,
        "overwrite": false,
        "html": false,
        "json": true,
        "reportDir": "cypress/reports"
      },
      "version": "6.2.0"
    }
  }
}