{
  "stats": {
    "suites": 0,
    "tests": 4,
    "passes": 4,
    "pending": 0,
    "failures": 0,
    "start": "2023-04-28T06:37:35.532Z",
    "end": "2023-04-28T06:38:28.916Z",
    "duration": 53384,
    "testsRegistered": 4,
    "passPercent": 100,
    "pendingPercent": 0,
    "other": 0,
    "hasOther": false,
    "skipped": 0,
    "hasSkipped": false
  },
  "results": [
    {
      "uuid": "e96fe819-548e-406e-a6c3-b4bc252db112",
      "title": "",
      "fullFile": "cypress\\e2e\\WebSoft\\Learning_testing_management\\Learning_management\\Portal_open_course_check_button_start.cy.js",
      "file": "cypress\\e2e\\WebSoft\\Learning_testing_management\\Learning_management\\Portal_open_course_check_button_start.cy.js",
      "beforeHooks": [],
      "afterHooks": [],
      "tests": [
        {
          "title": "Проверка наличия кнопки \"начать\"",
          "fullTitle": "Проверка наличия кнопки \"начать\"",
          "timedOut": null,
          "duration": 17847,
          "state": "passed",
          "speed": "slow",
          "pass": true,
          "fail": false,
          "pending": false,
          "context": null,
          "code": "menuItems.openEducationPage();\nmainCommands.openWidgetLearningModule('Все электронные курсы');\nlearningManagementCommands.openAllCourses();\nlearningManagementCommands.openCoursePage('rise | scorm 2004-4 | slides + finish-button | passed/incomplete');\nmainCommands.checkButton('Начать');",
          "err": {},
          "uuid": "d0cd97ad-6d87-469c-9ab4-942be910e1cd",
          "parentUUID": "e96fe819-548e-406e-a6c3-b4bc252db112",
          "isHook": false,
          "skipped": false
        },
        {
          "title": "Открытие курса сотрудником на портале",
          "fullTitle": "Открытие курса сотрудником на портале",
          "timedOut": null,
          "duration": 12409,
          "state": "passed",
          "speed": "slow",
          "pass": true,
          "fail": false,
          "pending": false,
          "context": null,
          "code": "menuItems.openEducationPage();\nmainCommands.openWidgetLearningModule('Все электронные курсы');\nlearningManagementCommands.openAllCourses();\nlearningManagementCommands.openCoursePage('rise | scorm 2004-4 | slides + finish-button | passed/incomplete');\nmainCommands.checkButton('Начать');\nlearningManagementCommands.openCourse('Начать');",
          "err": {},
          "uuid": "af61222d-9af7-466a-8568-c02816fe1ef7",
          "parentUUID": "e96fe819-548e-406e-a6c3-b4bc252db112",
          "isHook": false,
          "skipped": false
        },
        {
          "title": "Проверка статуса в процессе",
          "fullTitle": "Проверка статуса в процессе",
          "timedOut": null,
          "duration": 11498,
          "state": "passed",
          "speed": "slow",
          "pass": true,
          "fail": false,
          "pending": false,
          "context": null,
          "code": "menuItems.openEducationPage();\nmainCommands.openWidgetLearningModule('Все электронные курсы');\nlearningManagementCommands.openAllCourses();\nlearningManagementCommands.openCoursePage('rise | scorm 2004-4 | slides + finish-button | passed/incomplete');\nmainCommands.findHeader('Назначен', 'WT_0x637206A63E64741F');",
          "err": {},
          "uuid": "42c6b072-6dd4-47e5-8443-4956d2558509",
          "parentUUID": "e96fe819-548e-406e-a6c3-b4bc252db112",
          "isHook": false,
          "skipped": false
        },
        {
          "title": "Проверка баллов",
          "fullTitle": "Проверка баллов",
          "timedOut": null,
          "duration": 11249,
          "state": "passed",
          "speed": "slow",
          "pass": true,
          "fail": false,
          "pending": false,
          "context": null,
          "code": "menuItems.openEducationPage();\nmainCommands.openWidgetLearningModule('Все электронные курсы');\nlearningManagementCommands.openAllCourses();\nlearningManagementCommands.openCoursePage('rise | scorm 2004-4 | slides + finish-button | passed/incomplete');\nmainCommands.findHeader('0', 'WT_0x637206AE54985ECB');",
          "err": {},
          "uuid": "227e8816-322a-438c-93cd-9bb098de6a8e",
          "parentUUID": "e96fe819-548e-406e-a6c3-b4bc252db112",
          "isHook": false,
          "skipped": false
        }
      ],
      "suites": [],
      "passes": [
        "d0cd97ad-6d87-469c-9ab4-942be910e1cd",
        "af61222d-9af7-466a-8568-c02816fe1ef7",
        "42c6b072-6dd4-47e5-8443-4956d2558509",
        "227e8816-322a-438c-93cd-9bb098de6a8e"
      ],
      "failures": [],
      "pending": [],
      "skipped": [],
      "duration": 53003,
      "root": true,
      "rootEmpty": false,
      "_timeout": 2000
    }
  ],
  "meta": {
    "mocha": {
      "version": "7.0.1"
    },
    "mochawesome": {
      "options": {
        "quiet": false,
        "reportFilename": "mochawesome",
        "saveHtml": false,
        "saveJson": true,
        "consoleReporter": "spec",
        "useInlineDiffs": false,
        "code": true
      },
      "version": "7.1.3"
    },
    "marge": {
      "options": {
        "charts": true,
        "overwrite": false,
        "html": false,
        "json": true,
        "reportDir": "cypress/reports"
      },
      "version": "6.2.0"
    }
  }
}