{
  "stats": {
    "suites": 0,
    "tests": 1,
    "passes": 0,
    "pending": 0,
    "failures": 1,
    "start": "2023-05-02T11:40:16.490Z",
    "end": "2023-05-02T11:40:38.133Z",
    "duration": 21643,
    "testsRegistered": 1,
    "passPercent": 0,
    "pendingPercent": 0,
    "other": 0,
    "hasOther": false,
    "skipped": 0,
    "hasSkipped": false
  },
  "results": [
    {
      "uuid": "28b83266-a48c-44f1-a53d-74a0d81acfd1",
      "title": "",
      "fullFile": "cypress\\e2e\\WebSoft\\Learning_testing_management\\Testing_management\\Portal_search_test.cy.js",
      "file": "cypress\\e2e\\WebSoft\\Learning_testing_management\\Testing_management\\Portal_search_test.cy.js",
      "beforeHooks": [],
      "afterHooks": [],
      "tests": [
        {
          "title": "Корректный поиск теста",
          "fullTitle": "Корректный поиск теста",
          "timedOut": null,
          "duration": 21430,
          "state": "failed",
          "speed": null,
          "pass": false,
          "fail": true,
          "pending": false,
          "context": null,
          "code": "login.loginUser('spec', 'tator');\nmainCommands.openMenuItemPage('Обучение', 'WT_0x60C1FDC25AC90F53', '/education');\nmainCommands.openWidgetLearningModule('Все тесты');\ntestingManagementCommands.openAllTests();\nmainCommands.typeInSearchField('WT_0x60F5A5280B0A2DD9', 'география');\nmainCommands.checkSearchResult('_Занимательная география_cypress', 'Знаете ли вы литературу');",
          "err": {
            "message": "CypressError: `cy.visit()` failed trying to load:\n\nhttps://dev.websoft.ru:16598/\n\nWe attempted to make an http request to this URL but the request failed without a response.\n\nWe received this error at the network level:\n\n  > Error: connect ETIMEDOUT 192.168.0.35:16598\n\nCommon situations why this would fail:\n  - you don't have internet access\n  - you forgot to run / boot your web server\n  - your web server isn't accessible\n  - you have weird network configuration settings on your computer",
            "estack": "CypressError: `cy.visit()` failed trying to load:\n\nhttps://dev.websoft.ru:16598/\n\nWe attempted to make an http request to this URL but the request failed without a response.\n\nWe received this error at the network level:\n\n  > Error: connect ETIMEDOUT 192.168.0.35:16598\n\nCommon situations why this would fail:\n  - you don't have internet access\n  - you forgot to run / boot your web server\n  - your web server isn't accessible\n  - you have weird network configuration settings on your computer\n    at <unknown> (https://dev.websoft.ru:16598/__cypress/runner/cypress_runner.js:138252:82)\n    at visitFailedByErr (https://dev.websoft.ru:16598/__cypress/runner/cypress_runner.js:137644:12)\n    at <unknown> (https://dev.websoft.ru:16598/__cypress/runner/cypress_runner.js:138251:11)\n    at tryCatcher (https://dev.websoft.ru:16598/__cypress/runner/cypress_runner.js:8914:23)\n    at Promise._settlePromiseFromHandler (https://dev.websoft.ru:16598/__cypress/runner/cypress_runner.js:6849:31)\n    at Promise._settlePromise (https://dev.websoft.ru:16598/__cypress/runner/cypress_runner.js:6906:18)\n    at Promise._settlePromise0 (https://dev.websoft.ru:16598/__cypress/runner/cypress_runner.js:6951:10)\n    at Promise._settlePromises (https://dev.websoft.ru:16598/__cypress/runner/cypress_runner.js:7027:18)\n    at _drainQueueStep (https://dev.websoft.ru:16598/__cypress/runner/cypress_runner.js:3621:12)\n    at _drainQueue (https://dev.websoft.ru:16598/__cypress/runner/cypress_runner.js:3614:9)\n    at ../../node_modules/bluebird/js/release/async.js.Async._drainQueues (https://dev.websoft.ru:16598/__cypress/runner/cypress_runner.js:3630:5)\n    at Async.drainQueues (https://dev.websoft.ru:16598/__cypress/runner/cypress_runner.js:3500:14)\nFrom Your Spec Code:\n    at Login.loginUser (webpack:///./cypress/e2e/Page_object/Login_page.cy.js:4:11)\n    at Context.eval (webpack:///./cypress/e2e/WebSoft/Learning_testing_management/Testing_management/Portal_search_test.cy.js:11:10)\n\nFrom Node.js Internals:\n  Error: connect ETIMEDOUT 192.168.0.35:16598\n      at TCPConnectWrap.afterConnect [as oncomplete] (node:net:1187:16)",
            "diff": null
          },
          "uuid": "b09b016b-9af2-4d28-8f75-f8b4f81b8b14",
          "parentUUID": "28b83266-a48c-44f1-a53d-74a0d81acfd1",
          "isHook": false,
          "skipped": false
        }
      ],
      "suites": [],
      "passes": [],
      "failures": [
        "b09b016b-9af2-4d28-8f75-f8b4f81b8b14"
      ],
      "pending": [],
      "skipped": [],
      "duration": 21430,
      "root": true,
      "rootEmpty": false,
      "_timeout": 2000
    }
  ],
  "meta": {
    "mocha": {
      "version": "7.0.1"
    },
    "mochawesome": {
      "options": {
        "quiet": false,
        "reportFilename": "mochawesome",
        "saveHtml": false,
        "saveJson": true,
        "consoleReporter": "spec",
        "useInlineDiffs": false,
        "code": true
      },
      "version": "7.1.3"
    },
    "marge": {
      "options": {
        "charts": true,
        "overwrite": false,
        "html": false,
        "json": true,
        "reportDir": "cypress/reports"
      },
      "version": "6.2.0"
    }
  }
}