{
  "stats": {
    "suites": 0,
    "tests": 3,
    "passes": 3,
    "pending": 0,
    "failures": 0,
    "start": "2023-04-28T06:40:49.128Z",
    "end": "2023-04-28T06:42:45.149Z",
    "duration": 116021,
    "testsRegistered": 3,
    "passPercent": 100,
    "pendingPercent": 0,
    "other": 0,
    "hasOther": false,
    "skipped": 0,
    "hasSkipped": false
  },
  "results": [
    {
      "uuid": "8e3adf37-c1e1-4d33-b33e-3f80d21bf199",
      "title": "",
      "fullFile": "cypress\\e2e\\WebSoft\\Learning_testing_management\\Learning_management\\Portal_submitting_group_application.cy.js",
      "file": "cypress\\e2e\\WebSoft\\Learning_testing_management\\Learning_management\\Portal_submitting_group_application.cy.js",
      "beforeHooks": [],
      "afterHooks": [],
      "tests": [
        {
          "title": "В админке выставление роли для сотрудника Администратор",
          "fullTitle": "В админке выставление роли для сотрудника Администратор",
          "timedOut": null,
          "duration": 46941,
          "state": "passed",
          "speed": "slow",
          "pass": true,
          "fail": false,
          "pending": false,
          "context": null,
          "code": "login.loginAdmin('user1', 'user1');\ncy.xpath('/html/body/div[1]/div/div/div[5]/div/div[17]/div[1]/div[2]/div[1]/div[1]/div[15]').dblclick();\ncy.xpath('/html/body/div[2]/div[2]/div[2]/div[4]/div/div[9]/div[2]').click();\ncy.xpath('/html/body/div[2]/div[2]/div[4]/div[1]/div[6]').click();\ncy.xpath('/html/body/div[3]/div/div[1]').click();\ncy.xpath('/html/body/div[2]/div[2]/div[1]/div[4]').click();",
          "err": {},
          "uuid": "eb7ea100-75a7-485c-b2da-d13dd85f710b",
          "parentUUID": "8e3adf37-c1e1-4d33-b33e-3f80d21bf199",
          "isHook": false,
          "skipped": false
        },
        {
          "title": "Подача групповой заявки на мероприятие",
          "fullTitle": "Подача групповой заявки на мероприятие",
          "timedOut": null,
          "duration": 54604,
          "state": "passed",
          "speed": "slow",
          "pass": true,
          "fail": false,
          "pending": false,
          "context": null,
          "code": "login.loginUser('ZV', 'ZV');\nusefulFunctions.openEventList();\nlearningManagementCommands.openObjectCard('Навыки работы с заемщиками', 'WT_0x612619004EF46FFE');\nmainCommands.findHeader('Навыки работы с заемщиками', 'WT_0x60BF6ABB064E1D0E');\nlearningManagementCommands.clickButtonApply('WT_0x60EC2139497D087C', 'Подать заявку');\nusefulFunctions.applyGroup();\nmainCommands.clickButtonWindow('OK');",
          "err": {},
          "uuid": "aec12c59-1790-4649-8367-3f335ccdc8cf",
          "parentUUID": "8e3adf37-c1e1-4d33-b33e-3f80d21bf199",
          "isHook": false,
          "skipped": false
        },
        {
          "title": "Отображение заявки",
          "fullTitle": "Отображение заявки",
          "timedOut": null,
          "duration": 14022,
          "state": "passed",
          "speed": "slow",
          "pass": true,
          "fail": false,
          "pending": false,
          "context": null,
          "code": "//учитывается условие с исправленным ДО')\nlogin.loginUser('IF', 'IF');\nmainCommands.openPersonalArea('ФилиппЯсенев');\nmainCommands.openPersonalAreaTab('WT_0x60B893A903726D0D', 'Документы', '/requests');\nlearningManagementCommands.openApllicationsInDocuments('WT_0x6048CAA95BCD401D', 'Заявки на согласование');\nlearningManagementCommands.chooseApplication('WT_0x6048CCDB387D3E71', 'Навыки работы с заемщиками');\nmainCommands.findHeader('Навыки работы с заемщиками', 'WT_0x637CAC0B4E161AD0');",
          "err": {},
          "uuid": "dbc32401-7b70-4968-bd3c-42b1d77948ab",
          "parentUUID": "8e3adf37-c1e1-4d33-b33e-3f80d21bf199",
          "isHook": false,
          "skipped": false
        }
      ],
      "suites": [],
      "passes": [
        "eb7ea100-75a7-485c-b2da-d13dd85f710b",
        "aec12c59-1790-4649-8367-3f335ccdc8cf",
        "dbc32401-7b70-4968-bd3c-42b1d77948ab"
      ],
      "failures": [],
      "pending": [],
      "skipped": [],
      "duration": 115567,
      "root": true,
      "rootEmpty": false,
      "_timeout": 2000
    }
  ],
  "meta": {
    "mocha": {
      "version": "7.0.1"
    },
    "mochawesome": {
      "options": {
        "quiet": false,
        "reportFilename": "mochawesome",
        "saveHtml": false,
        "saveJson": true,
        "consoleReporter": "spec",
        "useInlineDiffs": false,
        "code": true
      },
      "version": "7.1.3"
    },
    "marge": {
      "options": {
        "charts": true,
        "overwrite": false,
        "html": false,
        "json": true,
        "reportDir": "cypress/reports"
      },
      "version": "6.2.0"
    }
  }
}