{
  "stats": {
    "suites": 0,
    "tests": 1,
    "passes": 0,
    "pending": 0,
    "failures": 1,
    "start": "2023-02-15T16:08:33.356Z",
    "end": "2023-02-15T16:08:34.500Z",
    "duration": 1144,
    "testsRegistered": 1,
    "passPercent": 0,
    "pendingPercent": 0,
    "other": 0,
    "hasOther": false,
    "skipped": 0,
    "hasSkipped": false
  },
  "results": [
    {
      "uuid": "84deeb81-8fb6-4330-93c1-228b97cbd5fb",
      "title": "",
      "fullFile": "cypress\\e2e\\testing_tests\\file_upload_test.cy.js",
      "file": "cypress\\e2e\\testing_tests\\file_upload_test.cy.js",
      "beforeHooks": [],
      "afterHooks": [],
      "tests": [
        {
          "title": "file_upload",
          "fullTitle": "file_upload",
          "timedOut": null,
          "duration": 968,
          "state": "failed",
          "speed": null,
          "pass": false,
          "fail": true,
          "pending": false,
          "context": null,
          "code": "cy.visit(' http://127.0.0.1');\ncy.get('#WT_0x5FCF38E602623841 > .wt-lp-wfld-root > .wt-lp-wfld-block > .wt-lp-wfld-container > .wt-lp-wfld-wrapper > .wt-lp-wfld-fld').type('ag');\ncy.get('#WT_0x5FCF37302D4E784C > .wt-lp-wfld-root > .wt-lp-wfld-block > .wt-lp-wfld-container > .wt-lp-wfld-wrapper > .wt-lp-wfld-fld').type('ag');\ncy.contains('Вход').click();\ncy.get(':nth-child(2) > .menu-link').contains(\"Сервисы\").click();\ncy.xpath('//*[@id=\"WT_0x631729F03515608B\"]/div[2]/div/div[24]/a').click();\ncy.contains('Добавить файл').click();\ncy.get('[type=file]'); //.attachFile('example.json')",
          "err": {
            "message": "CypressError: `cy.visit()` failed trying to load:\n\n http://127.0.0.1\n\nWe attempted to make an http request to this URL but the request failed without a response.\n\nWe received this error at the network level:\n\n  > Error: connect ECONNREFUSED 127.0.0.1:80\n\nCommon situations why this would fail:\n  - you don't have internet access\n  - you forgot to run / boot your web server\n  - your web server isn't accessible\n  - you have weird network configuration settings on your computer",
            "estack": "CypressError: `cy.visit()` failed trying to load:\n\n http://127.0.0.1\n\nWe attempted to make an http request to this URL but the request failed without a response.\n\nWe received this error at the network level:\n\n  > Error: connect ECONNREFUSED 127.0.0.1:80\n\nCommon situations why this would fail:\n  - you don't have internet access\n  - you forgot to run / boot your web server\n  - your web server isn't accessible\n  - you have weird network configuration settings on your computer\n    at <unknown> (http://localhost:50441/__cypress/runner/cypress_runner.js:142407:82)\n    at visitFailedByErr (http://localhost:50441/__cypress/runner/cypress_runner.js:141695:12)\n    at <unknown> (http://localhost:50441/__cypress/runner/cypress_runner.js:142406:11)\n    at tryCatcher (http://localhost:50441/__cypress/runner/cypress_runner.js:11327:23)\n    at Promise._settlePromiseFromHandler (http://localhost:50441/__cypress/runner/cypress_runner.js:9262:31)\n    at Promise._settlePromise (http://localhost:50441/__cypress/runner/cypress_runner.js:9319:18)\n    at Promise._settlePromise0 (http://localhost:50441/__cypress/runner/cypress_runner.js:9364:10)\n    at Promise._settlePromises (http://localhost:50441/__cypress/runner/cypress_runner.js:9440:18)\n    at _drainQueueStep (http://localhost:50441/__cypress/runner/cypress_runner.js:6034:12)\n    at _drainQueue (http://localhost:50441/__cypress/runner/cypress_runner.js:6027:9)\n    at ../../node_modules/bluebird/js/release/async.js.Async._drainQueues (http://localhost:50441/__cypress/runner/cypress_runner.js:6043:5)\n    at Async.drainQueues (http://localhost:50441/__cypress/runner/cypress_runner.js:5913:14)\nFrom Your Spec Code:\n    at Context.eval (webpack:///./cypress/e2e/testing_tests/file_upload_test.cy.js:5:3)\n\nFrom Node.js Internals:\n  Error: connect ECONNREFUSED 127.0.0.1:80\n      at TCPConnectWrap.afterConnect [as oncomplete] (node:net:1187:16)",
            "diff": null
          },
          "uuid": "b06699ce-0e68-46a3-b5a7-13fc3f05bb97",
          "parentUUID": "84deeb81-8fb6-4330-93c1-228b97cbd5fb",
          "isHook": false,
          "skipped": false
        }
      ],
      "suites": [],
      "passes": [],
      "failures": [
        "b06699ce-0e68-46a3-b5a7-13fc3f05bb97"
      ],
      "pending": [],
      "skipped": [],
      "duration": 968,
      "root": true,
      "rootEmpty": false,
      "_timeout": 2000
    }
  ],
  "meta": {
    "mocha": {
      "version": "7.0.1"
    },
    "mochawesome": {
      "options": {
        "quiet": false,
        "reportFilename": "mochawesome",
        "saveHtml": false,
        "saveJson": true,
        "consoleReporter": "spec",
        "useInlineDiffs": false,
        "code": true
      },
      "version": "7.1.3"
    },
    "marge": {
      "options": {
        "charts": true,
        "overwrite": false,
        "html": false,
        "json": true,
        "reportDir": "cypress/reports"
      },
      "version": "6.2.0"
    }
  }
}