{
  "stats": {
    "suites": 0,
    "tests": 1,
    "passes": 1,
    "pending": 0,
    "failures": 0,
    "start": "2023-04-28T13:16:01.125Z",
    "end": "2023-04-28T13:16:19.012Z",
    "duration": 17887,
    "testsRegistered": 1,
    "passPercent": 100,
    "pendingPercent": 0,
    "other": 0,
    "hasOther": false,
    "skipped": 0,
    "hasSkipped": false
  },
  "results": [
    {
      "uuid": "e6889052-1be5-4262-9a93-54185f54d10f",
      "title": "",
      "fullFile": "cypress\\e2e\\WebSoft\\Learning_testing_management\\Testing_management\\Portal_open_test_page.cy.js",
      "file": "cypress\\e2e\\WebSoft\\Learning_testing_management\\Testing_management\\Portal_open_test_page.cy.js",
      "beforeHooks": [],
      "afterHooks": [],
      "tests": [
        {
          "title": "Переход на страницу теста",
          "fullTitle": "Переход на страницу теста",
          "timedOut": null,
          "duration": 17628,
          "state": "passed",
          "speed": "slow",
          "pass": true,
          "fail": false,
          "pending": false,
          "context": null,
          "code": "login.loginUser('spec', 'tator');\nmenuItems.openEducationPage();\nmainCommands.openWidgetLearningModule('Все тесты');\ntestingManagementCommands.openAllTests();\ntestingManagementCommands.openTestPage('Занимательная география');\nmainCommands.findHeader('Занимательная география', 'WT_0x637B492967441AAB');",
          "err": {},
          "uuid": "5e223ab8-bc8b-43db-8f4c-4ce30361e59d",
          "parentUUID": "e6889052-1be5-4262-9a93-54185f54d10f",
          "isHook": false,
          "skipped": false
        }
      ],
      "suites": [],
      "passes": [
        "5e223ab8-bc8b-43db-8f4c-4ce30361e59d"
      ],
      "failures": [],
      "pending": [],
      "skipped": [],
      "duration": 17628,
      "root": true,
      "rootEmpty": false,
      "_timeout": 2000
    }
  ],
  "meta": {
    "mocha": {
      "version": "7.0.1"
    },
    "mochawesome": {
      "options": {
        "quiet": false,
        "reportFilename": "mochawesome",
        "saveHtml": false,
        "saveJson": true,
        "consoleReporter": "spec",
        "useInlineDiffs": false,
        "code": true
      },
      "version": "7.1.3"
    },
    "marge": {
      "options": {
        "charts": true,
        "overwrite": false,
        "html": false,
        "json": true,
        "reportDir": "cypress/reports"
      },
      "version": "6.2.0"
    }
  }
}